-- The C compiler identification is GNU 11.4.0
-- The CXX compiler identification is GNU 11.4.0
-- Detecting C compiler ABI info
-- Detecting C compiler ABI info - done
-- Check for working C compiler: /usr/bin/cc - skipped
-- Detecting C compile features
-- Detecting C compile features - done
-- Detecting CXX compiler ABI info
-- Detecting CXX compiler ABI info - done
-- Check for working CXX compiler: /usr/bin/c++ - skipped
-- Detecting CXX compile features
-- Detecting CXX compile features - done
-- Found ament_cmake: 1.3.6 (/opt/ros/humble/share/ament_cmake/cmake)
-- Found Python3: /usr/bin/python3.10 (found version "3.10.12") found components: Interpreter 
-- Override CMake install command with custom implementation using symlinks instead of copying resources
-- Found ament_lint_auto: 0.12.9 (/opt/ros/humble/share/ament_lint_auto/cmake)
-- Added test 'flake8' to check Python code syntax and style conventions
-- Added test 'lint_cmake' to check CMake code style
-- Added test 'pep257' to check Python code against some of the docstring style conventions in PEP 257
-- Added test 'xmllint' to check XML markup files
-- Configuring done
-- Generating done
-- Build files have been written to: /home/duplicix/FRA532_LAB1_6366_6368/build/robot_control
-- Install configuration: ""
-- Execute custom install script
-- Symlinking: /home/duplicix/FRA532_LAB1_6366_6368/install/robot_control/share/robot_control/scripts/ik.py
-- Symlinking: /home/duplicix/FRA532_LAB1_6366_6368/install/robot_control/share/robot_control/scripts/purepursuit_example.py
-- Symlinking: /home/duplicix/FRA532_LAB1_6366_6368/install/robot_control/share/robot_control/scripts/purepursuit_solution.py
-- Symlinking: /home/duplicix/FRA532_LAB1_6366_6368/install/robot_control/share/robot_control/scripts/simple_controller_example.py
-- Symlinking: /home/duplicix/FRA532_LAB1_6366_6368/install/robot_control/share/robot_control/scripts/simple_controller_solution.py
-- Symlinking: /home/duplicix/FRA532_LAB1_6366_6368/install/robot_control/lib/robot_control/ik.py
-- Symlinking: /home/duplicix/FRA532_LAB1_6366_6368/install/robot_control/share/ament_index/resource_index/package_run_dependencies/robot_control
-- Symlinking: /home/duplicix/FRA532_LAB1_6366_6368/install/robot_control/share/ament_index/resource_index/parent_prefix_path/robot_control
-- Symlinking: /home/duplicix/FRA532_LAB1_6366_6368/install/robot_control/share/robot_control/environment/ament_prefix_path.sh
-- Symlinking: /home/duplicix/FRA532_LAB1_6366_6368/install/robot_control/share/robot_control/environment/ament_prefix_path.dsv
-- Symlinking: /home/duplicix/FRA532_LAB1_6366_6368/install/robot_control/share/robot_control/environment/path.sh
-- Symlinking: /home/duplicix/FRA532_LAB1_6366_6368/install/robot_control/share/robot_control/environment/path.dsv
-- Symlinking: /home/duplicix/FRA532_LAB1_6366_6368/install/robot_control/share/robot_control/local_setup.bash
-- Symlinking: /home/duplicix/FRA532_LAB1_6366_6368/install/robot_control/share/robot_control/local_setup.sh
-- Symlinking: /home/duplicix/FRA532_LAB1_6366_6368/install/robot_control/share/robot_control/local_setup.zsh
-- Symlinking: /home/duplicix/FRA532_LAB1_6366_6368/install/robot_control/share/robot_control/local_setup.dsv
-- Symlinking: /home/duplicix/FRA532_LAB1_6366_6368/install/robot_control/share/robot_control/package.dsv
-- Symlinking: /home/duplicix/FRA532_LAB1_6366_6368/install/robot_control/share/ament_index/resource_index/packages/robot_control
-- Symlinking: /home/duplicix/FRA532_LAB1_6366_6368/install/robot_control/share/robot_control/cmake/robot_controlConfig.cmake
-- Symlinking: /home/duplicix/FRA532_LAB1_6366_6368/install/robot_control/share/robot_control/cmake/robot_controlConfig-version.cmake
-- Symlinking: /home/duplicix/FRA532_LAB1_6366_6368/install/robot_control/share/robot_control/package.xml
