[0.149s] Invoking command in '/home/duplicix/FRA532_LAB1_6366_6368/build/robot_control': CMAKE_PREFIX_PATH=${CMAKE_PREFIX_PATH}:/opt/ros/humble /usr/bin/cmake /home/duplicix/FRA532_LAB1_6366_6368/src/robot_control -DAMENT_CMAKE_SYMLINK_INSTALL=1 -DCMAKE_INSTALL_PREFIX=/home/duplicix/FRA532_LAB1_6366_6368/install/robot_control
[0.200s] -- The C compiler identification is GNU 11.4.0
[0.257s] -- The CXX compiler identification is GNU 11.4.0
[0.264s] -- Detecting C compiler ABI info
[0.331s] -- Detecting C compiler ABI info - done
[0.340s] -- Check for working C compiler: /usr/bin/cc - skipped
[0.340s] -- Detecting C compile features
[0.341s] -- Detecting C compile features - done
[0.344s] -- Detecting CXX compiler ABI info
[0.424s] -- Detecting CXX compiler ABI info - done
[0.434s] -- Check for working CXX compiler: /usr/bin/c++ - skipped
[0.434s] -- Detecting CXX compile features
[0.435s] -- Detecting CXX compile features - done
[0.438s] -- Found ament_cmake: 1.3.6 (/opt/ros/humble/share/ament_cmake/cmake)
[0.617s] -- Found Python3: /usr/bin/python3.10 (found version "3.10.12") found components: Interpreter 
[0.681s] -- Override CMake install command with custom implementation using symlinks instead of copying resources
[0.712s] -- Found ament_lint_auto: 0.12.9 (/opt/ros/humble/share/ament_lint_auto/cmake)
[0.799s] -- Added test 'flake8' to check Python code syntax and style conventions
[0.800s] -- Added test 'lint_cmake' to check CMake code style
[0.800s] -- Added test 'pep257' to check Python code against some of the docstring style conventions in PEP 257
[0.802s] -- Added test 'xmllint' to check XML markup files
[0.803s] -- Configuring done
[0.806s] -- Generating done
[0.807s] -- Build files have been written to: /home/duplicix/FRA532_LAB1_6366_6368/build/robot_control
[0.815s] Invoked command in '/home/duplicix/FRA532_LAB1_6366_6368/build/robot_control' returned '0': CMAKE_PREFIX_PATH=${CMAKE_PREFIX_PATH}:/opt/ros/humble /usr/bin/cmake /home/duplicix/FRA532_LAB1_6366_6368/src/robot_control -DAMENT_CMAKE_SYMLINK_INSTALL=1 -DCMAKE_INSTALL_PREFIX=/home/duplicix/FRA532_LAB1_6366_6368/install/robot_control
[0.816s] Invoking command in '/home/duplicix/FRA532_LAB1_6366_6368/build/robot_control': CMAKE_PREFIX_PATH=${CMAKE_PREFIX_PATH}:/opt/ros/humble /usr/bin/cmake --build /home/duplicix/FRA532_LAB1_6366_6368/build/robot_control -- -j12 -l12
[0.859s] Invoked command in '/home/duplicix/FRA532_LAB1_6366_6368/build/robot_control' returned '0': CMAKE_PREFIX_PATH=${CMAKE_PREFIX_PATH}:/opt/ros/humble /usr/bin/cmake --build /home/duplicix/FRA532_LAB1_6366_6368/build/robot_control -- -j12 -l12
[0.896s] Invoking command in '/home/duplicix/FRA532_LAB1_6366_6368/build/robot_control': CMAKE_PREFIX_PATH=${CMAKE_PREFIX_PATH}:/opt/ros/humble /usr/bin/cmake --install /home/duplicix/FRA532_LAB1_6366_6368/build/robot_control
[0.908s] -- Install configuration: ""
[0.908s] -- Execute custom install script
[0.909s] -- Symlinking: /home/duplicix/FRA532_LAB1_6366_6368/install/robot_control/share/robot_control/scripts/ik.py
[0.921s] -- Symlinking: /home/duplicix/FRA532_LAB1_6366_6368/install/robot_control/share/robot_control/scripts/purepursuit_example.py
[0.931s] -- Symlinking: /home/duplicix/FRA532_LAB1_6366_6368/install/robot_control/share/robot_control/scripts/purepursuit_solution.py
[0.941s] -- Symlinking: /home/duplicix/FRA532_LAB1_6366_6368/install/robot_control/share/robot_control/scripts/simple_controller_example.py
[0.952s] -- Symlinking: /home/duplicix/FRA532_LAB1_6366_6368/install/robot_control/share/robot_control/scripts/simple_controller_solution.py
[0.963s] -- Symlinking: /home/duplicix/FRA532_LAB1_6366_6368/install/robot_control/lib/robot_control/ik.py
[0.972s] -- Symlinking: /home/duplicix/FRA532_LAB1_6366_6368/install/robot_control/share/ament_index/resource_index/package_run_dependencies/robot_control
[0.983s] -- Symlinking: /home/duplicix/FRA532_LAB1_6366_6368/install/robot_control/share/ament_index/resource_index/parent_prefix_path/robot_control
[0.992s] -- Symlinking: /home/duplicix/FRA532_LAB1_6366_6368/install/robot_control/share/robot_control/environment/ament_prefix_path.sh
[1.002s] -- Symlinking: /home/duplicix/FRA532_LAB1_6366_6368/install/robot_control/share/robot_control/environment/ament_prefix_path.dsv
[1.011s] -- Symlinking: /home/duplicix/FRA532_LAB1_6366_6368/install/robot_control/share/robot_control/environment/path.sh
[1.021s] -- Symlinking: /home/duplicix/FRA532_LAB1_6366_6368/install/robot_control/share/robot_control/environment/path.dsv
[1.030s] -- Symlinking: /home/duplicix/FRA532_LAB1_6366_6368/install/robot_control/share/robot_control/local_setup.bash
[1.039s] -- Symlinking: /home/duplicix/FRA532_LAB1_6366_6368/install/robot_control/share/robot_control/local_setup.sh
[1.049s] -- Symlinking: /home/duplicix/FRA532_LAB1_6366_6368/install/robot_control/share/robot_control/local_setup.zsh
[1.058s] -- Symlinking: /home/duplicix/FRA532_LAB1_6366_6368/install/robot_control/share/robot_control/local_setup.dsv
[1.068s] -- Symlinking: /home/duplicix/FRA532_LAB1_6366_6368/install/robot_control/share/robot_control/package.dsv
[1.077s] -- Symlinking: /home/duplicix/FRA532_LAB1_6366_6368/install/robot_control/share/ament_index/resource_index/packages/robot_control
[1.087s] -- Symlinking: /home/duplicix/FRA532_LAB1_6366_6368/install/robot_control/share/robot_control/cmake/robot_controlConfig.cmake
[1.097s] -- Symlinking: /home/duplicix/FRA532_LAB1_6366_6368/install/robot_control/share/robot_control/cmake/robot_controlConfig-version.cmake
[1.106s] -- Symlinking: /home/duplicix/FRA532_LAB1_6366_6368/install/robot_control/share/robot_control/package.xml
[1.119s] Invoked command in '/home/duplicix/FRA532_LAB1_6366_6368/build/robot_control' returned '0': CMAKE_PREFIX_PATH=${CMAKE_PREFIX_PATH}:/opt/ros/humble /usr/bin/cmake --install /home/duplicix/FRA532_LAB1_6366_6368/build/robot_control
