[0.242s] Invoking command in '/home/duplicix/FRA532_LAB1_6366_6368/build/carver_navigation': CMAKE_PREFIX_PATH=${CMAKE_PREFIX_PATH}:/opt/ros/humble /usr/bin/cmake /home/duplicix/FRA532_LAB1_6366_6368/src/carver_navigation -DAMENT_CMAKE_SYMLINK_INSTALL=1 -DCMAKE_INSTALL_PREFIX=/home/duplicix/FRA532_LAB1_6366_6368/install/carver_navigation
[0.354s] -- The C compiler identification is GNU 11.4.0
[0.438s] -- The CXX compiler identification is GNU 11.4.0
[0.448s] -- Detecting C compiler ABI info
[0.513s] -- Detecting C compiler ABI info - done
[0.527s] -- Check for working C compiler: /usr/bin/cc - skipped
[0.527s] -- Detecting C compile features
[0.528s] -- Detecting C compile features - done
[0.532s] -- Detecting CXX compiler ABI info
[0.607s] -- Detecting CXX compiler ABI info - done
[0.614s] -- Check for working CXX compiler: /usr/bin/c++ - skipped
[0.615s] -- Detecting CXX compile features
[0.615s] -- Detecting CXX compile features - done
[0.620s] -- Found ament_cmake: 1.3.6 (/opt/ros/humble/share/ament_cmake/cmake)
[0.794s] -- Found Python3: /usr/bin/python3.10 (found version "3.10.12") found components: Interpreter 
[0.858s] -- Override CMake install command with custom implementation using symlinks instead of copying resources
[0.902s] -- Found gazebo_ros_pkgs: 3.7.0 (/opt/ros/humble/share/gazebo_ros_pkgs/cmake)
[0.904s] -- Found sensor_msgs: 4.2.3 (/opt/ros/humble/share/sensor_msgs/cmake)
[0.958s] -- Found rosidl_generator_c: 3.1.5 (/opt/ros/humble/share/rosidl_generator_c/cmake)
[0.966s] -- Found rosidl_adapter: 3.1.5 (/opt/ros/humble/share/rosidl_adapter/cmake)
[0.978s] -- Found rosidl_generator_cpp: 3.1.5 (/opt/ros/humble/share/rosidl_generator_cpp/cmake)
[0.998s] -- Using all available rosidl_typesupport_c: rosidl_typesupport_fastrtps_c;rosidl_typesupport_introspection_c
[1.027s] -- Using all available rosidl_typesupport_cpp: rosidl_typesupport_fastrtps_cpp;rosidl_typesupport_introspection_cpp
[1.305s] -- Found ament_lint_auto: 0.12.9 (/opt/ros/humble/share/ament_lint_auto/cmake)
[1.386s] -- Added test 'copyright' to check source files copyright and LICENSE
[1.393s] -- Added test 'cppcheck' to perform static code analysis on C / C++ code
[1.393s] -- Configured cppcheck include dirs: 
[1.394s] -- Configured cppcheck exclude dirs and/or files: 
[1.399s] -- Added test 'cpplint' to check C / C++ code against the Google style
[1.400s] -- Configured cpplint exclude dirs and/or files: 
[1.401s] -- Added test 'flake8' to check Python code syntax and style conventions
[1.403s] -- Added test 'lint_cmake' to check CMake code style
[1.404s] -- Added test 'pep257' to check Python code against some of the docstring style conventions in PEP 257
[1.411s] -- Added test 'uncrustify' to check C / C++ code style
[1.411s] -- Configured uncrustify additional arguments: 
[1.412s] -- Added test 'xmllint' to check XML markup files
[1.414s] -- Configuring done
[1.419s] -- Generating done
[1.421s] -- Build files have been written to: /home/duplicix/FRA532_LAB1_6366_6368/build/carver_navigation
[1.427s] Invoked command in '/home/duplicix/FRA532_LAB1_6366_6368/build/carver_navigation' returned '0': CMAKE_PREFIX_PATH=${CMAKE_PREFIX_PATH}:/opt/ros/humble /usr/bin/cmake /home/duplicix/FRA532_LAB1_6366_6368/src/carver_navigation -DAMENT_CMAKE_SYMLINK_INSTALL=1 -DCMAKE_INSTALL_PREFIX=/home/duplicix/FRA532_LAB1_6366_6368/install/carver_navigation
[1.429s] Invoking command in '/home/duplicix/FRA532_LAB1_6366_6368/build/carver_navigation': CMAKE_PREFIX_PATH=${CMAKE_PREFIX_PATH}:/opt/ros/humble /usr/bin/cmake --build /home/duplicix/FRA532_LAB1_6366_6368/build/carver_navigation -- -j12 -l12
[1.473s] [ 50%] [32mBuilding CXX object CMakeFiles/pub_odom.dir/src/pub_odom.cpp.o[0m
[1.510s] [100%] [32m[1mLinking CXX executable pub_odom[0m
[1.554s] [100%] Built target pub_odom
[1.565s] Invoked command in '/home/duplicix/FRA532_LAB1_6366_6368/build/carver_navigation' returned '0': CMAKE_PREFIX_PATH=${CMAKE_PREFIX_PATH}:/opt/ros/humble /usr/bin/cmake --build /home/duplicix/FRA532_LAB1_6366_6368/build/carver_navigation -- -j12 -l12
[1.589s] Invoking command in '/home/duplicix/FRA532_LAB1_6366_6368/build/carver_navigation': CMAKE_PREFIX_PATH=${CMAKE_PREFIX_PATH}:/opt/ros/humble /usr/bin/cmake --install /home/duplicix/FRA532_LAB1_6366_6368/build/carver_navigation
[1.595s] -- Install configuration: ""
[1.596s] -- Execute custom install script
[1.596s] -- Symlinking: /home/duplicix/FRA532_LAB1_6366_6368/install/carver_navigation/lib/carver_navigation/pub_odom
[1.604s] -- Symlinking: /home/duplicix/FRA532_LAB1_6366_6368/install/carver_navigation/share/carver_navigation/config/diff_drive_controller.yaml
[1.612s] -- Symlinking: /home/duplicix/FRA532_LAB1_6366_6368/install/carver_navigation/share/carver_navigation/config/mapper_params_online_sync.yaml
[1.621s] -- Symlinking: /home/duplicix/FRA532_LAB1_6366_6368/install/carver_navigation/share/carver_navigation/config/navigation_param.yaml
[1.629s] -- Symlinking: /home/duplicix/FRA532_LAB1_6366_6368/install/carver_navigation/share/carver_navigation/launch/robot_state_publisher.launch.py
[1.637s] -- Symlinking: /home/duplicix/FRA532_LAB1_6366_6368/install/carver_navigation/share/carver_navigation/launch/vmegarover_mapping.launch.py
[1.644s] -- Symlinking: /home/duplicix/FRA532_LAB1_6366_6368/install/carver_navigation/share/carver_navigation/launch/vmegarover_navigation.launch.py
[1.652s] -- Symlinking: /home/duplicix/FRA532_LAB1_6366_6368/install/carver_navigation/share/carver_navigation/launch/vmegarover_save_map.launch.py
[1.660s] -- Symlinking: /home/duplicix/FRA532_LAB1_6366_6368/install/carver_navigation/share/carver_navigation/launch/vmegarover_with_empty_world.launch.py
[1.668s] -- Symlinking: /home/duplicix/FRA532_LAB1_6366_6368/install/carver_navigation/share/carver_navigation/launch/vmegarover_with_sample_world.launch.py
[1.677s] -- Symlinking: /home/duplicix/FRA532_LAB1_6366_6368/install/carver_navigation/share/carver_navigation/maps/vmegarover_samplemap.pgm
[1.685s] -- Symlinking: /home/duplicix/FRA532_LAB1_6366_6368/install/carver_navigation/share/carver_navigation/maps/vmegarover_samplemap.yaml
[1.693s] -- Symlinking: /home/duplicix/FRA532_LAB1_6366_6368/install/carver_navigation/share/carver_navigation/maps/vmegarover_samplemap1.pgm
[1.702s] -- Symlinking: /home/duplicix/FRA532_LAB1_6366_6368/install/carver_navigation/share/carver_navigation/maps/vmegarover_samplemap1.yaml
[1.711s] -- Symlinking: /home/duplicix/FRA532_LAB1_6366_6368/install/carver_navigation/share/carver_navigation/models/vmegarover/meshes/dae/lrf.dae
[1.719s] -- Symlinking: /home/duplicix/FRA532_LAB1_6366_6368/install/carver_navigation/share/carver_navigation/models/vmegarover/meshes/dae/main_body.dae
[1.727s] -- Symlinking: /home/duplicix/FRA532_LAB1_6366_6368/install/carver_navigation/share/carver_navigation/models/vmegarover/meshes/dae/megarover.dae
[1.735s] -- Symlinking: /home/duplicix/FRA532_LAB1_6366_6368/install/carver_navigation/share/carver_navigation/models/vmegarover/meshes/dae/r5.png
[1.743s] -- Symlinking: /home/duplicix/FRA532_LAB1_6366_6368/install/carver_navigation/share/carver_navigation/models/vmegarover/meshes/dae/r5_lrf.png
[1.751s] -- Symlinking: /home/duplicix/FRA532_LAB1_6366_6368/install/carver_navigation/share/carver_navigation/models/vmegarover/meshes/dae/vmega_body.dae
[1.759s] -- Symlinking: /home/duplicix/FRA532_LAB1_6366_6368/install/carver_navigation/share/carver_navigation/models/vmegarover/meshes/dae/vmega_wheel.dae
[1.768s] -- Symlinking: /home/duplicix/FRA532_LAB1_6366_6368/install/carver_navigation/share/carver_navigation/models/vmegarover/meshes/stl/lrf.stl
[1.776s] -- Symlinking: /home/duplicix/FRA532_LAB1_6366_6368/install/carver_navigation/share/carver_navigation/models/vmegarover/meshes/stl/megarover.stl
[1.784s] -- Symlinking: /home/duplicix/FRA532_LAB1_6366_6368/install/carver_navigation/share/carver_navigation/models/vmegarover/meshes/stl/vmega_body.stl
[1.792s] -- Symlinking: /home/duplicix/FRA532_LAB1_6366_6368/install/carver_navigation/share/carver_navigation/models/vmegarover/meshes/stl/vmega_wheel.stl
[1.800s] -- Symlinking: /home/duplicix/FRA532_LAB1_6366_6368/install/carver_navigation/share/carver_navigation/robots/vmegarover.urdf.xacro
[1.808s] -- Symlinking: /home/duplicix/FRA532_LAB1_6366_6368/install/carver_navigation/share/carver_navigation/rviz/mapping.rviz
[1.817s] -- Symlinking: /home/duplicix/FRA532_LAB1_6366_6368/install/carver_navigation/share/carver_navigation/rviz/navigation.rviz
[1.825s] -- Symlinking: /home/duplicix/FRA532_LAB1_6366_6368/install/carver_navigation/share/carver_navigation/rviz/test.rviz
[1.833s] -- Symlinking: /home/duplicix/FRA532_LAB1_6366_6368/install/carver_navigation/share/carver_navigation/scripts/create_fix_urdf.py
[1.841s] -- Symlinking: /home/duplicix/FRA532_LAB1_6366_6368/install/carver_navigation/share/carver_navigation/urdf/body/body.gazebo.xacro
[1.849s] -- Symlinking: /home/duplicix/FRA532_LAB1_6366_6368/install/carver_navigation/share/carver_navigation/urdf/body/vbody.urdf.xacro
[1.857s] -- Symlinking: /home/duplicix/FRA532_LAB1_6366_6368/install/carver_navigation/share/carver_navigation/urdf/common.xacro
[1.865s] -- Symlinking: /home/duplicix/FRA532_LAB1_6366_6368/install/carver_navigation/share/carver_navigation/urdf/lrf/lrf.gazebo.xacro
[1.873s] -- Symlinking: /home/duplicix/FRA532_LAB1_6366_6368/install/carver_navigation/share/carver_navigation/urdf/lrf/lrf.urdf.xacro
[1.882s] -- Symlinking: /home/duplicix/FRA532_LAB1_6366_6368/install/carver_navigation/share/carver_navigation/urdf/wheel/vwheel.urdf.xacro
[1.892s] -- Symlinking: /home/duplicix/FRA532_LAB1_6366_6368/install/carver_navigation/share/carver_navigation/urdf/wheel/wheel.gazebo.xacro
[1.904s] -- Symlinking: /home/duplicix/FRA532_LAB1_6366_6368/install/carver_navigation/share/carver_navigation/worlds/vmegarover_sample.world
[1.914s] -- Symlinking: /home/duplicix/FRA532_LAB1_6366_6368/install/carver_navigation/share/ament_index/resource_index/package_run_dependencies/carver_navigation
[1.924s] -- Symlinking: /home/duplicix/FRA532_LAB1_6366_6368/install/carver_navigation/share/ament_index/resource_index/parent_prefix_path/carver_navigation
[1.933s] -- Symlinking: /home/duplicix/FRA532_LAB1_6366_6368/install/carver_navigation/share/carver_navigation/environment/ament_prefix_path.sh
[1.941s] -- Symlinking: /home/duplicix/FRA532_LAB1_6366_6368/install/carver_navigation/share/carver_navigation/environment/ament_prefix_path.dsv
[1.950s] -- Symlinking: /home/duplicix/FRA532_LAB1_6366_6368/install/carver_navigation/share/carver_navigation/environment/path.sh
[1.958s] -- Symlinking: /home/duplicix/FRA532_LAB1_6366_6368/install/carver_navigation/share/carver_navigation/environment/path.dsv
[1.966s] -- Symlinking: /home/duplicix/FRA532_LAB1_6366_6368/install/carver_navigation/share/carver_navigation/local_setup.bash
[1.974s] -- Symlinking: /home/duplicix/FRA532_LAB1_6366_6368/install/carver_navigation/share/carver_navigation/local_setup.sh
[1.983s] -- Symlinking: /home/duplicix/FRA532_LAB1_6366_6368/install/carver_navigation/share/carver_navigation/local_setup.zsh
[1.990s] -- Symlinking: /home/duplicix/FRA532_LAB1_6366_6368/install/carver_navigation/share/carver_navigation/local_setup.dsv
[1.999s] -- Symlinking: /home/duplicix/FRA532_LAB1_6366_6368/install/carver_navigation/share/carver_navigation/package.dsv
[2.007s] -- Symlinking: /home/duplicix/FRA532_LAB1_6366_6368/install/carver_navigation/share/ament_index/resource_index/packages/carver_navigation
[2.015s] -- Symlinking: /home/duplicix/FRA532_LAB1_6366_6368/install/carver_navigation/share/carver_navigation/cmake/carver_navigationConfig.cmake
[2.023s] -- Symlinking: /home/duplicix/FRA532_LAB1_6366_6368/install/carver_navigation/share/carver_navigation/cmake/carver_navigationConfig-version.cmake
[2.031s] -- Symlinking: /home/duplicix/FRA532_LAB1_6366_6368/install/carver_navigation/share/carver_navigation/package.xml
[2.041s] Invoked command in '/home/duplicix/FRA532_LAB1_6366_6368/build/carver_navigation' returned '0': CMAKE_PREFIX_PATH=${CMAKE_PREFIX_PATH}:/opt/ros/humble /usr/bin/cmake --install /home/duplicix/FRA532_LAB1_6366_6368/build/carver_navigation
