[0.090s] Invoking command in '/home/duplicix/FRA532_LAB1_6366_6368/build/ur5_ros2_gazebo': CMAKE_PREFIX_PATH=${CMAKE_PREFIX_PATH}:/opt/ros/humble /usr/bin/cmake /home/duplicix/FRA532_LAB1_6366_6368/src/ur5_ros2_gazebo -DAMENT_CMAKE_SYMLINK_INSTALL=1 -DCMAKE_INSTALL_PREFIX=/home/duplicix/FRA532_LAB1_6366_6368/install/ur5_ros2_gazebo
[0.198s] -- The C compiler identification is GNU 11.4.0
[0.281s] -- The CXX compiler identification is GNU 11.4.0
[0.291s] -- Detecting C compiler ABI info
[0.356s] -- Detecting C compiler ABI info - done
[0.363s] -- Check for working C compiler: /usr/bin/cc - skipped
[0.364s] -- Detecting C compile features
[0.364s] -- Detecting C compile features - done
[0.368s] -- Detecting CXX compiler ABI info
[0.444s] -- Detecting CXX compiler ABI info - done
[0.458s] -- Check for working CXX compiler: /usr/bin/c++ - skipped
[0.458s] -- Detecting CXX compile features
[0.458s] -- Detecting CXX compile features - done
[0.463s] -- Found ament_cmake: 1.3.6 (/opt/ros/humble/share/ament_cmake/cmake)
[0.637s] -- Found Python3: /usr/bin/python3.10 (found version "3.10.12") found components: Interpreter 
[0.701s] -- Override CMake install command with custom implementation using symlinks instead of copying resources
[0.745s] -- Found ament_lint_auto: 0.12.9 (/opt/ros/humble/share/ament_lint_auto/cmake)
[0.830s] -- Added test 'copyright' to check source files copyright and LICENSE
[0.863s] -- Added test 'flake8' to check Python code syntax and style conventions
[0.867s] -- Added test 'lint_cmake' to check CMake code style
[0.870s] -- Added test 'pep257' to check Python code against some of the docstring style conventions in PEP 257
[0.888s] -- Added test 'xmllint' to check XML markup files
[0.890s] -- Configuring done
[0.894s] -- Generating done
[0.895s] -- Build files have been written to: /home/duplicix/FRA532_LAB1_6366_6368/build/ur5_ros2_gazebo
[0.900s] Invoked command in '/home/duplicix/FRA532_LAB1_6366_6368/build/ur5_ros2_gazebo' returned '0': CMAKE_PREFIX_PATH=${CMAKE_PREFIX_PATH}:/opt/ros/humble /usr/bin/cmake /home/duplicix/FRA532_LAB1_6366_6368/src/ur5_ros2_gazebo -DAMENT_CMAKE_SYMLINK_INSTALL=1 -DCMAKE_INSTALL_PREFIX=/home/duplicix/FRA532_LAB1_6366_6368/install/ur5_ros2_gazebo
[0.902s] Invoking command in '/home/duplicix/FRA532_LAB1_6366_6368/build/ur5_ros2_gazebo': CMAKE_PREFIX_PATH=${CMAKE_PREFIX_PATH}:/opt/ros/humble /usr/bin/cmake --build /home/duplicix/FRA532_LAB1_6366_6368/build/ur5_ros2_gazebo -- -j12 -l12
[0.937s] Invoked command in '/home/duplicix/FRA532_LAB1_6366_6368/build/ur5_ros2_gazebo' returned '0': CMAKE_PREFIX_PATH=${CMAKE_PREFIX_PATH}:/opt/ros/humble /usr/bin/cmake --build /home/duplicix/FRA532_LAB1_6366_6368/build/ur5_ros2_gazebo -- -j12 -l12
[0.958s] Invoking command in '/home/duplicix/FRA532_LAB1_6366_6368/build/ur5_ros2_gazebo': CMAKE_PREFIX_PATH=${CMAKE_PREFIX_PATH}:/opt/ros/humble /usr/bin/cmake --install /home/duplicix/FRA532_LAB1_6366_6368/build/ur5_ros2_gazebo
[0.965s] -- Install configuration: ""
[0.965s] -- Execute custom install script
[0.966s] -- Symlinking: /home/duplicix/FRA532_LAB1_6366_6368/install/ur5_ros2_gazebo/share/ur5_ros2_gazebo/config/default_kinematics.yaml
[0.974s] -- Symlinking: /home/duplicix/FRA532_LAB1_6366_6368/install/ur5_ros2_gazebo/share/ur5_ros2_gazebo/config/initial_positions.yaml
[0.982s] -- Symlinking: /home/duplicix/FRA532_LAB1_6366_6368/install/ur5_ros2_gazebo/share/ur5_ros2_gazebo/config/joint_limits.yaml
[0.991s] -- Symlinking: /home/duplicix/FRA532_LAB1_6366_6368/install/ur5_ros2_gazebo/share/ur5_ros2_gazebo/config/physical_parameters.yaml
[1.000s] -- Symlinking: /home/duplicix/FRA532_LAB1_6366_6368/install/ur5_ros2_gazebo/share/ur5_ros2_gazebo/config/ur5_controller.yaml
[1.008s] -- Symlinking: /home/duplicix/FRA532_LAB1_6366_6368/install/ur5_ros2_gazebo/share/ur5_ros2_gazebo/config/visual_parameters.yaml
[1.017s] -- Symlinking: /home/duplicix/FRA532_LAB1_6366_6368/install/ur5_ros2_gazebo/share/ur5_ros2_gazebo/launch/ur5_simulation.launch.py
[1.025s] -- Symlinking: /home/duplicix/FRA532_LAB1_6366_6368/install/ur5_ros2_gazebo/share/ur5_ros2_gazebo/urdf/inertial_macros.xacro
[1.033s] -- Symlinking: /home/duplicix/FRA532_LAB1_6366_6368/install/ur5_ros2_gazebo/share/ur5_ros2_gazebo/urdf/ur5.urdf.xacro
[1.042s] -- Symlinking: /home/duplicix/FRA532_LAB1_6366_6368/install/ur5_ros2_gazebo/share/ur5_ros2_gazebo/urdf/ur5_common.xacro
[1.050s] -- Symlinking: /home/duplicix/FRA532_LAB1_6366_6368/install/ur5_ros2_gazebo/share/ur5_ros2_gazebo/urdf/ur5_macro.urdf.xacro
[1.059s] -- Symlinking: /home/duplicix/FRA532_LAB1_6366_6368/install/ur5_ros2_gazebo/share/ur5_ros2_gazebo/urdf/ur5_ros2control.xacro
[1.068s] -- Symlinking: /home/duplicix/FRA532_LAB1_6366_6368/install/ur5_ros2_gazebo/share/ur5_ros2_gazebo/urdf/ur5_transmission.xacro
[1.078s] -- Symlinking: /home/duplicix/FRA532_LAB1_6366_6368/install/ur5_ros2_gazebo/share/ur5_ros2_gazebo/worlds/neo_track1.world
[1.087s] -- Symlinking: /home/duplicix/FRA532_LAB1_6366_6368/install/ur5_ros2_gazebo/share/ur5_ros2_gazebo/worlds/pal_office.world
[1.097s] -- Symlinking: /home/duplicix/FRA532_LAB1_6366_6368/install/ur5_ros2_gazebo/share/ur5_ros2_gazebo/worlds/ur5.world
[1.107s] -- Symlinking: /home/duplicix/FRA532_LAB1_6366_6368/install/ur5_ros2_gazebo/share/ur5_ros2_gazebo/meshes/collision/Carver-Mun-M2-2.stl
[1.116s] -- Symlinking: /home/duplicix/FRA532_LAB1_6366_6368/install/ur5_ros2_gazebo/share/ur5_ros2_gazebo/meshes/collision/base.stl
[1.126s] -- Symlinking: /home/duplicix/FRA532_LAB1_6366_6368/install/ur5_ros2_gazebo/share/ur5_ros2_gazebo/meshes/collision/finger.stl
[1.135s] -- Symlinking: /home/duplicix/FRA532_LAB1_6366_6368/install/ur5_ros2_gazebo/share/ur5_ros2_gazebo/meshes/collision/finger_neutral.stl
[1.144s] -- Symlinking: /home/duplicix/FRA532_LAB1_6366_6368/install/ur5_ros2_gazebo/share/ur5_ros2_gazebo/meshes/collision/forearm.stl
[1.152s] -- Symlinking: /home/duplicix/FRA532_LAB1_6366_6368/install/ur5_ros2_gazebo/share/ur5_ros2_gazebo/meshes/collision/hand.stl
[1.161s] -- Symlinking: /home/duplicix/FRA532_LAB1_6366_6368/install/ur5_ros2_gazebo/share/ur5_ros2_gazebo/meshes/collision/mir_100_base.stl
[1.169s] -- Symlinking: /home/duplicix/FRA532_LAB1_6366_6368/install/ur5_ros2_gazebo/share/ur5_ros2_gazebo/meshes/collision/shoulder.stl
[1.177s] -- Symlinking: /home/duplicix/FRA532_LAB1_6366_6368/install/ur5_ros2_gazebo/share/ur5_ros2_gazebo/meshes/collision/upperarm.stl
[1.185s] -- Symlinking: /home/duplicix/FRA532_LAB1_6366_6368/install/ur5_ros2_gazebo/share/ur5_ros2_gazebo/meshes/collision/wrist1.stl
[1.194s] -- Symlinking: /home/duplicix/FRA532_LAB1_6366_6368/install/ur5_ros2_gazebo/share/ur5_ros2_gazebo/meshes/collision/wrist2.stl
[1.202s] -- Symlinking: /home/duplicix/FRA532_LAB1_6366_6368/install/ur5_ros2_gazebo/share/ur5_ros2_gazebo/meshes/collision/wrist3.stl
[1.211s] -- Symlinking: /home/duplicix/FRA532_LAB1_6366_6368/install/ur5_ros2_gazebo/share/ur5_ros2_gazebo/meshes/visual/Carver-Mun-M2-2.dae
[1.219s] -- Symlinking: /home/duplicix/FRA532_LAB1_6366_6368/install/ur5_ros2_gazebo/share/ur5_ros2_gazebo/meshes/visual/base.dae
[1.228s] -- Symlinking: /home/duplicix/FRA532_LAB1_6366_6368/install/ur5_ros2_gazebo/share/ur5_ros2_gazebo/meshes/visual/d455.stl
[1.237s] -- Symlinking: /home/duplicix/FRA532_LAB1_6366_6368/install/ur5_ros2_gazebo/share/ur5_ros2_gazebo/meshes/visual/finger.dae
[1.247s] -- Symlinking: /home/duplicix/FRA532_LAB1_6366_6368/install/ur5_ros2_gazebo/share/ur5_ros2_gazebo/meshes/visual/finger_neutral.dae
[1.256s] -- Symlinking: /home/duplicix/FRA532_LAB1_6366_6368/install/ur5_ros2_gazebo/share/ur5_ros2_gazebo/meshes/visual/forearm.dae
[1.265s] -- Symlinking: /home/duplicix/FRA532_LAB1_6366_6368/install/ur5_ros2_gazebo/share/ur5_ros2_gazebo/meshes/visual/hand.dae
[1.274s] -- Symlinking: /home/duplicix/FRA532_LAB1_6366_6368/install/ur5_ros2_gazebo/share/ur5_ros2_gazebo/meshes/visual/mir_100_base.stl
[1.282s] -- Symlinking: /home/duplicix/FRA532_LAB1_6366_6368/install/ur5_ros2_gazebo/share/ur5_ros2_gazebo/meshes/visual/shoulder.dae
[1.290s] -- Symlinking: /home/duplicix/FRA532_LAB1_6366_6368/install/ur5_ros2_gazebo/share/ur5_ros2_gazebo/meshes/visual/upperarm.dae
[1.298s] -- Symlinking: /home/duplicix/FRA532_LAB1_6366_6368/install/ur5_ros2_gazebo/share/ur5_ros2_gazebo/meshes/visual/wrist1.dae
[1.306s] -- Symlinking: /home/duplicix/FRA532_LAB1_6366_6368/install/ur5_ros2_gazebo/share/ur5_ros2_gazebo/meshes/visual/wrist2.dae
[1.314s] -- Symlinking: /home/duplicix/FRA532_LAB1_6366_6368/install/ur5_ros2_gazebo/share/ur5_ros2_gazebo/meshes/visual/wrist3.dae
[1.325s] -- Symlinking: /home/duplicix/FRA532_LAB1_6366_6368/install/ur5_ros2_gazebo/share/ur5_ros2_gazebo/models/Ar_tag.dae
[1.334s] -- Symlinking: /home/duplicix/FRA532_LAB1_6366_6368/install/ur5_ros2_gazebo/share/ur5_ros2_gazebo/models/Ar_tags/materials/scripts/ar_tag.material
[1.342s] -- Symlinking: /home/duplicix/FRA532_LAB1_6366_6368/install/ur5_ros2_gazebo/share/ur5_ros2_gazebo/models/Ar_tags/materials/textures/MarkerData_2.png
[1.351s] -- Symlinking: /home/duplicix/FRA532_LAB1_6366_6368/install/ur5_ros2_gazebo/share/ur5_ros2_gazebo/models/Ar_tags/meshes/Ar_tag.dae
[1.359s] -- Symlinking: /home/duplicix/FRA532_LAB1_6366_6368/install/ur5_ros2_gazebo/share/ur5_ros2_gazebo/models/Ar_tags/model.config
[1.367s] -- Symlinking: /home/duplicix/FRA532_LAB1_6366_6368/install/ur5_ros2_gazebo/share/ur5_ros2_gazebo/models/Ar_tags/model.sdf
[1.376s] -- Symlinking: /home/duplicix/FRA532_LAB1_6366_6368/install/ur5_ros2_gazebo/share/ur5_ros2_gazebo/models/Ar_tags_nr11/materials/scripts/ar_tag.material
[1.385s] -- Symlinking: /home/duplicix/FRA532_LAB1_6366_6368/install/ur5_ros2_gazebo/share/ur5_ros2_gazebo/models/Ar_tags_nr11/materials/textures/MarkerData_11.png
[1.393s] -- Symlinking: /home/duplicix/FRA532_LAB1_6366_6368/install/ur5_ros2_gazebo/share/ur5_ros2_gazebo/models/Ar_tags_nr11/meshes/Ar_tag_nr11.dae
[1.401s] -- Symlinking: /home/duplicix/FRA532_LAB1_6366_6368/install/ur5_ros2_gazebo/share/ur5_ros2_gazebo/models/Ar_tags_nr11/meshes/plate.blend
[1.409s] -- Symlinking: /home/duplicix/FRA532_LAB1_6366_6368/install/ur5_ros2_gazebo/share/ur5_ros2_gazebo/models/Ar_tags_nr11/model.config
[1.416s] -- Symlinking: /home/duplicix/FRA532_LAB1_6366_6368/install/ur5_ros2_gazebo/share/ur5_ros2_gazebo/models/Ar_tags_nr11/model.sdf
[1.424s] -- Symlinking: /home/duplicix/FRA532_LAB1_6366_6368/install/ur5_ros2_gazebo/share/ur5_ros2_gazebo/models/Ar_tags_nr12/materials/scripts/ar_tag.material
[1.433s] -- Symlinking: /home/duplicix/FRA532_LAB1_6366_6368/install/ur5_ros2_gazebo/share/ur5_ros2_gazebo/models/Ar_tags_nr12/materials/textures/MarkerData_12.png
[1.441s] -- Symlinking: /home/duplicix/FRA532_LAB1_6366_6368/install/ur5_ros2_gazebo/share/ur5_ros2_gazebo/models/Ar_tags_nr12/meshes/Ar_tag_nr12.dae
[1.448s] -- Symlinking: /home/duplicix/FRA532_LAB1_6366_6368/install/ur5_ros2_gazebo/share/ur5_ros2_gazebo/models/Ar_tags_nr12/meshes/plate.blend
[1.455s] -- Symlinking: /home/duplicix/FRA532_LAB1_6366_6368/install/ur5_ros2_gazebo/share/ur5_ros2_gazebo/models/Ar_tags_nr12/model.config
[1.464s] -- Symlinking: /home/duplicix/FRA532_LAB1_6366_6368/install/ur5_ros2_gazebo/share/ur5_ros2_gazebo/models/Ar_tags_nr12/model.sdf
[1.471s] -- Symlinking: /home/duplicix/FRA532_LAB1_6366_6368/install/ur5_ros2_gazebo/share/ur5_ros2_gazebo/models/Ar_tags_nr13/materials/scripts/ar_tag.material
[1.480s] -- Symlinking: /home/duplicix/FRA532_LAB1_6366_6368/install/ur5_ros2_gazebo/share/ur5_ros2_gazebo/models/Ar_tags_nr13/materials/textures/MarkerData_13.png
[1.488s] -- Symlinking: /home/duplicix/FRA532_LAB1_6366_6368/install/ur5_ros2_gazebo/share/ur5_ros2_gazebo/models/Ar_tags_nr13/meshes/Ar_tag_nr13.dae
[1.496s] -- Symlinking: /home/duplicix/FRA532_LAB1_6366_6368/install/ur5_ros2_gazebo/share/ur5_ros2_gazebo/models/Ar_tags_nr13/meshes/plate.blend
[1.504s] -- Symlinking: /home/duplicix/FRA532_LAB1_6366_6368/install/ur5_ros2_gazebo/share/ur5_ros2_gazebo/models/Ar_tags_nr13/model.config
[1.511s] -- Symlinking: /home/duplicix/FRA532_LAB1_6366_6368/install/ur5_ros2_gazebo/share/ur5_ros2_gazebo/models/Ar_tags_nr13/model.sdf
[1.520s] -- Symlinking: /home/duplicix/FRA532_LAB1_6366_6368/install/ur5_ros2_gazebo/share/ur5_ros2_gazebo/models/Ar_tags_nr2/materials/scripts/ar_tag.material
[1.529s] -- Symlinking: /home/duplicix/FRA532_LAB1_6366_6368/install/ur5_ros2_gazebo/share/ur5_ros2_gazebo/models/Ar_tags_nr2/materials/textures/MarkerData_10.png
[1.537s] -- Symlinking: /home/duplicix/FRA532_LAB1_6366_6368/install/ur5_ros2_gazebo/share/ur5_ros2_gazebo/models/Ar_tags_nr2/materials/textures/MarkerData_2.png
[1.545s] -- Symlinking: /home/duplicix/FRA532_LAB1_6366_6368/install/ur5_ros2_gazebo/share/ur5_ros2_gazebo/models/Ar_tags_nr2/materials/textures/qrcode.png
[1.554s] -- Symlinking: /home/duplicix/FRA532_LAB1_6366_6368/install/ur5_ros2_gazebo/share/ur5_ros2_gazebo/models/Ar_tags_nr2/materials/textures/qrcode1.png
[1.562s] -- Symlinking: /home/duplicix/FRA532_LAB1_6366_6368/install/ur5_ros2_gazebo/share/ur5_ros2_gazebo/models/Ar_tags_nr2/meshes/Ar_tag.dae
[1.570s] -- Symlinking: /home/duplicix/FRA532_LAB1_6366_6368/install/ur5_ros2_gazebo/share/ur5_ros2_gazebo/models/Ar_tags_nr2/meshes/Ar_tag_nr2.dae
[1.579s] -- Symlinking: /home/duplicix/FRA532_LAB1_6366_6368/install/ur5_ros2_gazebo/share/ur5_ros2_gazebo/models/Ar_tags_nr2/meshes/plate.blend
[1.586s] -- Symlinking: /home/duplicix/FRA532_LAB1_6366_6368/install/ur5_ros2_gazebo/share/ur5_ros2_gazebo/models/Ar_tags_nr2/model.config
[1.594s] -- Symlinking: /home/duplicix/FRA532_LAB1_6366_6368/install/ur5_ros2_gazebo/share/ur5_ros2_gazebo/models/Ar_tags_nr2/model.sdf
[1.603s] -- Symlinking: /home/duplicix/FRA532_LAB1_6366_6368/install/ur5_ros2_gazebo/share/ur5_ros2_gazebo/models/Ar_tags_nr8/materials/scripts/ar_tag.material
[1.611s] -- Symlinking: /home/duplicix/FRA532_LAB1_6366_6368/install/ur5_ros2_gazebo/share/ur5_ros2_gazebo/models/Ar_tags_nr8/materials/textures/MarkerData_8.png
[1.619s] -- Symlinking: /home/duplicix/FRA532_LAB1_6366_6368/install/ur5_ros2_gazebo/share/ur5_ros2_gazebo/models/Ar_tags_nr8/meshes/Ar_tag_nr8.dae
[1.627s] -- Symlinking: /home/duplicix/FRA532_LAB1_6366_6368/install/ur5_ros2_gazebo/share/ur5_ros2_gazebo/models/Ar_tags_nr8/meshes/plate.blend
[1.635s] -- Symlinking: /home/duplicix/FRA532_LAB1_6366_6368/install/ur5_ros2_gazebo/share/ur5_ros2_gazebo/models/Ar_tags_nr8/model.config
[1.643s] -- Symlinking: /home/duplicix/FRA532_LAB1_6366_6368/install/ur5_ros2_gazebo/share/ur5_ros2_gazebo/models/Ar_tags_nr8/model.sdf
[1.651s] -- Symlinking: /home/duplicix/FRA532_LAB1_6366_6368/install/ur5_ros2_gazebo/share/ur5_ros2_gazebo/models/Ar_tags_nr9/materials/scripts/ar_tag.material
[1.660s] -- Symlinking: /home/duplicix/FRA532_LAB1_6366_6368/install/ur5_ros2_gazebo/share/ur5_ros2_gazebo/models/Ar_tags_nr9/materials/textures/MarkerData_10.png
[1.668s] -- Symlinking: /home/duplicix/FRA532_LAB1_6366_6368/install/ur5_ros2_gazebo/share/ur5_ros2_gazebo/models/Ar_tags_nr9/materials/textures/MarkerData_2.png
[1.676s] -- Symlinking: /home/duplicix/FRA532_LAB1_6366_6368/install/ur5_ros2_gazebo/share/ur5_ros2_gazebo/models/Ar_tags_nr9/materials/textures/MarkerData_9.png
[1.684s] -- Symlinking: /home/duplicix/FRA532_LAB1_6366_6368/install/ur5_ros2_gazebo/share/ur5_ros2_gazebo/models/Ar_tags_nr9/materials/textures/qrcode.png
[1.692s] -- Symlinking: /home/duplicix/FRA532_LAB1_6366_6368/install/ur5_ros2_gazebo/share/ur5_ros2_gazebo/models/Ar_tags_nr9/materials/textures/qrcode1.png
[1.701s] -- Symlinking: /home/duplicix/FRA532_LAB1_6366_6368/install/ur5_ros2_gazebo/share/ur5_ros2_gazebo/models/Ar_tags_nr9/meshes/Ar_tag_nr2.dae
[1.708s] -- Symlinking: /home/duplicix/FRA532_LAB1_6366_6368/install/ur5_ros2_gazebo/share/ur5_ros2_gazebo/models/Ar_tags_nr9/meshes/Ar_tag_nr9.dae
[1.717s] -- Symlinking: /home/duplicix/FRA532_LAB1_6366_6368/install/ur5_ros2_gazebo/share/ur5_ros2_gazebo/models/Ar_tags_nr9/meshes/plate.blend
[1.725s] -- Symlinking: /home/duplicix/FRA532_LAB1_6366_6368/install/ur5_ros2_gazebo/share/ur5_ros2_gazebo/models/Ar_tags_nr9/model.config
[1.738s] -- Symlinking: /home/duplicix/FRA532_LAB1_6366_6368/install/ur5_ros2_gazebo/share/ur5_ros2_gazebo/models/Ar_tags_nr9/model.sdf
[1.750s] -- Symlinking: /home/duplicix/FRA532_LAB1_6366_6368/install/ur5_ros2_gazebo/share/ur5_ros2_gazebo/models/construction_cone/materials/textures/Construction_Cone_Diffuse.png
[1.761s] -- Symlinking: /home/duplicix/FRA532_LAB1_6366_6368/install/ur5_ros2_gazebo/share/ur5_ros2_gazebo/models/construction_cone/meshes/construction_cone.dae
[1.770s] -- Symlinking: /home/duplicix/FRA532_LAB1_6366_6368/install/ur5_ros2_gazebo/share/ur5_ros2_gazebo/models/construction_cone/model-1_3.sdf
[1.779s] -- Symlinking: /home/duplicix/FRA532_LAB1_6366_6368/install/ur5_ros2_gazebo/share/ur5_ros2_gazebo/models/construction_cone/model-1_4.sdf
[1.786s] -- Symlinking: /home/duplicix/FRA532_LAB1_6366_6368/install/ur5_ros2_gazebo/share/ur5_ros2_gazebo/models/construction_cone/model.config
[1.794s] -- Symlinking: /home/duplicix/FRA532_LAB1_6366_6368/install/ur5_ros2_gazebo/share/ur5_ros2_gazebo/models/construction_cone/model.sdf
[1.802s] -- Symlinking: /home/duplicix/FRA532_LAB1_6366_6368/install/ur5_ros2_gazebo/share/ur5_ros2_gazebo/models/docking_station/materials/scripts/door_3d.material
[1.810s] -- Symlinking: /home/duplicix/FRA532_LAB1_6366_6368/install/ur5_ros2_gazebo/share/ur5_ros2_gazebo/models/docking_station/materials/scripts/door_handle.material
[1.818s] -- Symlinking: /home/duplicix/FRA532_LAB1_6366_6368/install/ur5_ros2_gazebo/share/ur5_ros2_gazebo/models/docking_station/materials/textures/door_3d.jpg
[1.826s] -- Symlinking: /home/duplicix/FRA532_LAB1_6366_6368/install/ur5_ros2_gazebo/share/ur5_ros2_gazebo/models/docking_station/materials/textures/silver_door.jpg
[1.834s] -- Symlinking: /home/duplicix/FRA532_LAB1_6366_6368/install/ur5_ros2_gazebo/share/ur5_ros2_gazebo/models/docking_station/meshes/d1.dae
[1.842s] -- Symlinking: /home/duplicix/FRA532_LAB1_6366_6368/install/ur5_ros2_gazebo/share/ur5_ros2_gazebo/models/docking_station/meshes/d1.stl
[1.850s] -- Symlinking: /home/duplicix/FRA532_LAB1_6366_6368/install/ur5_ros2_gazebo/share/ur5_ros2_gazebo/models/docking_station/meshes/d1_back1.dae
[1.858s] -- Symlinking: /home/duplicix/FRA532_LAB1_6366_6368/install/ur5_ros2_gazebo/share/ur5_ros2_gazebo/models/docking_station/model.config
[1.866s] -- Symlinking: /home/duplicix/FRA532_LAB1_6366_6368/install/ur5_ros2_gazebo/share/ur5_ros2_gazebo/models/docking_station/model.sdf
[1.875s] -- Symlinking: /home/duplicix/FRA532_LAB1_6366_6368/install/ur5_ros2_gazebo/share/ur5_ros2_gazebo/models/door/materials/scripts/door.material
[1.883s] -- Symlinking: /home/duplicix/FRA532_LAB1_6366_6368/install/ur5_ros2_gazebo/share/ur5_ros2_gazebo/models/door/materials/textures/door.jpg
[1.892s] -- Symlinking: /home/duplicix/FRA532_LAB1_6366_6368/install/ur5_ros2_gazebo/share/ur5_ros2_gazebo/models/door/model.config
[1.900s] -- Symlinking: /home/duplicix/FRA532_LAB1_6366_6368/install/ur5_ros2_gazebo/share/ur5_ros2_gazebo/models/door/model.sdf
[1.908s] -- Symlinking: /home/duplicix/FRA532_LAB1_6366_6368/install/ur5_ros2_gazebo/share/ur5_ros2_gazebo/models/door_3d/materials/scripts/door_3d.material
[1.917s] -- Symlinking: /home/duplicix/FRA532_LAB1_6366_6368/install/ur5_ros2_gazebo/share/ur5_ros2_gazebo/models/door_3d/materials/scripts/door_handle.material
[1.924s] -- Symlinking: /home/duplicix/FRA532_LAB1_6366_6368/install/ur5_ros2_gazebo/share/ur5_ros2_gazebo/models/door_3d/materials/textures/door_3d.jpg
[1.932s] -- Symlinking: /home/duplicix/FRA532_LAB1_6366_6368/install/ur5_ros2_gazebo/share/ur5_ros2_gazebo/models/door_3d/materials/textures/silver_door.jpg
[1.940s] -- Symlinking: /home/duplicix/FRA532_LAB1_6366_6368/install/ur5_ros2_gazebo/share/ur5_ros2_gazebo/models/door_3d/meshes/door.dae
[1.948s] -- Symlinking: /home/duplicix/FRA532_LAB1_6366_6368/install/ur5_ros2_gazebo/share/ur5_ros2_gazebo/models/door_3d/meshes/door_v2.dae
[1.956s] -- Symlinking: /home/duplicix/FRA532_LAB1_6366_6368/install/ur5_ros2_gazebo/share/ur5_ros2_gazebo/models/door_3d/meshes/door_v2_door.dae
[1.964s] -- Symlinking: /home/duplicix/FRA532_LAB1_6366_6368/install/ur5_ros2_gazebo/share/ur5_ros2_gazebo/models/door_3d/meshes/door_v2_handle.dae
[1.972s] -- Symlinking: /home/duplicix/FRA532_LAB1_6366_6368/install/ur5_ros2_gazebo/share/ur5_ros2_gazebo/models/door_3d/meshes/model.dae
[1.980s] -- Symlinking: /home/duplicix/FRA532_LAB1_6366_6368/install/ur5_ros2_gazebo/share/ur5_ros2_gazebo/models/door_3d/model.config
[1.990s] -- Symlinking: /home/duplicix/FRA532_LAB1_6366_6368/install/ur5_ros2_gazebo/share/ur5_ros2_gazebo/models/door_3d/model.sdf
[1.996s] -- Symlinking: /home/duplicix/FRA532_LAB1_6366_6368/install/ur5_ros2_gazebo/share/ur5_ros2_gazebo/models/drc_practice_straight/model.config
[2.003s] -- Symlinking: /home/duplicix/FRA532_LAB1_6366_6368/install/ur5_ros2_gazebo/share/ur5_ros2_gazebo/models/drc_practice_straight/model.sdf
[2.012s] -- Symlinking: /home/duplicix/FRA532_LAB1_6366_6368/install/ur5_ros2_gazebo/share/ur5_ros2_gazebo/models/neobotix_ground_plane/materials/scripts/neobotix_ground_plane.material
[2.020s] -- Symlinking: /home/duplicix/FRA532_LAB1_6366_6368/install/ur5_ros2_gazebo/share/ur5_ros2_gazebo/models/neobotix_ground_plane/materials/textures/MyImage.jpg
[2.027s] -- Symlinking: /home/duplicix/FRA532_LAB1_6366_6368/install/ur5_ros2_gazebo/share/ur5_ros2_gazebo/models/neobotix_ground_plane/model.config
[2.035s] -- Symlinking: /home/duplicix/FRA532_LAB1_6366_6368/install/ur5_ros2_gazebo/share/ur5_ros2_gazebo/models/neobotix_ground_plane/model.sdf
[2.043s] -- Symlinking: /home/duplicix/FRA532_LAB1_6366_6368/install/ur5_ros2_gazebo/share/ur5_ros2_gazebo/models/neobotix_wall_stickers/materials/scripts/neobotix_ground_plane.material
[2.051s] -- Symlinking: /home/duplicix/FRA532_LAB1_6366_6368/install/ur5_ros2_gazebo/share/ur5_ros2_gazebo/models/neobotix_wall_stickers/materials/textures/MyImage.jpg
[2.060s] -- Symlinking: /home/duplicix/FRA532_LAB1_6366_6368/install/ur5_ros2_gazebo/share/ur5_ros2_gazebo/models/neobotix_wall_stickers/model.config
[2.067s] -- Symlinking: /home/duplicix/FRA532_LAB1_6366_6368/install/ur5_ros2_gazebo/share/ur5_ros2_gazebo/models/neobotix_wall_stickers/model.sdf
[2.075s] -- Symlinking: /home/duplicix/FRA532_LAB1_6366_6368/install/ur5_ros2_gazebo/share/ur5_ros2_gazebo/models/office_env/materials/scripts/wall.material
[2.083s] -- Symlinking: /home/duplicix/FRA532_LAB1_6366_6368/install/ur5_ros2_gazebo/share/ur5_ros2_gazebo/models/office_env/materials/textures/wall_color.jpg
[2.091s] -- Symlinking: /home/duplicix/FRA532_LAB1_6366_6368/install/ur5_ros2_gazebo/share/ur5_ros2_gazebo/models/office_env/model.config
[2.098s] -- Symlinking: /home/duplicix/FRA532_LAB1_6366_6368/install/ur5_ros2_gazebo/share/ur5_ros2_gazebo/models/office_env/model.sdf
[2.106s] -- Symlinking: /home/duplicix/FRA532_LAB1_6366_6368/install/ur5_ros2_gazebo/share/ur5_ros2_gazebo/models/office_env_w 1/materials/scripts/wall_white.material
[2.114s] -- Symlinking: /home/duplicix/FRA532_LAB1_6366_6368/install/ur5_ros2_gazebo/share/ur5_ros2_gazebo/models/office_env_w 1/materials/textures/wall_color_white.jpg
[2.121s] -- Symlinking: /home/duplicix/FRA532_LAB1_6366_6368/install/ur5_ros2_gazebo/share/ur5_ros2_gazebo/models/office_env_w 1/model.config
[2.129s] -- Symlinking: /home/duplicix/FRA532_LAB1_6366_6368/install/ur5_ros2_gazebo/share/ur5_ros2_gazebo/models/office_env_w 1/model.sdf
[2.138s] -- Symlinking: /home/duplicix/FRA532_LAB1_6366_6368/install/ur5_ros2_gazebo/share/ur5_ros2_gazebo/models/office_env_w 2/materials/scripts/wall_white.material
[2.146s] -- Symlinking: /home/duplicix/FRA532_LAB1_6366_6368/install/ur5_ros2_gazebo/share/ur5_ros2_gazebo/models/office_env_w 2/materials/textures/wall_color_white.jpg
[2.153s] -- Symlinking: /home/duplicix/FRA532_LAB1_6366_6368/install/ur5_ros2_gazebo/share/ur5_ros2_gazebo/models/office_env_w 2/model.config
[2.161s] -- Symlinking: /home/duplicix/FRA532_LAB1_6366_6368/install/ur5_ros2_gazebo/share/ur5_ros2_gazebo/models/office_env_w 2/model.sdf
[2.168s] -- Symlinking: /home/duplicix/FRA532_LAB1_6366_6368/install/ur5_ros2_gazebo/share/ur5_ros2_gazebo/models/office_env_w/materials/scripts/wall_white.material
[2.176s] -- Symlinking: /home/duplicix/FRA532_LAB1_6366_6368/install/ur5_ros2_gazebo/share/ur5_ros2_gazebo/models/office_env_w/materials/textures/wall_color_white.jpg
[2.184s] -- Symlinking: /home/duplicix/FRA532_LAB1_6366_6368/install/ur5_ros2_gazebo/share/ur5_ros2_gazebo/models/office_env_w/model.config
[2.192s] -- Symlinking: /home/duplicix/FRA532_LAB1_6366_6368/install/ur5_ros2_gazebo/share/ur5_ros2_gazebo/models/office_env_w/model.sdf
[2.200s] -- Symlinking: /home/duplicix/FRA532_LAB1_6366_6368/install/ur5_ros2_gazebo/share/ur5_ros2_gazebo/models/office_env_w_complete/materials/scripts/wall_white.material
[2.208s] -- Symlinking: /home/duplicix/FRA532_LAB1_6366_6368/install/ur5_ros2_gazebo/share/ur5_ros2_gazebo/models/office_env_w_complete/materials/textures/wall_color_white.jpg
[2.215s] -- Symlinking: /home/duplicix/FRA532_LAB1_6366_6368/install/ur5_ros2_gazebo/share/ur5_ros2_gazebo/models/office_env_w_complete/model.config
[2.223s] -- Symlinking: /home/duplicix/FRA532_LAB1_6366_6368/install/ur5_ros2_gazebo/share/ur5_ros2_gazebo/models/office_env_w_complete/model.sdf
[2.231s] -- Symlinking: /home/duplicix/FRA532_LAB1_6366_6368/install/ur5_ros2_gazebo/share/ur5_ros2_gazebo/models/office_small/materials/scripts/Floor.material
[2.238s] -- Symlinking: /home/duplicix/FRA532_LAB1_6366_6368/install/ur5_ros2_gazebo/share/ur5_ros2_gazebo/models/office_small/materials/scripts/wall_white.material
[2.246s] -- Symlinking: /home/duplicix/FRA532_LAB1_6366_6368/install/ur5_ros2_gazebo/share/ur5_ros2_gazebo/models/office_small/materials/textures/cl1.jpg
[2.254s] -- Symlinking: /home/duplicix/FRA532_LAB1_6366_6368/install/ur5_ros2_gazebo/share/ur5_ros2_gazebo/models/office_small/materials/textures/cl2.jpg
[2.261s] -- Symlinking: /home/duplicix/FRA532_LAB1_6366_6368/install/ur5_ros2_gazebo/share/ur5_ros2_gazebo/models/office_small/materials/textures/cl3.jpg
[2.269s] -- Symlinking: /home/duplicix/FRA532_LAB1_6366_6368/install/ur5_ros2_gazebo/share/ur5_ros2_gazebo/models/office_small/materials/textures/cl4.jpg
[2.276s] -- Symlinking: /home/duplicix/FRA532_LAB1_6366_6368/install/ur5_ros2_gazebo/share/ur5_ros2_gazebo/models/office_small/materials/textures/cl5.jpg
[2.284s] -- Symlinking: /home/duplicix/FRA532_LAB1_6366_6368/install/ur5_ros2_gazebo/share/ur5_ros2_gazebo/models/office_small/materials/textures/cl6.jpg
[2.292s] -- Symlinking: /home/duplicix/FRA532_LAB1_6366_6368/install/ur5_ros2_gazebo/share/ur5_ros2_gazebo/models/office_small/materials/textures/cp1.jpg
[2.300s] -- Symlinking: /home/duplicix/FRA532_LAB1_6366_6368/install/ur5_ros2_gazebo/share/ur5_ros2_gazebo/models/office_small/materials/textures/cp10.jpg
[2.307s] -- Symlinking: /home/duplicix/FRA532_LAB1_6366_6368/install/ur5_ros2_gazebo/share/ur5_ros2_gazebo/models/office_small/materials/textures/cp11.jpg
[2.315s] -- Symlinking: /home/duplicix/FRA532_LAB1_6366_6368/install/ur5_ros2_gazebo/share/ur5_ros2_gazebo/models/office_small/materials/textures/cp12.jpg
[2.322s] -- Symlinking: /home/duplicix/FRA532_LAB1_6366_6368/install/ur5_ros2_gazebo/share/ur5_ros2_gazebo/models/office_small/materials/textures/cp2.jpg
[2.330s] -- Symlinking: /home/duplicix/FRA532_LAB1_6366_6368/install/ur5_ros2_gazebo/share/ur5_ros2_gazebo/models/office_small/materials/textures/cp3.jpg
[2.338s] -- Symlinking: /home/duplicix/FRA532_LAB1_6366_6368/install/ur5_ros2_gazebo/share/ur5_ros2_gazebo/models/office_small/materials/textures/cp4.jpg
[2.345s] -- Symlinking: /home/duplicix/FRA532_LAB1_6366_6368/install/ur5_ros2_gazebo/share/ur5_ros2_gazebo/models/office_small/materials/textures/cp5.png
[2.353s] -- Symlinking: /home/duplicix/FRA532_LAB1_6366_6368/install/ur5_ros2_gazebo/share/ur5_ros2_gazebo/models/office_small/materials/textures/cp6.jpg
[2.360s] -- Symlinking: /home/duplicix/FRA532_LAB1_6366_6368/install/ur5_ros2_gazebo/share/ur5_ros2_gazebo/models/office_small/materials/textures/cp7.jpg
[2.368s] -- Symlinking: /home/duplicix/FRA532_LAB1_6366_6368/install/ur5_ros2_gazebo/share/ur5_ros2_gazebo/models/office_small/materials/textures/cp8.jpg
[2.376s] -- Symlinking: /home/duplicix/FRA532_LAB1_6366_6368/install/ur5_ros2_gazebo/share/ur5_ros2_gazebo/models/office_small/materials/textures/cp9.jpg
[2.384s] -- Symlinking: /home/duplicix/FRA532_LAB1_6366_6368/install/ur5_ros2_gazebo/share/ur5_ros2_gazebo/models/office_small/materials/textures/hd1.jpg
[2.392s] -- Symlinking: /home/duplicix/FRA532_LAB1_6366_6368/install/ur5_ros2_gazebo/share/ur5_ros2_gazebo/models/office_small/materials/textures/hd2.gif
[2.400s] -- Symlinking: /home/duplicix/FRA532_LAB1_6366_6368/install/ur5_ros2_gazebo/share/ur5_ros2_gazebo/models/office_small/materials/textures/hd3.jpg
[2.408s] -- Symlinking: /home/duplicix/FRA532_LAB1_6366_6368/install/ur5_ros2_gazebo/share/ur5_ros2_gazebo/models/office_small/materials/textures/hd4.jpg
[2.415s] -- Symlinking: /home/duplicix/FRA532_LAB1_6366_6368/install/ur5_ros2_gazebo/share/ur5_ros2_gazebo/models/office_small/materials/textures/hd5.jpg
[2.423s] -- Symlinking: /home/duplicix/FRA532_LAB1_6366_6368/install/ur5_ros2_gazebo/share/ur5_ros2_gazebo/models/office_small/materials/textures/hd6.png
[2.431s] -- Symlinking: /home/duplicix/FRA532_LAB1_6366_6368/install/ur5_ros2_gazebo/share/ur5_ros2_gazebo/models/office_small/materials/textures/hd7.jpg
[2.438s] -- Symlinking: /home/duplicix/FRA532_LAB1_6366_6368/install/ur5_ros2_gazebo/share/ur5_ros2_gazebo/models/office_small/materials/textures/hd8.jpg
[2.446s] -- Symlinking: /home/duplicix/FRA532_LAB1_6366_6368/install/ur5_ros2_gazebo/share/ur5_ros2_gazebo/models/office_small/materials/textures/wall_color_white.jpg
[2.454s] -- Symlinking: /home/duplicix/FRA532_LAB1_6366_6368/install/ur5_ros2_gazebo/share/ur5_ros2_gazebo/models/office_small/model.config
[2.461s] -- Symlinking: /home/duplicix/FRA532_LAB1_6366_6368/install/ur5_ros2_gazebo/share/ur5_ros2_gazebo/models/office_small/model.sdf
[2.469s] -- Symlinking: /home/duplicix/FRA532_LAB1_6366_6368/install/ur5_ros2_gazebo/share/ur5_ros2_gazebo/models/window/model.config
[2.478s] -- Symlinking: /home/duplicix/FRA532_LAB1_6366_6368/install/ur5_ros2_gazebo/share/ur5_ros2_gazebo/models/window/model.sdf
[2.486s] -- Symlinking: /home/duplicix/FRA532_LAB1_6366_6368/install/ur5_ros2_gazebo/share/ur5_ros2_gazebo/models/yellow_bin/meshes/green_cylinder.stl
[2.494s] -- Symlinking: /home/duplicix/FRA532_LAB1_6366_6368/install/ur5_ros2_gazebo/share/ur5_ros2_gazebo/models/yellow_bin/model.config
[2.502s] -- Symlinking: /home/duplicix/FRA532_LAB1_6366_6368/install/ur5_ros2_gazebo/share/ur5_ros2_gazebo/models/yellow_bin/model.sdf
[2.510s] -- Symlinking: /home/duplicix/FRA532_LAB1_6366_6368/install/ur5_ros2_gazebo/share/ament_index/resource_index/package_run_dependencies/ur5_ros2_gazebo
[2.519s] -- Symlinking: /home/duplicix/FRA532_LAB1_6366_6368/install/ur5_ros2_gazebo/share/ament_index/resource_index/parent_prefix_path/ur5_ros2_gazebo
[2.527s] -- Symlinking: /home/duplicix/FRA532_LAB1_6366_6368/install/ur5_ros2_gazebo/share/ur5_ros2_gazebo/environment/ament_prefix_path.sh
[2.535s] -- Symlinking: /home/duplicix/FRA532_LAB1_6366_6368/install/ur5_ros2_gazebo/share/ur5_ros2_gazebo/environment/ament_prefix_path.dsv
[2.544s] -- Symlinking: /home/duplicix/FRA532_LAB1_6366_6368/install/ur5_ros2_gazebo/share/ur5_ros2_gazebo/environment/path.sh
[2.552s] -- Symlinking: /home/duplicix/FRA532_LAB1_6366_6368/install/ur5_ros2_gazebo/share/ur5_ros2_gazebo/environment/path.dsv
[2.560s] -- Symlinking: /home/duplicix/FRA532_LAB1_6366_6368/install/ur5_ros2_gazebo/share/ur5_ros2_gazebo/local_setup.bash
[2.568s] -- Symlinking: /home/duplicix/FRA532_LAB1_6366_6368/install/ur5_ros2_gazebo/share/ur5_ros2_gazebo/local_setup.sh
[2.577s] -- Symlinking: /home/duplicix/FRA532_LAB1_6366_6368/install/ur5_ros2_gazebo/share/ur5_ros2_gazebo/local_setup.zsh
[2.585s] -- Symlinking: /home/duplicix/FRA532_LAB1_6366_6368/install/ur5_ros2_gazebo/share/ur5_ros2_gazebo/local_setup.dsv
[2.593s] -- Symlinking: /home/duplicix/FRA532_LAB1_6366_6368/install/ur5_ros2_gazebo/share/ur5_ros2_gazebo/package.dsv
[2.602s] -- Symlinking: /home/duplicix/FRA532_LAB1_6366_6368/install/ur5_ros2_gazebo/share/ament_index/resource_index/packages/ur5_ros2_gazebo
[2.610s] -- Symlinking: /home/duplicix/FRA532_LAB1_6366_6368/install/ur5_ros2_gazebo/share/ur5_ros2_gazebo/cmake/ur5_ros2_gazeboConfig.cmake
[2.618s] -- Symlinking: /home/duplicix/FRA532_LAB1_6366_6368/install/ur5_ros2_gazebo/share/ur5_ros2_gazebo/cmake/ur5_ros2_gazeboConfig-version.cmake
[2.626s] -- Symlinking: /home/duplicix/FRA532_LAB1_6366_6368/install/ur5_ros2_gazebo/share/ur5_ros2_gazebo/package.xml
[2.637s] Invoked command in '/home/duplicix/FRA532_LAB1_6366_6368/build/ur5_ros2_gazebo' returned '0': CMAKE_PREFIX_PATH=${CMAKE_PREFIX_PATH}:/opt/ros/humble /usr/bin/cmake --install /home/duplicix/FRA532_LAB1_6366_6368/build/ur5_ros2_gazebo
