[0.164s] Invoking command in '/home/duplicix/FRA532_LAB1_6366_6368/build/robot_control': CMAKE_PREFIX_PATH=${CMAKE_PREFIX_PATH}:/opt/ros/humble /usr/bin/cmake /home/duplicix/FRA532_LAB1_6366_6368/src/robot_control -DAMENT_CMAKE_SYMLINK_INSTALL=1 -DCMAKE_INSTALL_PREFIX=/home/duplicix/FRA532_LAB1_6366_6368/install/robot_control
[0.274s] -- The C compiler identification is GNU 11.4.0
[0.359s] -- The CXX compiler identification is GNU 11.4.0
[0.368s] -- Detecting C compiler ABI info
[0.433s] -- Detecting C compiler ABI info - done
[0.441s] -- Check for working C compiler: /usr/bin/cc - skipped
[0.441s] -- Detecting C compile features
[0.442s] -- Detecting C compile features - done
[0.445s] -- Detecting CXX compiler ABI info
[0.521s] -- Detecting CXX compiler ABI info - done
[0.534s] -- Check for working CXX compiler: /usr/bin/c++ - skipped
[0.535s] -- Detecting CXX compile features
[0.535s] -- Detecting CXX compile features - done
[0.541s] -- Found ament_cmake: 1.3.6 (/opt/ros/humble/share/ament_cmake/cmake)
[0.712s] -- Found Python3: /usr/bin/python3.10 (found version "3.10.12") found components: Interpreter 
[0.779s] -- Override CMake install command with custom implementation using symlinks instead of copying resources
[0.822s] -- Found ament_lint_auto: 0.12.9 (/opt/ros/humble/share/ament_lint_auto/cmake)
[0.908s] -- Added test 'flake8' to check Python code syntax and style conventions
[0.909s] -- Added test 'lint_cmake' to check CMake code style
[0.910s] -- Added test 'pep257' to check Python code against some of the docstring style conventions in PEP 257
[0.911s] -- Added test 'xmllint' to check XML markup files
[0.913s] -- Configuring done
[0.916s] -- Generating done
[0.917s] -- Build files have been written to: /home/duplicix/FRA532_LAB1_6366_6368/build/robot_control
[0.923s] Invoked command in '/home/duplicix/FRA532_LAB1_6366_6368/build/robot_control' returned '0': CMAKE_PREFIX_PATH=${CMAKE_PREFIX_PATH}:/opt/ros/humble /usr/bin/cmake /home/duplicix/FRA532_LAB1_6366_6368/src/robot_control -DAMENT_CMAKE_SYMLINK_INSTALL=1 -DCMAKE_INSTALL_PREFIX=/home/duplicix/FRA532_LAB1_6366_6368/install/robot_control
[0.924s] Invoking command in '/home/duplicix/FRA532_LAB1_6366_6368/build/robot_control': CMAKE_PREFIX_PATH=${CMAKE_PREFIX_PATH}:/opt/ros/humble /usr/bin/cmake --build /home/duplicix/FRA532_LAB1_6366_6368/build/robot_control -- -j12 -l12
[0.962s] Invoked command in '/home/duplicix/FRA532_LAB1_6366_6368/build/robot_control' returned '0': CMAKE_PREFIX_PATH=${CMAKE_PREFIX_PATH}:/opt/ros/humble /usr/bin/cmake --build /home/duplicix/FRA532_LAB1_6366_6368/build/robot_control -- -j12 -l12
[0.992s] Invoking command in '/home/duplicix/FRA532_LAB1_6366_6368/build/robot_control': CMAKE_PREFIX_PATH=${CMAKE_PREFIX_PATH}:/opt/ros/humble /usr/bin/cmake --install /home/duplicix/FRA532_LAB1_6366_6368/build/robot_control
[0.998s] -- Install configuration: ""
[0.999s] -- Execute custom install script
[0.999s] -- Symlinking: /home/duplicix/FRA532_LAB1_6366_6368/install/robot_control/share/robot_control/scripts/ik.py
[1.007s] -- Symlinking: /home/duplicix/FRA532_LAB1_6366_6368/install/robot_control/share/robot_control/scripts/purepursuit_example.py
[1.015s] -- Symlinking: /home/duplicix/FRA532_LAB1_6366_6368/install/robot_control/share/robot_control/scripts/purepursuit_solution.py
[1.023s] -- Symlinking: /home/duplicix/FRA532_LAB1_6366_6368/install/robot_control/share/robot_control/scripts/simple_controller_example.py
[1.031s] -- Symlinking: /home/duplicix/FRA532_LAB1_6366_6368/install/robot_control/share/robot_control/scripts/simple_controller_solution.py
[1.040s] -- Symlinking: /home/duplicix/FRA532_LAB1_6366_6368/install/robot_control/lib/robot_control/ik.py
[1.049s] -- Symlinking: /home/duplicix/FRA532_LAB1_6366_6368/install/robot_control/share/ament_index/resource_index/package_run_dependencies/robot_control
[1.058s] -- Symlinking: /home/duplicix/FRA532_LAB1_6366_6368/install/robot_control/share/ament_index/resource_index/parent_prefix_path/robot_control
[1.067s] -- Symlinking: /home/duplicix/FRA532_LAB1_6366_6368/install/robot_control/share/robot_control/environment/ament_prefix_path.sh
[1.076s] -- Symlinking: /home/duplicix/FRA532_LAB1_6366_6368/install/robot_control/share/robot_control/environment/ament_prefix_path.dsv
[1.085s] -- Symlinking: /home/duplicix/FRA532_LAB1_6366_6368/install/robot_control/share/robot_control/environment/path.sh
[1.094s] -- Symlinking: /home/duplicix/FRA532_LAB1_6366_6368/install/robot_control/share/robot_control/environment/path.dsv
[1.102s] -- Symlinking: /home/duplicix/FRA532_LAB1_6366_6368/install/robot_control/share/robot_control/local_setup.bash
[1.110s] -- Symlinking: /home/duplicix/FRA532_LAB1_6366_6368/install/robot_control/share/robot_control/local_setup.sh
[1.119s] -- Symlinking: /home/duplicix/FRA532_LAB1_6366_6368/install/robot_control/share/robot_control/local_setup.zsh
[1.127s] -- Symlinking: /home/duplicix/FRA532_LAB1_6366_6368/install/robot_control/share/robot_control/local_setup.dsv
[1.136s] -- Symlinking: /home/duplicix/FRA532_LAB1_6366_6368/install/robot_control/share/robot_control/package.dsv
[1.146s] -- Symlinking: /home/duplicix/FRA532_LAB1_6366_6368/install/robot_control/share/ament_index/resource_index/packages/robot_control
[1.155s] -- Symlinking: /home/duplicix/FRA532_LAB1_6366_6368/install/robot_control/share/robot_control/cmake/robot_controlConfig.cmake
[1.164s] -- Symlinking: /home/duplicix/FRA532_LAB1_6366_6368/install/robot_control/share/robot_control/cmake/robot_controlConfig-version.cmake
[1.173s] -- Symlinking: /home/duplicix/FRA532_LAB1_6366_6368/install/robot_control/share/robot_control/package.xml
[1.185s] Invoked command in '/home/duplicix/FRA532_LAB1_6366_6368/build/robot_control' returned '0': CMAKE_PREFIX_PATH=${CMAKE_PREFIX_PATH}:/opt/ros/humble /usr/bin/cmake --install /home/duplicix/FRA532_LAB1_6366_6368/build/robot_control
