[1.096s] DEBUG:colcon:Command line arguments: ['/usr/bin/colcon', 'build', '--symlink-install']
[1.096s] DEBUG:colcon:Parsed command line arguments: Namespace(log_base=None, log_level=None, verb_name='build', build_base='build', install_base='install', merge_install=False, symlink_install=True, test_result_base=None, continue_on_error=False, executor='parallel', parallel_workers=12, event_handlers=None, ignore_user_meta=False, metas=['./colcon.meta'], base_paths=['.'], packages_ignore=None, packages_ignore_regex=None, paths=None, packages_up_to=None, packages_up_to_regex=None, packages_above=None, packages_above_and_dependencies=None, packages_above_depth=None, packages_select_by_dep=None, packages_skip_by_dep=None, packages_skip_up_to=None, packages_select_build_failed=False, packages_skip_build_finished=False, packages_select_test_failures=False, packages_skip_test_passed=False, packages_select=None, packages_skip=None, packages_select_regex=None, packages_skip_regex=None, packages_start=None, packages_end=None, allow_overriding=[], cmake_args=None, cmake_target=None, cmake_target_skip_unavailable=False, cmake_clean_cache=False, cmake_clean_first=False, cmake_force_configure=False, ament_cmake_args=None, catkin_cmake_args=None, catkin_skip_building_tests=False, verb_parser=<colcon_defaults.argument_parser.defaults.DefaultArgumentsDecorator object at 0x7f472a881000>, verb_extension=<colcon_core.verb.build.BuildVerb object at 0x7f472a88c310>, main=<bound method BuildVerb.main of <colcon_core.verb.build.BuildVerb object at 0x7f472a88c310>>)
[1.147s] Level 1:colcon.colcon_core.package_discovery:discover_packages(colcon_meta) check parameters
[1.147s] Level 1:colcon.colcon_core.package_discovery:discover_packages(recursive) check parameters
[1.147s] Level 1:colcon.colcon_core.package_discovery:discover_packages(ignore) check parameters
[1.147s] Level 1:colcon.colcon_core.package_discovery:discover_packages(path) check parameters
[1.148s] Level 1:colcon.colcon_core.package_discovery:discover_packages(colcon_meta) discover
[1.148s] Level 1:colcon.colcon_core.package_discovery:discover_packages(recursive) discover
[1.148s] INFO:colcon.colcon_core.package_discovery:Crawling recursively for packages in '/home/duplicix/FRA532_LAB1_6366_6368'
[1.148s] Level 1:colcon.colcon_core.package_identification:_identify(.) by extensions ['ignore', 'ignore_ament_install']
[1.148s] Level 1:colcon.colcon_core.package_identification:_identify(.) by extension 'ignore'
[1.148s] Level 1:colcon.colcon_core.package_identification:_identify(.) by extension 'ignore_ament_install'
[1.148s] Level 1:colcon.colcon_core.package_identification:_identify(.) by extensions ['colcon_pkg']
[1.148s] Level 1:colcon.colcon_core.package_identification:_identify(.) by extension 'colcon_pkg'
[1.148s] Level 1:colcon.colcon_core.package_identification:_identify(.) by extensions ['colcon_meta']
[1.148s] Level 1:colcon.colcon_core.package_identification:_identify(.) by extension 'colcon_meta'
[1.148s] Level 1:colcon.colcon_core.package_identification:_identify(.) by extensions ['ros']
[1.148s] Level 1:colcon.colcon_core.package_identification:_identify(.) by extension 'ros'
[1.159s] Level 1:colcon.colcon_core.package_identification:_identify(.) by extensions ['cmake', 'python']
[1.159s] Level 1:colcon.colcon_core.package_identification:_identify(.) by extension 'cmake'
[1.159s] Level 1:colcon.colcon_core.package_identification:_identify(.) by extension 'python'
[1.159s] Level 1:colcon.colcon_core.package_identification:_identify(.) by extensions ['python_setup_py']
[1.159s] Level 1:colcon.colcon_core.package_identification:_identify(.) by extension 'python_setup_py'
[1.159s] Level 1:colcon.colcon_core.package_identification:_identify(build) by extensions ['ignore', 'ignore_ament_install']
[1.159s] Level 1:colcon.colcon_core.package_identification:_identify(build) by extension 'ignore'
[1.159s] Level 1:colcon.colcon_core.package_identification:_identify(build) ignored
[1.160s] Level 1:colcon.colcon_core.package_identification:_identify(install) by extensions ['ignore', 'ignore_ament_install']
[1.160s] Level 1:colcon.colcon_core.package_identification:_identify(install) by extension 'ignore'
[1.160s] Level 1:colcon.colcon_core.package_identification:_identify(install) ignored
[1.160s] Level 1:colcon.colcon_core.package_identification:_identify(log) by extensions ['ignore', 'ignore_ament_install']
[1.160s] Level 1:colcon.colcon_core.package_identification:_identify(log) by extension 'ignore'
[1.160s] Level 1:colcon.colcon_core.package_identification:_identify(log) ignored
[1.160s] Level 1:colcon.colcon_core.package_identification:_identify(src) by extensions ['ignore', 'ignore_ament_install']
[1.160s] Level 1:colcon.colcon_core.package_identification:_identify(src) by extension 'ignore'
[1.160s] Level 1:colcon.colcon_core.package_identification:_identify(src) by extension 'ignore_ament_install'
[1.160s] Level 1:colcon.colcon_core.package_identification:_identify(src) by extensions ['colcon_pkg']
[1.160s] Level 1:colcon.colcon_core.package_identification:_identify(src) by extension 'colcon_pkg'
[1.160s] Level 1:colcon.colcon_core.package_identification:_identify(src) by extensions ['colcon_meta']
[1.160s] Level 1:colcon.colcon_core.package_identification:_identify(src) by extension 'colcon_meta'
[1.160s] Level 1:colcon.colcon_core.package_identification:_identify(src) by extensions ['ros']
[1.160s] Level 1:colcon.colcon_core.package_identification:_identify(src) by extension 'ros'
[1.160s] Level 1:colcon.colcon_core.package_identification:_identify(src) by extensions ['cmake', 'python']
[1.161s] Level 1:colcon.colcon_core.package_identification:_identify(src) by extension 'cmake'
[1.161s] Level 1:colcon.colcon_core.package_identification:_identify(src) by extension 'python'
[1.161s] Level 1:colcon.colcon_core.package_identification:_identify(src) by extensions ['python_setup_py']
[1.161s] Level 1:colcon.colcon_core.package_identification:_identify(src) by extension 'python_setup_py'
[1.161s] Level 1:colcon.colcon_core.package_identification:_identify(src/carver_navigation) by extensions ['ignore', 'ignore_ament_install']
[1.161s] Level 1:colcon.colcon_core.package_identification:_identify(src/carver_navigation) by extension 'ignore'
[1.161s] Level 1:colcon.colcon_core.package_identification:_identify(src/carver_navigation) by extension 'ignore_ament_install'
[1.161s] Level 1:colcon.colcon_core.package_identification:_identify(src/carver_navigation) by extensions ['colcon_pkg']
[1.161s] Level 1:colcon.colcon_core.package_identification:_identify(src/carver_navigation) by extension 'colcon_pkg'
[1.161s] Level 1:colcon.colcon_core.package_identification:_identify(src/carver_navigation) by extensions ['colcon_meta']
[1.161s] Level 1:colcon.colcon_core.package_identification:_identify(src/carver_navigation) by extension 'colcon_meta'
[1.161s] Level 1:colcon.colcon_core.package_identification:_identify(src/carver_navigation) by extensions ['ros']
[1.161s] Level 1:colcon.colcon_core.package_identification:_identify(src/carver_navigation) by extension 'ros'
[1.164s] DEBUG:colcon.colcon_core.package_identification:Package 'src/carver_navigation' with type 'ros.ament_cmake' and name 'carver_navigation'
[1.164s] Level 1:colcon.colcon_core.package_identification:_identify(src/robot_control) by extensions ['ignore', 'ignore_ament_install']
[1.164s] Level 1:colcon.colcon_core.package_identification:_identify(src/robot_control) by extension 'ignore'
[1.164s] Level 1:colcon.colcon_core.package_identification:_identify(src/robot_control) by extension 'ignore_ament_install'
[1.164s] Level 1:colcon.colcon_core.package_identification:_identify(src/robot_control) by extensions ['colcon_pkg']
[1.164s] Level 1:colcon.colcon_core.package_identification:_identify(src/robot_control) by extension 'colcon_pkg'
[1.164s] Level 1:colcon.colcon_core.package_identification:_identify(src/robot_control) by extensions ['colcon_meta']
[1.164s] Level 1:colcon.colcon_core.package_identification:_identify(src/robot_control) by extension 'colcon_meta'
[1.164s] Level 1:colcon.colcon_core.package_identification:_identify(src/robot_control) by extensions ['ros']
[1.164s] Level 1:colcon.colcon_core.package_identification:_identify(src/robot_control) by extension 'ros'
[1.165s] DEBUG:colcon.colcon_core.package_identification:Package 'src/robot_control' with type 'ros.ament_cmake' and name 'robot_control'
[1.165s] Level 1:colcon.colcon_core.package_identification:_identify(src/ur5_ros2_gazebo) by extensions ['ignore', 'ignore_ament_install']
[1.165s] Level 1:colcon.colcon_core.package_identification:_identify(src/ur5_ros2_gazebo) by extension 'ignore'
[1.165s] Level 1:colcon.colcon_core.package_identification:_identify(src/ur5_ros2_gazebo) by extension 'ignore_ament_install'
[1.165s] Level 1:colcon.colcon_core.package_identification:_identify(src/ur5_ros2_gazebo) by extensions ['colcon_pkg']
[1.165s] Level 1:colcon.colcon_core.package_identification:_identify(src/ur5_ros2_gazebo) by extension 'colcon_pkg'
[1.165s] Level 1:colcon.colcon_core.package_identification:_identify(src/ur5_ros2_gazebo) by extensions ['colcon_meta']
[1.165s] Level 1:colcon.colcon_core.package_identification:_identify(src/ur5_ros2_gazebo) by extension 'colcon_meta'
[1.165s] Level 1:colcon.colcon_core.package_identification:_identify(src/ur5_ros2_gazebo) by extensions ['ros']
[1.165s] Level 1:colcon.colcon_core.package_identification:_identify(src/ur5_ros2_gazebo) by extension 'ros'
[1.166s] DEBUG:colcon.colcon_core.package_identification:Package 'src/ur5_ros2_gazebo' with type 'ros.ament_cmake' and name 'ur5_ros2_gazebo'
[1.166s] Level 1:colcon.colcon_core.package_discovery:discover_packages(recursive) using defaults
[1.166s] Level 1:colcon.colcon_core.package_discovery:discover_packages(ignore) discover
[1.166s] Level 1:colcon.colcon_core.package_discovery:discover_packages(ignore) using defaults
[1.166s] Level 1:colcon.colcon_core.package_discovery:discover_packages(path) discover
[1.166s] Level 1:colcon.colcon_core.package_discovery:discover_packages(path) using defaults
[1.268s] Level 1:colcon.colcon_core.package_discovery:discover_packages(prefix_path) check parameters
[1.269s] Level 1:colcon.colcon_core.package_discovery:discover_packages(prefix_path) discover
[1.302s] DEBUG:colcon.colcon_installed_package_information.package_discovery:Found 1 installed packages in /home/duplicix/dev_ws/install
[1.320s] DEBUG:colcon.colcon_installed_package_information.package_discovery:Found 365 installed packages in /opt/ros/humble
[1.321s] Level 1:colcon.colcon_core.package_discovery:discover_packages(prefix_path) using defaults
[1.441s] Level 5:colcon.colcon_core.verb:set package 'carver_navigation' build argument 'cmake_args' from command line to 'None'
[1.441s] Level 5:colcon.colcon_core.verb:set package 'carver_navigation' build argument 'cmake_target' from command line to 'None'
[1.441s] Level 5:colcon.colcon_core.verb:set package 'carver_navigation' build argument 'cmake_target_skip_unavailable' from command line to 'False'
[1.441s] Level 5:colcon.colcon_core.verb:set package 'carver_navigation' build argument 'cmake_clean_cache' from command line to 'False'
[1.441s] Level 5:colcon.colcon_core.verb:set package 'carver_navigation' build argument 'cmake_clean_first' from command line to 'False'
[1.441s] Level 5:colcon.colcon_core.verb:set package 'carver_navigation' build argument 'cmake_force_configure' from command line to 'False'
[1.441s] Level 5:colcon.colcon_core.verb:set package 'carver_navigation' build argument 'ament_cmake_args' from command line to 'None'
[1.441s] Level 5:colcon.colcon_core.verb:set package 'carver_navigation' build argument 'catkin_cmake_args' from command line to 'None'
[1.441s] Level 5:colcon.colcon_core.verb:set package 'carver_navigation' build argument 'catkin_skip_building_tests' from command line to 'False'
[1.441s] DEBUG:colcon.colcon_core.verb:Building package 'carver_navigation' with the following arguments: {'ament_cmake_args': None, 'build_base': '/home/duplicix/FRA532_LAB1_6366_6368/build/carver_navigation', 'catkin_cmake_args': None, 'catkin_skip_building_tests': False, 'cmake_args': None, 'cmake_clean_cache': False, 'cmake_clean_first': False, 'cmake_force_configure': False, 'cmake_target': None, 'cmake_target_skip_unavailable': False, 'install_base': '/home/duplicix/FRA532_LAB1_6366_6368/install/carver_navigation', 'merge_install': False, 'path': '/home/duplicix/FRA532_LAB1_6366_6368/src/carver_navigation', 'symlink_install': True, 'test_result_base': None}
[1.457s] Level 5:colcon.colcon_core.verb:set package 'robot_control' build argument 'cmake_args' from command line to 'None'
[1.458s] Level 5:colcon.colcon_core.verb:set package 'robot_control' build argument 'cmake_target' from command line to 'None'
[1.458s] Level 5:colcon.colcon_core.verb:set package 'robot_control' build argument 'cmake_target_skip_unavailable' from command line to 'False'
[1.458s] Level 5:colcon.colcon_core.verb:set package 'robot_control' build argument 'cmake_clean_cache' from command line to 'False'
[1.458s] Level 5:colcon.colcon_core.verb:set package 'robot_control' build argument 'cmake_clean_first' from command line to 'False'
[1.458s] Level 5:colcon.colcon_core.verb:set package 'robot_control' build argument 'cmake_force_configure' from command line to 'False'
[1.458s] Level 5:colcon.colcon_core.verb:set package 'robot_control' build argument 'ament_cmake_args' from command line to 'None'
[1.458s] Level 5:colcon.colcon_core.verb:set package 'robot_control' build argument 'catkin_cmake_args' from command line to 'None'
[1.458s] Level 5:colcon.colcon_core.verb:set package 'robot_control' build argument 'catkin_skip_building_tests' from command line to 'False'
[1.458s] DEBUG:colcon.colcon_core.verb:Building package 'robot_control' with the following arguments: {'ament_cmake_args': None, 'build_base': '/home/duplicix/FRA532_LAB1_6366_6368/build/robot_control', 'catkin_cmake_args': None, 'catkin_skip_building_tests': False, 'cmake_args': None, 'cmake_clean_cache': False, 'cmake_clean_first': False, 'cmake_force_configure': False, 'cmake_target': None, 'cmake_target_skip_unavailable': False, 'install_base': '/home/duplicix/FRA532_LAB1_6366_6368/install/robot_control', 'merge_install': False, 'path': '/home/duplicix/FRA532_LAB1_6366_6368/src/robot_control', 'symlink_install': True, 'test_result_base': None}
[1.474s] Level 5:colcon.colcon_core.verb:set package 'ur5_ros2_gazebo' build argument 'cmake_args' from command line to 'None'
[1.474s] Level 5:colcon.colcon_core.verb:set package 'ur5_ros2_gazebo' build argument 'cmake_target' from command line to 'None'
[1.474s] Level 5:colcon.colcon_core.verb:set package 'ur5_ros2_gazebo' build argument 'cmake_target_skip_unavailable' from command line to 'False'
[1.474s] Level 5:colcon.colcon_core.verb:set package 'ur5_ros2_gazebo' build argument 'cmake_clean_cache' from command line to 'False'
[1.474s] Level 5:colcon.colcon_core.verb:set package 'ur5_ros2_gazebo' build argument 'cmake_clean_first' from command line to 'False'
[1.474s] Level 5:colcon.colcon_core.verb:set package 'ur5_ros2_gazebo' build argument 'cmake_force_configure' from command line to 'False'
[1.474s] Level 5:colcon.colcon_core.verb:set package 'ur5_ros2_gazebo' build argument 'ament_cmake_args' from command line to 'None'
[1.475s] Level 5:colcon.colcon_core.verb:set package 'ur5_ros2_gazebo' build argument 'catkin_cmake_args' from command line to 'None'
[1.475s] Level 5:colcon.colcon_core.verb:set package 'ur5_ros2_gazebo' build argument 'catkin_skip_building_tests' from command line to 'False'
[1.475s] DEBUG:colcon.colcon_core.verb:Building package 'ur5_ros2_gazebo' with the following arguments: {'ament_cmake_args': None, 'build_base': '/home/duplicix/FRA532_LAB1_6366_6368/build/ur5_ros2_gazebo', 'catkin_cmake_args': None, 'catkin_skip_building_tests': False, 'cmake_args': None, 'cmake_clean_cache': False, 'cmake_clean_first': False, 'cmake_force_configure': False, 'cmake_target': None, 'cmake_target_skip_unavailable': False, 'install_base': '/home/duplicix/FRA532_LAB1_6366_6368/install/ur5_ros2_gazebo', 'merge_install': False, 'path': '/home/duplicix/FRA532_LAB1_6366_6368/src/ur5_ros2_gazebo', 'symlink_install': True, 'test_result_base': None}
[1.490s] INFO:colcon.colcon_core.executor:Executing jobs using 'parallel' executor
[1.507s] DEBUG:colcon.colcon_parallel_executor.executor.parallel:run_until_complete
[1.508s] INFO:colcon.colcon_ros.task.ament_cmake.build:Building ROS package in '/home/duplicix/FRA532_LAB1_6366_6368/src/carver_navigation' with build type 'ament_cmake'
[1.508s] INFO:colcon.colcon_cmake.task.cmake.build:Building CMake package in '/home/duplicix/FRA532_LAB1_6366_6368/src/carver_navigation'
[1.526s] INFO:colcon.colcon_core.plugin_system:Skipping extension 'colcon_core.shell.bat': Not used on non-Windows systems
[1.526s] INFO:colcon.colcon_core.shell:Skip shell extension 'powershell' for command environment: Not usable outside of PowerShell
[1.526s] DEBUG:colcon.colcon_core.shell:Skip shell extension 'dsv' for command environment
[1.578s] INFO:colcon.colcon_ros.task.ament_cmake.build:Building ROS package in '/home/duplicix/FRA532_LAB1_6366_6368/src/robot_control' with build type 'ament_cmake'
[1.578s] INFO:colcon.colcon_cmake.task.cmake.build:Building CMake package in '/home/duplicix/FRA532_LAB1_6366_6368/src/robot_control'
[1.595s] INFO:colcon.colcon_core.shell:Skip shell extension 'powershell' for command environment: Not usable outside of PowerShell
[1.595s] DEBUG:colcon.colcon_core.shell:Skip shell extension 'dsv' for command environment
[1.647s] INFO:colcon.colcon_ros.task.ament_cmake.build:Building ROS package in '/home/duplicix/FRA532_LAB1_6366_6368/src/ur5_ros2_gazebo' with build type 'ament_cmake'
[1.647s] INFO:colcon.colcon_cmake.task.cmake.build:Building CMake package in '/home/duplicix/FRA532_LAB1_6366_6368/src/ur5_ros2_gazebo'
[1.664s] INFO:colcon.colcon_core.shell:Skip shell extension 'powershell' for command environment: Not usable outside of PowerShell
[1.664s] DEBUG:colcon.colcon_core.shell:Skip shell extension 'dsv' for command environment
[1.725s] DEBUG:colcon.colcon_core.event_handler.log_command:Invoking command in '/home/duplicix/FRA532_LAB1_6366_6368/build/carver_navigation': CMAKE_PREFIX_PATH=${CMAKE_PREFIX_PATH}:/opt/ros/humble /usr/bin/cmake /home/duplicix/FRA532_LAB1_6366_6368/src/carver_navigation -DAMENT_CMAKE_SYMLINK_INSTALL=1 -DCMAKE_INSTALL_PREFIX=/home/duplicix/FRA532_LAB1_6366_6368/install/carver_navigation
[1.728s] DEBUG:colcon.colcon_core.event_handler.log_command:Invoking command in '/home/duplicix/FRA532_LAB1_6366_6368/build/robot_control': CMAKE_PREFIX_PATH=${CMAKE_PREFIX_PATH}:/opt/ros/humble /usr/bin/cmake /home/duplicix/FRA532_LAB1_6366_6368/src/robot_control -DAMENT_CMAKE_SYMLINK_INSTALL=1 -DCMAKE_INSTALL_PREFIX=/home/duplicix/FRA532_LAB1_6366_6368/install/robot_control
[1.730s] DEBUG:colcon.colcon_core.event_handler.log_command:Invoking command in '/home/duplicix/FRA532_LAB1_6366_6368/build/ur5_ros2_gazebo': CMAKE_PREFIX_PATH=${CMAKE_PREFIX_PATH}:/opt/ros/humble /usr/bin/cmake /home/duplicix/FRA532_LAB1_6366_6368/src/ur5_ros2_gazebo -DAMENT_CMAKE_SYMLINK_INSTALL=1 -DCMAKE_INSTALL_PREFIX=/home/duplicix/FRA532_LAB1_6366_6368/install/ur5_ros2_gazebo
[2.394s] DEBUG:colcon.colcon_core.event_handler.log_command:Invoked command in '/home/duplicix/FRA532_LAB1_6366_6368/build/robot_control' returned '0': CMAKE_PREFIX_PATH=${CMAKE_PREFIX_PATH}:/opt/ros/humble /usr/bin/cmake /home/duplicix/FRA532_LAB1_6366_6368/src/robot_control -DAMENT_CMAKE_SYMLINK_INSTALL=1 -DCMAKE_INSTALL_PREFIX=/home/duplicix/FRA532_LAB1_6366_6368/install/robot_control
[2.395s] DEBUG:colcon.colcon_core.event_handler.log_command:Invoking command in '/home/duplicix/FRA532_LAB1_6366_6368/build/robot_control': CMAKE_PREFIX_PATH=${CMAKE_PREFIX_PATH}:/opt/ros/humble /usr/bin/cmake --build /home/duplicix/FRA532_LAB1_6366_6368/build/robot_control -- -j12 -l12
[2.438s] DEBUG:colcon.colcon_core.event_handler.log_command:Invoked command in '/home/duplicix/FRA532_LAB1_6366_6368/build/robot_control' returned '0': CMAKE_PREFIX_PATH=${CMAKE_PREFIX_PATH}:/opt/ros/humble /usr/bin/cmake --build /home/duplicix/FRA532_LAB1_6366_6368/build/robot_control -- -j12 -l12
[2.475s] DEBUG:colcon.colcon_core.event_handler.log_command:Invoking command in '/home/duplicix/FRA532_LAB1_6366_6368/build/robot_control': CMAKE_PREFIX_PATH=${CMAKE_PREFIX_PATH}:/opt/ros/humble /usr/bin/cmake --install /home/duplicix/FRA532_LAB1_6366_6368/build/robot_control
[2.494s] DEBUG:colcon.colcon_core.event_handler.log_command:Invoked command in '/home/duplicix/FRA532_LAB1_6366_6368/build/ur5_ros2_gazebo' returned '0': CMAKE_PREFIX_PATH=${CMAKE_PREFIX_PATH}:/opt/ros/humble /usr/bin/cmake /home/duplicix/FRA532_LAB1_6366_6368/src/ur5_ros2_gazebo -DAMENT_CMAKE_SYMLINK_INSTALL=1 -DCMAKE_INSTALL_PREFIX=/home/duplicix/FRA532_LAB1_6366_6368/install/ur5_ros2_gazebo
[2.495s] DEBUG:colcon.colcon_core.event_handler.log_command:Invoking command in '/home/duplicix/FRA532_LAB1_6366_6368/build/ur5_ros2_gazebo': CMAKE_PREFIX_PATH=${CMAKE_PREFIX_PATH}:/opt/ros/humble /usr/bin/cmake --build /home/duplicix/FRA532_LAB1_6366_6368/build/ur5_ros2_gazebo -- -j12 -l12
[2.535s] DEBUG:colcon.colcon_core.event_handler.log_command:Invoked command in '/home/duplicix/FRA532_LAB1_6366_6368/build/ur5_ros2_gazebo' returned '0': CMAKE_PREFIX_PATH=${CMAKE_PREFIX_PATH}:/opt/ros/humble /usr/bin/cmake --build /home/duplicix/FRA532_LAB1_6366_6368/build/ur5_ros2_gazebo -- -j12 -l12
[2.561s] DEBUG:colcon.colcon_core.event_handler.log_command:Invoking command in '/home/duplicix/FRA532_LAB1_6366_6368/build/ur5_ros2_gazebo': CMAKE_PREFIX_PATH=${CMAKE_PREFIX_PATH}:/opt/ros/humble /usr/bin/cmake --install /home/duplicix/FRA532_LAB1_6366_6368/build/ur5_ros2_gazebo
[2.697s] Level 1:colcon.colcon_core.environment:create_environment_scripts_only(robot_control)
[2.697s] DEBUG:colcon.colcon_core.event_handler.log_command:Invoked command in '/home/duplicix/FRA532_LAB1_6366_6368/build/robot_control' returned '0': CMAKE_PREFIX_PATH=${CMAKE_PREFIX_PATH}:/opt/ros/humble /usr/bin/cmake --install /home/duplicix/FRA532_LAB1_6366_6368/build/robot_control
[2.722s] Level 1:colcon.colcon_core.environment:checking '/home/duplicix/FRA532_LAB1_6366_6368/install/robot_control' for CMake module files
[2.723s] Level 1:colcon.colcon_core.environment:checking '/home/duplicix/FRA532_LAB1_6366_6368/install/robot_control' for CMake config files
[2.723s] Level 1:colcon.colcon_core.shell:create_environment_hook('robot_control', 'cmake_prefix_path')
[2.745s] INFO:colcon.colcon_core.shell:Creating environment hook '/home/duplicix/FRA532_LAB1_6366_6368/install/robot_control/share/robot_control/hook/cmake_prefix_path.ps1'
[2.745s] INFO:colcon.colcon_core.shell:Creating environment descriptor '/home/duplicix/FRA532_LAB1_6366_6368/install/robot_control/share/robot_control/hook/cmake_prefix_path.dsv'
[2.746s] INFO:colcon.colcon_core.shell:Creating environment hook '/home/duplicix/FRA532_LAB1_6366_6368/install/robot_control/share/robot_control/hook/cmake_prefix_path.sh'
[2.747s] Level 1:colcon.colcon_core.environment:checking '/home/duplicix/FRA532_LAB1_6366_6368/install/robot_control/lib'
[2.747s] Level 1:colcon.colcon_core.environment:checking '/home/duplicix/FRA532_LAB1_6366_6368/install/robot_control/bin'
[2.747s] Level 1:colcon.colcon_core.environment:checking '/home/duplicix/FRA532_LAB1_6366_6368/install/robot_control/lib/pkgconfig/robot_control.pc'
[2.748s] Level 1:colcon.colcon_core.environment:checking '/home/duplicix/FRA532_LAB1_6366_6368/install/robot_control/lib/python3.10/site-packages'
[2.748s] Level 1:colcon.colcon_core.environment:checking '/home/duplicix/FRA532_LAB1_6366_6368/install/robot_control/bin'
[2.767s] INFO:colcon.colcon_core.shell:Creating package script '/home/duplicix/FRA532_LAB1_6366_6368/install/robot_control/share/robot_control/package.ps1'
[2.768s] INFO:colcon.colcon_core.shell:Creating package descriptor '/home/duplicix/FRA532_LAB1_6366_6368/install/robot_control/share/robot_control/package.dsv'
[2.768s] INFO:colcon.colcon_core.shell:Creating package script '/home/duplicix/FRA532_LAB1_6366_6368/install/robot_control/share/robot_control/package.sh'
[2.769s] INFO:colcon.colcon_core.shell:Creating package script '/home/duplicix/FRA532_LAB1_6366_6368/install/robot_control/share/robot_control/package.bash'
[2.769s] INFO:colcon.colcon_core.shell:Creating package script '/home/duplicix/FRA532_LAB1_6366_6368/install/robot_control/share/robot_control/package.zsh'
[2.770s] Level 1:colcon.colcon_core.environment:create_file_with_runtime_dependencies(/home/duplicix/FRA532_LAB1_6366_6368/install/robot_control/share/colcon-core/packages/robot_control)
[2.813s] Level 1:colcon.colcon_core.environment:create_environment_scripts_only(robot_control)
[2.834s] Level 1:colcon.colcon_core.environment:checking '/home/duplicix/FRA532_LAB1_6366_6368/install/robot_control' for CMake module files
[2.835s] Level 1:colcon.colcon_core.environment:checking '/home/duplicix/FRA532_LAB1_6366_6368/install/robot_control' for CMake config files
[2.835s] Level 1:colcon.colcon_core.shell:create_environment_hook('robot_control', 'cmake_prefix_path')
[2.856s] INFO:colcon.colcon_core.shell:Creating environment hook '/home/duplicix/FRA532_LAB1_6366_6368/install/robot_control/share/robot_control/hook/cmake_prefix_path.ps1'
[2.856s] INFO:colcon.colcon_core.shell:Creating environment descriptor '/home/duplicix/FRA532_LAB1_6366_6368/install/robot_control/share/robot_control/hook/cmake_prefix_path.dsv'
[2.856s] INFO:colcon.colcon_core.shell:Creating environment hook '/home/duplicix/FRA532_LAB1_6366_6368/install/robot_control/share/robot_control/hook/cmake_prefix_path.sh'
[2.857s] Level 1:colcon.colcon_core.environment:checking '/home/duplicix/FRA532_LAB1_6366_6368/install/robot_control/lib'
[2.857s] Level 1:colcon.colcon_core.environment:checking '/home/duplicix/FRA532_LAB1_6366_6368/install/robot_control/bin'
[2.857s] Level 1:colcon.colcon_core.environment:checking '/home/duplicix/FRA532_LAB1_6366_6368/install/robot_control/lib/pkgconfig/robot_control.pc'
[2.857s] Level 1:colcon.colcon_core.environment:checking '/home/duplicix/FRA532_LAB1_6366_6368/install/robot_control/lib/python3.10/site-packages'
[2.858s] Level 1:colcon.colcon_core.environment:checking '/home/duplicix/FRA532_LAB1_6366_6368/install/robot_control/bin'
[2.875s] INFO:colcon.colcon_core.shell:Creating package script '/home/duplicix/FRA532_LAB1_6366_6368/install/robot_control/share/robot_control/package.ps1'
[2.876s] INFO:colcon.colcon_core.shell:Creating package descriptor '/home/duplicix/FRA532_LAB1_6366_6368/install/robot_control/share/robot_control/package.dsv'
[2.876s] INFO:colcon.colcon_core.shell:Creating package script '/home/duplicix/FRA532_LAB1_6366_6368/install/robot_control/share/robot_control/package.sh'
[2.876s] INFO:colcon.colcon_core.shell:Creating package script '/home/duplicix/FRA532_LAB1_6366_6368/install/robot_control/share/robot_control/package.bash'
[2.877s] INFO:colcon.colcon_core.shell:Creating package script '/home/duplicix/FRA532_LAB1_6366_6368/install/robot_control/share/robot_control/package.zsh'
[2.877s] Level 1:colcon.colcon_core.environment:create_file_with_runtime_dependencies(/home/duplicix/FRA532_LAB1_6366_6368/install/robot_control/share/colcon-core/packages/robot_control)
[2.878s] DEBUG:colcon.colcon_core.event_handler.log_command:Invoked command in '/home/duplicix/FRA532_LAB1_6366_6368/build/carver_navigation' returned '0': CMAKE_PREFIX_PATH=${CMAKE_PREFIX_PATH}:/opt/ros/humble /usr/bin/cmake /home/duplicix/FRA532_LAB1_6366_6368/src/carver_navigation -DAMENT_CMAKE_SYMLINK_INSTALL=1 -DCMAKE_INSTALL_PREFIX=/home/duplicix/FRA532_LAB1_6366_6368/install/carver_navigation
[2.880s] DEBUG:colcon.colcon_core.event_handler.log_command:Invoking command in '/home/duplicix/FRA532_LAB1_6366_6368/build/carver_navigation': CMAKE_PREFIX_PATH=${CMAKE_PREFIX_PATH}:/opt/ros/humble /usr/bin/cmake --build /home/duplicix/FRA532_LAB1_6366_6368/build/carver_navigation -- -j12 -l12
[3.013s] DEBUG:colcon.colcon_core.event_handler.log_command:Invoked command in '/home/duplicix/FRA532_LAB1_6366_6368/build/carver_navigation' returned '0': CMAKE_PREFIX_PATH=${CMAKE_PREFIX_PATH}:/opt/ros/humble /usr/bin/cmake --build /home/duplicix/FRA532_LAB1_6366_6368/build/carver_navigation -- -j12 -l12
[3.039s] DEBUG:colcon.colcon_core.event_handler.log_command:Invoking command in '/home/duplicix/FRA532_LAB1_6366_6368/build/carver_navigation': CMAKE_PREFIX_PATH=${CMAKE_PREFIX_PATH}:/opt/ros/humble /usr/bin/cmake --install /home/duplicix/FRA532_LAB1_6366_6368/build/carver_navigation
[3.533s] Level 1:colcon.colcon_core.environment:create_environment_scripts_only(carver_navigation)
[3.534s] DEBUG:colcon.colcon_core.event_handler.log_command:Invoked command in '/home/duplicix/FRA532_LAB1_6366_6368/build/carver_navigation' returned '0': CMAKE_PREFIX_PATH=${CMAKE_PREFIX_PATH}:/opt/ros/humble /usr/bin/cmake --install /home/duplicix/FRA532_LAB1_6366_6368/build/carver_navigation
[3.551s] Level 1:colcon.colcon_core.environment:checking '/home/duplicix/FRA532_LAB1_6366_6368/install/carver_navigation' for CMake module files
[3.552s] Level 1:colcon.colcon_core.environment:checking '/home/duplicix/FRA532_LAB1_6366_6368/install/carver_navigation' for CMake config files
[3.553s] Level 1:colcon.colcon_core.shell:create_environment_hook('carver_navigation', 'cmake_prefix_path')
[3.577s] INFO:colcon.colcon_core.shell:Creating environment hook '/home/duplicix/FRA532_LAB1_6366_6368/install/carver_navigation/share/carver_navigation/hook/cmake_prefix_path.ps1'
[3.577s] INFO:colcon.colcon_core.shell:Creating environment descriptor '/home/duplicix/FRA532_LAB1_6366_6368/install/carver_navigation/share/carver_navigation/hook/cmake_prefix_path.dsv'
[3.577s] INFO:colcon.colcon_core.shell:Creating environment hook '/home/duplicix/FRA532_LAB1_6366_6368/install/carver_navigation/share/carver_navigation/hook/cmake_prefix_path.sh'
[3.578s] Level 1:colcon.colcon_core.environment:checking '/home/duplicix/FRA532_LAB1_6366_6368/install/carver_navigation/lib'
[3.578s] Level 1:colcon.colcon_core.environment:checking '/home/duplicix/FRA532_LAB1_6366_6368/install/carver_navigation/bin'
[3.578s] Level 1:colcon.colcon_core.environment:checking '/home/duplicix/FRA532_LAB1_6366_6368/install/carver_navigation/lib/pkgconfig/carver_navigation.pc'
[3.578s] Level 1:colcon.colcon_core.environment:checking '/home/duplicix/FRA532_LAB1_6366_6368/install/carver_navigation/lib/python3.10/site-packages'
[3.579s] Level 1:colcon.colcon_core.environment:checking '/home/duplicix/FRA532_LAB1_6366_6368/install/carver_navigation/bin'
[3.601s] INFO:colcon.colcon_core.shell:Creating package script '/home/duplicix/FRA532_LAB1_6366_6368/install/carver_navigation/share/carver_navigation/package.ps1'
[3.602s] INFO:colcon.colcon_core.shell:Creating package descriptor '/home/duplicix/FRA532_LAB1_6366_6368/install/carver_navigation/share/carver_navigation/package.dsv'
[3.603s] INFO:colcon.colcon_core.shell:Creating package script '/home/duplicix/FRA532_LAB1_6366_6368/install/carver_navigation/share/carver_navigation/package.sh'
[3.603s] INFO:colcon.colcon_core.shell:Creating package script '/home/duplicix/FRA532_LAB1_6366_6368/install/carver_navigation/share/carver_navigation/package.bash'
[3.603s] INFO:colcon.colcon_core.shell:Creating package script '/home/duplicix/FRA532_LAB1_6366_6368/install/carver_navigation/share/carver_navigation/package.zsh'
[3.604s] Level 1:colcon.colcon_core.environment:create_file_with_runtime_dependencies(/home/duplicix/FRA532_LAB1_6366_6368/install/carver_navigation/share/colcon-core/packages/carver_navigation)
[3.645s] Level 1:colcon.colcon_core.environment:create_environment_scripts_only(carver_navigation)
[3.663s] Level 1:colcon.colcon_core.environment:checking '/home/duplicix/FRA532_LAB1_6366_6368/install/carver_navigation' for CMake module files
[3.664s] Level 1:colcon.colcon_core.environment:checking '/home/duplicix/FRA532_LAB1_6366_6368/install/carver_navigation' for CMake config files
[3.664s] Level 1:colcon.colcon_core.shell:create_environment_hook('carver_navigation', 'cmake_prefix_path')
[3.682s] INFO:colcon.colcon_core.shell:Creating environment hook '/home/duplicix/FRA532_LAB1_6366_6368/install/carver_navigation/share/carver_navigation/hook/cmake_prefix_path.ps1'
[3.682s] INFO:colcon.colcon_core.shell:Creating environment descriptor '/home/duplicix/FRA532_LAB1_6366_6368/install/carver_navigation/share/carver_navigation/hook/cmake_prefix_path.dsv'
[3.683s] INFO:colcon.colcon_core.shell:Creating environment hook '/home/duplicix/FRA532_LAB1_6366_6368/install/carver_navigation/share/carver_navigation/hook/cmake_prefix_path.sh'
[3.683s] Level 1:colcon.colcon_core.environment:checking '/home/duplicix/FRA532_LAB1_6366_6368/install/carver_navigation/lib'
[3.683s] Level 1:colcon.colcon_core.environment:checking '/home/duplicix/FRA532_LAB1_6366_6368/install/carver_navigation/bin'
[3.683s] Level 1:colcon.colcon_core.environment:checking '/home/duplicix/FRA532_LAB1_6366_6368/install/carver_navigation/lib/pkgconfig/carver_navigation.pc'
[3.683s] Level 1:colcon.colcon_core.environment:checking '/home/duplicix/FRA532_LAB1_6366_6368/install/carver_navigation/lib/python3.10/site-packages'
[3.684s] Level 1:colcon.colcon_core.environment:checking '/home/duplicix/FRA532_LAB1_6366_6368/install/carver_navigation/bin'
[3.700s] INFO:colcon.colcon_core.shell:Creating package script '/home/duplicix/FRA532_LAB1_6366_6368/install/carver_navigation/share/carver_navigation/package.ps1'
[3.700s] INFO:colcon.colcon_core.shell:Creating package descriptor '/home/duplicix/FRA532_LAB1_6366_6368/install/carver_navigation/share/carver_navigation/package.dsv'
[3.701s] INFO:colcon.colcon_core.shell:Creating package script '/home/duplicix/FRA532_LAB1_6366_6368/install/carver_navigation/share/carver_navigation/package.sh'
[3.701s] INFO:colcon.colcon_core.shell:Creating package script '/home/duplicix/FRA532_LAB1_6366_6368/install/carver_navigation/share/carver_navigation/package.bash'
[3.702s] INFO:colcon.colcon_core.shell:Creating package script '/home/duplicix/FRA532_LAB1_6366_6368/install/carver_navigation/share/carver_navigation/package.zsh'
[3.702s] Level 1:colcon.colcon_core.environment:create_file_with_runtime_dependencies(/home/duplicix/FRA532_LAB1_6366_6368/install/carver_navigation/share/colcon-core/packages/carver_navigation)
[4.401s] Level 1:colcon.colcon_core.environment:create_environment_scripts_only(ur5_ros2_gazebo)
[4.402s] DEBUG:colcon.colcon_core.event_handler.log_command:Invoked command in '/home/duplicix/FRA532_LAB1_6366_6368/build/ur5_ros2_gazebo' returned '0': CMAKE_PREFIX_PATH=${CMAKE_PREFIX_PATH}:/opt/ros/humble /usr/bin/cmake --install /home/duplicix/FRA532_LAB1_6366_6368/build/ur5_ros2_gazebo
[4.420s] Level 1:colcon.colcon_core.environment:checking '/home/duplicix/FRA532_LAB1_6366_6368/install/ur5_ros2_gazebo' for CMake module files
[4.420s] Level 1:colcon.colcon_core.environment:checking '/home/duplicix/FRA532_LAB1_6366_6368/install/ur5_ros2_gazebo' for CMake config files
[4.421s] Level 1:colcon.colcon_core.shell:create_environment_hook('ur5_ros2_gazebo', 'cmake_prefix_path')
[4.436s] INFO:colcon.colcon_core.shell:Creating environment hook '/home/duplicix/FRA532_LAB1_6366_6368/install/ur5_ros2_gazebo/share/ur5_ros2_gazebo/hook/cmake_prefix_path.ps1'
[4.436s] INFO:colcon.colcon_core.shell:Creating environment descriptor '/home/duplicix/FRA532_LAB1_6366_6368/install/ur5_ros2_gazebo/share/ur5_ros2_gazebo/hook/cmake_prefix_path.dsv'
[4.437s] INFO:colcon.colcon_core.shell:Creating environment hook '/home/duplicix/FRA532_LAB1_6366_6368/install/ur5_ros2_gazebo/share/ur5_ros2_gazebo/hook/cmake_prefix_path.sh'
[4.437s] Level 1:colcon.colcon_core.environment:checking '/home/duplicix/FRA532_LAB1_6366_6368/install/ur5_ros2_gazebo/bin'
[4.437s] Level 1:colcon.colcon_core.environment:checking '/home/duplicix/FRA532_LAB1_6366_6368/install/ur5_ros2_gazebo/lib/pkgconfig/ur5_ros2_gazebo.pc'
[4.437s] Level 1:colcon.colcon_core.environment:checking '/home/duplicix/FRA532_LAB1_6366_6368/install/ur5_ros2_gazebo/lib/python3.10/site-packages'
[4.438s] Level 1:colcon.colcon_core.environment:checking '/home/duplicix/FRA532_LAB1_6366_6368/install/ur5_ros2_gazebo/bin'
[4.454s] INFO:colcon.colcon_core.shell:Creating package script '/home/duplicix/FRA532_LAB1_6366_6368/install/ur5_ros2_gazebo/share/ur5_ros2_gazebo/package.ps1'
[4.455s] INFO:colcon.colcon_core.shell:Creating package descriptor '/home/duplicix/FRA532_LAB1_6366_6368/install/ur5_ros2_gazebo/share/ur5_ros2_gazebo/package.dsv'
[4.456s] INFO:colcon.colcon_core.shell:Creating package script '/home/duplicix/FRA532_LAB1_6366_6368/install/ur5_ros2_gazebo/share/ur5_ros2_gazebo/package.sh'
[4.456s] INFO:colcon.colcon_core.shell:Creating package script '/home/duplicix/FRA532_LAB1_6366_6368/install/ur5_ros2_gazebo/share/ur5_ros2_gazebo/package.bash'
[4.456s] INFO:colcon.colcon_core.shell:Creating package script '/home/duplicix/FRA532_LAB1_6366_6368/install/ur5_ros2_gazebo/share/ur5_ros2_gazebo/package.zsh'
[4.457s] Level 1:colcon.colcon_core.environment:create_file_with_runtime_dependencies(/home/duplicix/FRA532_LAB1_6366_6368/install/ur5_ros2_gazebo/share/colcon-core/packages/ur5_ros2_gazebo)
[4.493s] Level 1:colcon.colcon_core.environment:create_environment_scripts_only(ur5_ros2_gazebo)
[4.509s] Level 1:colcon.colcon_core.environment:checking '/home/duplicix/FRA532_LAB1_6366_6368/install/ur5_ros2_gazebo' for CMake module files
[4.510s] Level 1:colcon.colcon_core.environment:checking '/home/duplicix/FRA532_LAB1_6366_6368/install/ur5_ros2_gazebo' for CMake config files
[4.511s] Level 1:colcon.colcon_core.shell:create_environment_hook('ur5_ros2_gazebo', 'cmake_prefix_path')
[4.526s] INFO:colcon.colcon_core.shell:Creating environment hook '/home/duplicix/FRA532_LAB1_6366_6368/install/ur5_ros2_gazebo/share/ur5_ros2_gazebo/hook/cmake_prefix_path.ps1'
[4.527s] INFO:colcon.colcon_core.shell:Creating environment descriptor '/home/duplicix/FRA532_LAB1_6366_6368/install/ur5_ros2_gazebo/share/ur5_ros2_gazebo/hook/cmake_prefix_path.dsv'
[4.527s] INFO:colcon.colcon_core.shell:Creating environment hook '/home/duplicix/FRA532_LAB1_6366_6368/install/ur5_ros2_gazebo/share/ur5_ros2_gazebo/hook/cmake_prefix_path.sh'
[4.528s] Level 1:colcon.colcon_core.environment:checking '/home/duplicix/FRA532_LAB1_6366_6368/install/ur5_ros2_gazebo/bin'
[4.528s] Level 1:colcon.colcon_core.environment:checking '/home/duplicix/FRA532_LAB1_6366_6368/install/ur5_ros2_gazebo/lib/pkgconfig/ur5_ros2_gazebo.pc'
[4.528s] Level 1:colcon.colcon_core.environment:checking '/home/duplicix/FRA532_LAB1_6366_6368/install/ur5_ros2_gazebo/lib/python3.10/site-packages'
[4.528s] Level 1:colcon.colcon_core.environment:checking '/home/duplicix/FRA532_LAB1_6366_6368/install/ur5_ros2_gazebo/bin'
[4.544s] INFO:colcon.colcon_core.shell:Creating package script '/home/duplicix/FRA532_LAB1_6366_6368/install/ur5_ros2_gazebo/share/ur5_ros2_gazebo/package.ps1'
[4.545s] INFO:colcon.colcon_core.shell:Creating package descriptor '/home/duplicix/FRA532_LAB1_6366_6368/install/ur5_ros2_gazebo/share/ur5_ros2_gazebo/package.dsv'
[4.545s] INFO:colcon.colcon_core.shell:Creating package script '/home/duplicix/FRA532_LAB1_6366_6368/install/ur5_ros2_gazebo/share/ur5_ros2_gazebo/package.sh'
[4.546s] INFO:colcon.colcon_core.shell:Creating package script '/home/duplicix/FRA532_LAB1_6366_6368/install/ur5_ros2_gazebo/share/ur5_ros2_gazebo/package.bash'
[4.546s] INFO:colcon.colcon_core.shell:Creating package script '/home/duplicix/FRA532_LAB1_6366_6368/install/ur5_ros2_gazebo/share/ur5_ros2_gazebo/package.zsh'
[4.546s] Level 1:colcon.colcon_core.environment:create_file_with_runtime_dependencies(/home/duplicix/FRA532_LAB1_6366_6368/install/ur5_ros2_gazebo/share/colcon-core/packages/ur5_ros2_gazebo)
[4.547s] DEBUG:colcon.colcon_parallel_executor.executor.parallel:closing loop
[4.547s] DEBUG:colcon.colcon_parallel_executor.executor.parallel:loop closed
[4.547s] DEBUG:colcon.colcon_parallel_executor.executor.parallel:run_until_complete finished with '0'
[4.547s] DEBUG:colcon.colcon_core.event_reactor:joining thread
[4.568s] INFO:colcon.colcon_core.plugin_system:Skipping extension 'colcon_notification.desktop_notification.terminal_notifier': Not used on non-Darwin systems
[4.568s] INFO:colcon.colcon_core.plugin_system:Skipping extension 'colcon_notification.desktop_notification.win32': Not used on non-Windows systems
[4.568s] INFO:colcon.colcon_notification.desktop_notification:Sending desktop notification using 'notify2'
[4.582s] DEBUG:colcon.colcon_core.event_reactor:joined thread
[4.598s] INFO:colcon.colcon_core.shell:Creating prefix script '/home/duplicix/FRA532_LAB1_6366_6368/install/local_setup.ps1'
[4.599s] INFO:colcon.colcon_core.shell:Creating prefix util module '/home/duplicix/FRA532_LAB1_6366_6368/install/_local_setup_util_ps1.py'
[4.600s] INFO:colcon.colcon_core.shell:Creating prefix chain script '/home/duplicix/FRA532_LAB1_6366_6368/install/setup.ps1'
[4.617s] INFO:colcon.colcon_core.shell:Creating prefix script '/home/duplicix/FRA532_LAB1_6366_6368/install/local_setup.sh'
[4.617s] INFO:colcon.colcon_core.shell:Creating prefix util module '/home/duplicix/FRA532_LAB1_6366_6368/install/_local_setup_util_sh.py'
[4.618s] INFO:colcon.colcon_core.shell:Creating prefix chain script '/home/duplicix/FRA532_LAB1_6366_6368/install/setup.sh'
[4.635s] INFO:colcon.colcon_core.shell:Creating prefix script '/home/duplicix/FRA532_LAB1_6366_6368/install/local_setup.bash'
[4.635s] INFO:colcon.colcon_core.shell:Creating prefix chain script '/home/duplicix/FRA532_LAB1_6366_6368/install/setup.bash'
[4.654s] INFO:colcon.colcon_core.shell:Creating prefix script '/home/duplicix/FRA532_LAB1_6366_6368/install/local_setup.zsh'
[4.654s] INFO:colcon.colcon_core.shell:Creating prefix chain script '/home/duplicix/FRA532_LAB1_6366_6368/install/setup.zsh'
