[1.062s] DEBUG:colcon:Command line arguments: ['/usr/bin/colcon', 'build', '--symlink-install']
[1.062s] DEBUG:colcon:Parsed command line arguments: Namespace(log_base=None, log_level=None, verb_name='build', build_base='build', install_base='install', merge_install=False, symlink_install=True, test_result_base=None, continue_on_error=False, executor='parallel', parallel_workers=12, event_handlers=None, ignore_user_meta=False, metas=['./colcon.meta'], base_paths=['.'], packages_ignore=None, packages_ignore_regex=None, paths=None, packages_up_to=None, packages_up_to_regex=None, packages_above=None, packages_above_and_dependencies=None, packages_above_depth=None, packages_select_by_dep=None, packages_skip_by_dep=None, packages_skip_up_to=None, packages_select_build_failed=False, packages_skip_build_finished=False, packages_select_test_failures=False, packages_skip_test_passed=False, packages_select=None, packages_skip=None, packages_select_regex=None, packages_skip_regex=None, packages_start=None, packages_end=None, allow_overriding=[], cmake_args=None, cmake_target=None, cmake_target_skip_unavailable=False, cmake_clean_cache=False, cmake_clean_first=False, cmake_force_configure=False, ament_cmake_args=None, catkin_cmake_args=None, catkin_skip_building_tests=False, verb_parser=<colcon_defaults.argument_parser.defaults.DefaultArgumentsDecorator object at 0x7fd56958ace0>, verb_extension=<colcon_core.verb.build.BuildVerb object at 0x7fd5695942b0>, main=<bound method BuildVerb.main of <colcon_core.verb.build.BuildVerb object at 0x7fd5695942b0>>)
[1.119s] Level 1:colcon.colcon_core.package_discovery:discover_packages(colcon_meta) check parameters
[1.119s] Level 1:colcon.colcon_core.package_discovery:discover_packages(recursive) check parameters
[1.119s] Level 1:colcon.colcon_core.package_discovery:discover_packages(ignore) check parameters
[1.119s] Level 1:colcon.colcon_core.package_discovery:discover_packages(path) check parameters
[1.119s] Level 1:colcon.colcon_core.package_discovery:discover_packages(colcon_meta) discover
[1.119s] Level 1:colcon.colcon_core.package_discovery:discover_packages(recursive) discover
[1.119s] INFO:colcon.colcon_core.package_discovery:Crawling recursively for packages in '/home/duplicix/FRA532_LAB1_6366_6368'
[1.119s] Level 1:colcon.colcon_core.package_identification:_identify(.) by extensions ['ignore', 'ignore_ament_install']
[1.119s] Level 1:colcon.colcon_core.package_identification:_identify(.) by extension 'ignore'
[1.119s] Level 1:colcon.colcon_core.package_identification:_identify(.) by extension 'ignore_ament_install'
[1.119s] Level 1:colcon.colcon_core.package_identification:_identify(.) by extensions ['colcon_pkg']
[1.119s] Level 1:colcon.colcon_core.package_identification:_identify(.) by extension 'colcon_pkg'
[1.119s] Level 1:colcon.colcon_core.package_identification:_identify(.) by extensions ['colcon_meta']
[1.119s] Level 1:colcon.colcon_core.package_identification:_identify(.) by extension 'colcon_meta'
[1.119s] Level 1:colcon.colcon_core.package_identification:_identify(.) by extensions ['ros']
[1.119s] Level 1:colcon.colcon_core.package_identification:_identify(.) by extension 'ros'
[1.130s] Level 1:colcon.colcon_core.package_identification:_identify(.) by extensions ['cmake', 'python']
[1.130s] Level 1:colcon.colcon_core.package_identification:_identify(.) by extension 'cmake'
[1.130s] Level 1:colcon.colcon_core.package_identification:_identify(.) by extension 'python'
[1.130s] Level 1:colcon.colcon_core.package_identification:_identify(.) by extensions ['python_setup_py']
[1.130s] Level 1:colcon.colcon_core.package_identification:_identify(.) by extension 'python_setup_py'
[1.130s] Level 1:colcon.colcon_core.package_identification:_identify(build) by extensions ['ignore', 'ignore_ament_install']
[1.130s] Level 1:colcon.colcon_core.package_identification:_identify(build) by extension 'ignore'
[1.130s] Level 1:colcon.colcon_core.package_identification:_identify(build) ignored
[1.131s] Level 1:colcon.colcon_core.package_identification:_identify(install) by extensions ['ignore', 'ignore_ament_install']
[1.131s] Level 1:colcon.colcon_core.package_identification:_identify(install) by extension 'ignore'
[1.131s] Level 1:colcon.colcon_core.package_identification:_identify(install) ignored
[1.131s] Level 1:colcon.colcon_core.package_identification:_identify(log) by extensions ['ignore', 'ignore_ament_install']
[1.131s] Level 1:colcon.colcon_core.package_identification:_identify(log) by extension 'ignore'
[1.131s] Level 1:colcon.colcon_core.package_identification:_identify(log) ignored
[1.131s] Level 1:colcon.colcon_core.package_identification:_identify(src) by extensions ['ignore', 'ignore_ament_install']
[1.131s] Level 1:colcon.colcon_core.package_identification:_identify(src) by extension 'ignore'
[1.131s] Level 1:colcon.colcon_core.package_identification:_identify(src) by extension 'ignore_ament_install'
[1.131s] Level 1:colcon.colcon_core.package_identification:_identify(src) by extensions ['colcon_pkg']
[1.131s] Level 1:colcon.colcon_core.package_identification:_identify(src) by extension 'colcon_pkg'
[1.131s] Level 1:colcon.colcon_core.package_identification:_identify(src) by extensions ['colcon_meta']
[1.131s] Level 1:colcon.colcon_core.package_identification:_identify(src) by extension 'colcon_meta'
[1.131s] Level 1:colcon.colcon_core.package_identification:_identify(src) by extensions ['ros']
[1.131s] Level 1:colcon.colcon_core.package_identification:_identify(src) by extension 'ros'
[1.131s] Level 1:colcon.colcon_core.package_identification:_identify(src) by extensions ['cmake', 'python']
[1.131s] Level 1:colcon.colcon_core.package_identification:_identify(src) by extension 'cmake'
[1.131s] Level 1:colcon.colcon_core.package_identification:_identify(src) by extension 'python'
[1.131s] Level 1:colcon.colcon_core.package_identification:_identify(src) by extensions ['python_setup_py']
[1.131s] Level 1:colcon.colcon_core.package_identification:_identify(src) by extension 'python_setup_py'
[1.132s] Level 1:colcon.colcon_core.package_identification:_identify(src/carver_navigation) by extensions ['ignore', 'ignore_ament_install']
[1.132s] Level 1:colcon.colcon_core.package_identification:_identify(src/carver_navigation) by extension 'ignore'
[1.132s] Level 1:colcon.colcon_core.package_identification:_identify(src/carver_navigation) by extension 'ignore_ament_install'
[1.132s] Level 1:colcon.colcon_core.package_identification:_identify(src/carver_navigation) by extensions ['colcon_pkg']
[1.132s] Level 1:colcon.colcon_core.package_identification:_identify(src/carver_navigation) by extension 'colcon_pkg'
[1.132s] Level 1:colcon.colcon_core.package_identification:_identify(src/carver_navigation) by extensions ['colcon_meta']
[1.132s] Level 1:colcon.colcon_core.package_identification:_identify(src/carver_navigation) by extension 'colcon_meta'
[1.132s] Level 1:colcon.colcon_core.package_identification:_identify(src/carver_navigation) by extensions ['ros']
[1.132s] Level 1:colcon.colcon_core.package_identification:_identify(src/carver_navigation) by extension 'ros'
[1.135s] DEBUG:colcon.colcon_core.package_identification:Package 'src/carver_navigation' with type 'ros.ament_cmake' and name 'carver_navigation'
[1.135s] Level 1:colcon.colcon_core.package_identification:_identify(src/robot_control) by extensions ['ignore', 'ignore_ament_install']
[1.135s] Level 1:colcon.colcon_core.package_identification:_identify(src/robot_control) by extension 'ignore'
[1.135s] Level 1:colcon.colcon_core.package_identification:_identify(src/robot_control) by extension 'ignore_ament_install'
[1.135s] Level 1:colcon.colcon_core.package_identification:_identify(src/robot_control) by extensions ['colcon_pkg']
[1.135s] Level 1:colcon.colcon_core.package_identification:_identify(src/robot_control) by extension 'colcon_pkg'
[1.135s] Level 1:colcon.colcon_core.package_identification:_identify(src/robot_control) by extensions ['colcon_meta']
[1.135s] Level 1:colcon.colcon_core.package_identification:_identify(src/robot_control) by extension 'colcon_meta'
[1.135s] Level 1:colcon.colcon_core.package_identification:_identify(src/robot_control) by extensions ['ros']
[1.135s] Level 1:colcon.colcon_core.package_identification:_identify(src/robot_control) by extension 'ros'
[1.136s] DEBUG:colcon.colcon_core.package_identification:Package 'src/robot_control' with type 'ros.ament_cmake' and name 'robot_control'
[1.136s] Level 1:colcon.colcon_core.package_identification:_identify(src/ur5_ros2_gazebo) by extensions ['ignore', 'ignore_ament_install']
[1.136s] Level 1:colcon.colcon_core.package_identification:_identify(src/ur5_ros2_gazebo) by extension 'ignore'
[1.136s] Level 1:colcon.colcon_core.package_identification:_identify(src/ur5_ros2_gazebo) by extension 'ignore_ament_install'
[1.136s] Level 1:colcon.colcon_core.package_identification:_identify(src/ur5_ros2_gazebo) by extensions ['colcon_pkg']
[1.136s] Level 1:colcon.colcon_core.package_identification:_identify(src/ur5_ros2_gazebo) by extension 'colcon_pkg'
[1.136s] Level 1:colcon.colcon_core.package_identification:_identify(src/ur5_ros2_gazebo) by extensions ['colcon_meta']
[1.136s] Level 1:colcon.colcon_core.package_identification:_identify(src/ur5_ros2_gazebo) by extension 'colcon_meta'
[1.136s] Level 1:colcon.colcon_core.package_identification:_identify(src/ur5_ros2_gazebo) by extensions ['ros']
[1.136s] Level 1:colcon.colcon_core.package_identification:_identify(src/ur5_ros2_gazebo) by extension 'ros'
[1.137s] DEBUG:colcon.colcon_core.package_identification:Package 'src/ur5_ros2_gazebo' with type 'ros.ament_cmake' and name 'ur5_ros2_gazebo'
[1.137s] Level 1:colcon.colcon_core.package_discovery:discover_packages(recursive) using defaults
[1.137s] Level 1:colcon.colcon_core.package_discovery:discover_packages(ignore) discover
[1.137s] Level 1:colcon.colcon_core.package_discovery:discover_packages(ignore) using defaults
[1.137s] Level 1:colcon.colcon_core.package_discovery:discover_packages(path) discover
[1.137s] Level 1:colcon.colcon_core.package_discovery:discover_packages(path) using defaults
[1.231s] Level 1:colcon.colcon_core.package_discovery:discover_packages(prefix_path) check parameters
[1.231s] Level 1:colcon.colcon_core.package_discovery:discover_packages(prefix_path) discover
[1.262s] DEBUG:colcon.colcon_installed_package_information.package_discovery:Found 3 installed packages in /home/duplicix/FRA532_EX1_WS/install
[1.277s] DEBUG:colcon.colcon_installed_package_information.package_discovery:Found 1 installed packages in /home/duplicix/dev_ws/install
[1.292s] DEBUG:colcon.colcon_installed_package_information.package_discovery:Found 365 installed packages in /opt/ros/humble
[1.301s] Level 1:colcon.colcon_core.package_discovery:discover_packages(prefix_path) using defaults
[1.403s] Level 5:colcon.colcon_core.verb:set package 'carver_navigation' build argument 'cmake_args' from command line to 'None'
[1.403s] Level 5:colcon.colcon_core.verb:set package 'carver_navigation' build argument 'cmake_target' from command line to 'None'
[1.403s] Level 5:colcon.colcon_core.verb:set package 'carver_navigation' build argument 'cmake_target_skip_unavailable' from command line to 'False'
[1.403s] Level 5:colcon.colcon_core.verb:set package 'carver_navigation' build argument 'cmake_clean_cache' from command line to 'False'
[1.403s] Level 5:colcon.colcon_core.verb:set package 'carver_navigation' build argument 'cmake_clean_first' from command line to 'False'
[1.403s] Level 5:colcon.colcon_core.verb:set package 'carver_navigation' build argument 'cmake_force_configure' from command line to 'False'
[1.403s] Level 5:colcon.colcon_core.verb:set package 'carver_navigation' build argument 'ament_cmake_args' from command line to 'None'
[1.403s] Level 5:colcon.colcon_core.verb:set package 'carver_navigation' build argument 'catkin_cmake_args' from command line to 'None'
[1.403s] Level 5:colcon.colcon_core.verb:set package 'carver_navigation' build argument 'catkin_skip_building_tests' from command line to 'False'
[1.403s] DEBUG:colcon.colcon_core.verb:Building package 'carver_navigation' with the following arguments: {'ament_cmake_args': None, 'build_base': '/home/duplicix/FRA532_LAB1_6366_6368/build/carver_navigation', 'catkin_cmake_args': None, 'catkin_skip_building_tests': False, 'cmake_args': None, 'cmake_clean_cache': False, 'cmake_clean_first': False, 'cmake_force_configure': False, 'cmake_target': None, 'cmake_target_skip_unavailable': False, 'install_base': '/home/duplicix/FRA532_LAB1_6366_6368/install/carver_navigation', 'merge_install': False, 'path': '/home/duplicix/FRA532_LAB1_6366_6368/src/carver_navigation', 'symlink_install': True, 'test_result_base': None}
[1.418s] Level 5:colcon.colcon_core.verb:set package 'robot_control' build argument 'cmake_args' from command line to 'None'
[1.418s] Level 5:colcon.colcon_core.verb:set package 'robot_control' build argument 'cmake_target' from command line to 'None'
[1.418s] Level 5:colcon.colcon_core.verb:set package 'robot_control' build argument 'cmake_target_skip_unavailable' from command line to 'False'
[1.418s] Level 5:colcon.colcon_core.verb:set package 'robot_control' build argument 'cmake_clean_cache' from command line to 'False'
[1.418s] Level 5:colcon.colcon_core.verb:set package 'robot_control' build argument 'cmake_clean_first' from command line to 'False'
[1.418s] Level 5:colcon.colcon_core.verb:set package 'robot_control' build argument 'cmake_force_configure' from command line to 'False'
[1.418s] Level 5:colcon.colcon_core.verb:set package 'robot_control' build argument 'ament_cmake_args' from command line to 'None'
[1.418s] Level 5:colcon.colcon_core.verb:set package 'robot_control' build argument 'catkin_cmake_args' from command line to 'None'
[1.418s] Level 5:colcon.colcon_core.verb:set package 'robot_control' build argument 'catkin_skip_building_tests' from command line to 'False'
[1.418s] DEBUG:colcon.colcon_core.verb:Building package 'robot_control' with the following arguments: {'ament_cmake_args': None, 'build_base': '/home/duplicix/FRA532_LAB1_6366_6368/build/robot_control', 'catkin_cmake_args': None, 'catkin_skip_building_tests': False, 'cmake_args': None, 'cmake_clean_cache': False, 'cmake_clean_first': False, 'cmake_force_configure': False, 'cmake_target': None, 'cmake_target_skip_unavailable': False, 'install_base': '/home/duplicix/FRA532_LAB1_6366_6368/install/robot_control', 'merge_install': False, 'path': '/home/duplicix/FRA532_LAB1_6366_6368/src/robot_control', 'symlink_install': True, 'test_result_base': None}
[1.433s] Level 5:colcon.colcon_core.verb:set package 'ur5_ros2_gazebo' build argument 'cmake_args' from command line to 'None'
[1.433s] Level 5:colcon.colcon_core.verb:set package 'ur5_ros2_gazebo' build argument 'cmake_target' from command line to 'None'
[1.433s] Level 5:colcon.colcon_core.verb:set package 'ur5_ros2_gazebo' build argument 'cmake_target_skip_unavailable' from command line to 'False'
[1.433s] Level 5:colcon.colcon_core.verb:set package 'ur5_ros2_gazebo' build argument 'cmake_clean_cache' from command line to 'False'
[1.433s] Level 5:colcon.colcon_core.verb:set package 'ur5_ros2_gazebo' build argument 'cmake_clean_first' from command line to 'False'
[1.433s] Level 5:colcon.colcon_core.verb:set package 'ur5_ros2_gazebo' build argument 'cmake_force_configure' from command line to 'False'
[1.433s] Level 5:colcon.colcon_core.verb:set package 'ur5_ros2_gazebo' build argument 'ament_cmake_args' from command line to 'None'
[1.433s] Level 5:colcon.colcon_core.verb:set package 'ur5_ros2_gazebo' build argument 'catkin_cmake_args' from command line to 'None'
[1.433s] Level 5:colcon.colcon_core.verb:set package 'ur5_ros2_gazebo' build argument 'catkin_skip_building_tests' from command line to 'False'
[1.433s] DEBUG:colcon.colcon_core.verb:Building package 'ur5_ros2_gazebo' with the following arguments: {'ament_cmake_args': None, 'build_base': '/home/duplicix/FRA532_LAB1_6366_6368/build/ur5_ros2_gazebo', 'catkin_cmake_args': None, 'catkin_skip_building_tests': False, 'cmake_args': None, 'cmake_clean_cache': False, 'cmake_clean_first': False, 'cmake_force_configure': False, 'cmake_target': None, 'cmake_target_skip_unavailable': False, 'install_base': '/home/duplicix/FRA532_LAB1_6366_6368/install/ur5_ros2_gazebo', 'merge_install': False, 'path': '/home/duplicix/FRA532_LAB1_6366_6368/src/ur5_ros2_gazebo', 'symlink_install': True, 'test_result_base': None}
[1.447s] INFO:colcon.colcon_core.executor:Executing jobs using 'parallel' executor
[1.463s] DEBUG:colcon.colcon_parallel_executor.executor.parallel:run_until_complete
[1.463s] INFO:colcon.colcon_ros.task.ament_cmake.build:Building ROS package in '/home/duplicix/FRA532_LAB1_6366_6368/src/carver_navigation' with build type 'ament_cmake'
[1.463s] INFO:colcon.colcon_cmake.task.cmake.build:Building CMake package in '/home/duplicix/FRA532_LAB1_6366_6368/src/carver_navigation'
[1.482s] INFO:colcon.colcon_core.plugin_system:Skipping extension 'colcon_core.shell.bat': Not used on non-Windows systems
[1.482s] INFO:colcon.colcon_core.shell:Skip shell extension 'powershell' for command environment: Not usable outside of PowerShell
[1.482s] DEBUG:colcon.colcon_core.shell:Skip shell extension 'dsv' for command environment
[1.543s] INFO:colcon.colcon_ros.task.ament_cmake.build:Building ROS package in '/home/duplicix/FRA532_LAB1_6366_6368/src/robot_control' with build type 'ament_cmake'
[1.543s] INFO:colcon.colcon_cmake.task.cmake.build:Building CMake package in '/home/duplicix/FRA532_LAB1_6366_6368/src/robot_control'
[1.558s] INFO:colcon.colcon_core.shell:Skip shell extension 'powershell' for command environment: Not usable outside of PowerShell
[1.559s] DEBUG:colcon.colcon_core.shell:Skip shell extension 'dsv' for command environment
[1.620s] INFO:colcon.colcon_ros.task.ament_cmake.build:Building ROS package in '/home/duplicix/FRA532_LAB1_6366_6368/src/ur5_ros2_gazebo' with build type 'ament_cmake'
[1.620s] INFO:colcon.colcon_cmake.task.cmake.build:Building CMake package in '/home/duplicix/FRA532_LAB1_6366_6368/src/ur5_ros2_gazebo'
[1.635s] INFO:colcon.colcon_core.shell:Skip shell extension 'powershell' for command environment: Not usable outside of PowerShell
[1.635s] DEBUG:colcon.colcon_core.shell:Skip shell extension 'dsv' for command environment
[1.707s] DEBUG:colcon.colcon_core.event_handler.log_command:Invoking command in '/home/duplicix/FRA532_LAB1_6366_6368/build/carver_navigation': CMAKE_PREFIX_PATH=${CMAKE_PREFIX_PATH}:/opt/ros/humble /usr/bin/cmake /home/duplicix/FRA532_LAB1_6366_6368/src/carver_navigation -DAMENT_CMAKE_SYMLINK_INSTALL=1 -DCMAKE_INSTALL_PREFIX=/home/duplicix/FRA532_LAB1_6366_6368/install/carver_navigation
[1.708s] DEBUG:colcon.colcon_core.event_handler.log_command:Invoking command in '/home/duplicix/FRA532_LAB1_6366_6368/build/robot_control': CMAKE_PREFIX_PATH=${CMAKE_PREFIX_PATH}:/opt/ros/humble /usr/bin/cmake /home/duplicix/FRA532_LAB1_6366_6368/src/robot_control -DAMENT_CMAKE_SYMLINK_INSTALL=1 -DCMAKE_INSTALL_PREFIX=/home/duplicix/FRA532_LAB1_6366_6368/install/robot_control
[1.711s] DEBUG:colcon.colcon_core.event_handler.log_command:Invoking command in '/home/duplicix/FRA532_LAB1_6366_6368/build/ur5_ros2_gazebo': CMAKE_PREFIX_PATH=${CMAKE_PREFIX_PATH}:/opt/ros/humble /usr/bin/cmake /home/duplicix/FRA532_LAB1_6366_6368/src/ur5_ros2_gazebo -DAMENT_CMAKE_SYMLINK_INSTALL=1 -DCMAKE_INSTALL_PREFIX=/home/duplicix/FRA532_LAB1_6366_6368/install/ur5_ros2_gazebo
[2.467s] DEBUG:colcon.colcon_core.event_handler.log_command:Invoked command in '/home/duplicix/FRA532_LAB1_6366_6368/build/robot_control' returned '0': CMAKE_PREFIX_PATH=${CMAKE_PREFIX_PATH}:/opt/ros/humble /usr/bin/cmake /home/duplicix/FRA532_LAB1_6366_6368/src/robot_control -DAMENT_CMAKE_SYMLINK_INSTALL=1 -DCMAKE_INSTALL_PREFIX=/home/duplicix/FRA532_LAB1_6366_6368/install/robot_control
[2.468s] DEBUG:colcon.colcon_core.event_handler.log_command:Invoking command in '/home/duplicix/FRA532_LAB1_6366_6368/build/robot_control': CMAKE_PREFIX_PATH=${CMAKE_PREFIX_PATH}:/opt/ros/humble /usr/bin/cmake --build /home/duplicix/FRA532_LAB1_6366_6368/build/robot_control -- -j12 -l12
[2.505s] DEBUG:colcon.colcon_core.event_handler.log_command:Invoked command in '/home/duplicix/FRA532_LAB1_6366_6368/build/robot_control' returned '0': CMAKE_PREFIX_PATH=${CMAKE_PREFIX_PATH}:/opt/ros/humble /usr/bin/cmake --build /home/duplicix/FRA532_LAB1_6366_6368/build/robot_control -- -j12 -l12
[2.521s] DEBUG:colcon.colcon_core.event_handler.log_command:Invoked command in '/home/duplicix/FRA532_LAB1_6366_6368/build/ur5_ros2_gazebo' returned '0': CMAKE_PREFIX_PATH=${CMAKE_PREFIX_PATH}:/opt/ros/humble /usr/bin/cmake /home/duplicix/FRA532_LAB1_6366_6368/src/ur5_ros2_gazebo -DAMENT_CMAKE_SYMLINK_INSTALL=1 -DCMAKE_INSTALL_PREFIX=/home/duplicix/FRA532_LAB1_6366_6368/install/ur5_ros2_gazebo
[2.523s] DEBUG:colcon.colcon_core.event_handler.log_command:Invoking command in '/home/duplicix/FRA532_LAB1_6366_6368/build/ur5_ros2_gazebo': CMAKE_PREFIX_PATH=${CMAKE_PREFIX_PATH}:/opt/ros/humble /usr/bin/cmake --build /home/duplicix/FRA532_LAB1_6366_6368/build/ur5_ros2_gazebo -- -j12 -l12
[2.536s] DEBUG:colcon.colcon_core.event_handler.log_command:Invoking command in '/home/duplicix/FRA532_LAB1_6366_6368/build/robot_control': CMAKE_PREFIX_PATH=${CMAKE_PREFIX_PATH}:/opt/ros/humble /usr/bin/cmake --install /home/duplicix/FRA532_LAB1_6366_6368/build/robot_control
[2.558s] DEBUG:colcon.colcon_core.event_handler.log_command:Invoked command in '/home/duplicix/FRA532_LAB1_6366_6368/build/ur5_ros2_gazebo' returned '0': CMAKE_PREFIX_PATH=${CMAKE_PREFIX_PATH}:/opt/ros/humble /usr/bin/cmake --build /home/duplicix/FRA532_LAB1_6366_6368/build/ur5_ros2_gazebo -- -j12 -l12
[2.579s] DEBUG:colcon.colcon_core.event_handler.log_command:Invoking command in '/home/duplicix/FRA532_LAB1_6366_6368/build/ur5_ros2_gazebo': CMAKE_PREFIX_PATH=${CMAKE_PREFIX_PATH}:/opt/ros/humble /usr/bin/cmake --install /home/duplicix/FRA532_LAB1_6366_6368/build/ur5_ros2_gazebo
[2.728s] Level 1:colcon.colcon_core.environment:create_environment_scripts_only(robot_control)
[2.729s] DEBUG:colcon.colcon_core.event_handler.log_command:Invoked command in '/home/duplicix/FRA532_LAB1_6366_6368/build/robot_control' returned '0': CMAKE_PREFIX_PATH=${CMAKE_PREFIX_PATH}:/opt/ros/humble /usr/bin/cmake --install /home/duplicix/FRA532_LAB1_6366_6368/build/robot_control
[2.751s] Level 1:colcon.colcon_core.environment:checking '/home/duplicix/FRA532_LAB1_6366_6368/install/robot_control' for CMake module files
[2.752s] Level 1:colcon.colcon_core.environment:checking '/home/duplicix/FRA532_LAB1_6366_6368/install/robot_control' for CMake config files
[2.752s] Level 1:colcon.colcon_core.shell:create_environment_hook('robot_control', 'cmake_prefix_path')
[2.771s] INFO:colcon.colcon_core.shell:Creating environment hook '/home/duplicix/FRA532_LAB1_6366_6368/install/robot_control/share/robot_control/hook/cmake_prefix_path.ps1'
[2.771s] INFO:colcon.colcon_core.shell:Creating environment descriptor '/home/duplicix/FRA532_LAB1_6366_6368/install/robot_control/share/robot_control/hook/cmake_prefix_path.dsv'
[2.772s] INFO:colcon.colcon_core.shell:Creating environment hook '/home/duplicix/FRA532_LAB1_6366_6368/install/robot_control/share/robot_control/hook/cmake_prefix_path.sh'
[2.773s] Level 1:colcon.colcon_core.environment:checking '/home/duplicix/FRA532_LAB1_6366_6368/install/robot_control/lib'
[2.773s] Level 1:colcon.colcon_core.environment:checking '/home/duplicix/FRA532_LAB1_6366_6368/install/robot_control/bin'
[2.773s] Level 1:colcon.colcon_core.environment:checking '/home/duplicix/FRA532_LAB1_6366_6368/install/robot_control/lib/pkgconfig/robot_control.pc'
[2.774s] Level 1:colcon.colcon_core.environment:checking '/home/duplicix/FRA532_LAB1_6366_6368/install/robot_control/lib/python3.10/site-packages'
[2.774s] Level 1:colcon.colcon_core.environment:checking '/home/duplicix/FRA532_LAB1_6366_6368/install/robot_control/bin'
[2.789s] INFO:colcon.colcon_core.shell:Creating package script '/home/duplicix/FRA532_LAB1_6366_6368/install/robot_control/share/robot_control/package.ps1'
[2.790s] INFO:colcon.colcon_core.shell:Creating package descriptor '/home/duplicix/FRA532_LAB1_6366_6368/install/robot_control/share/robot_control/package.dsv'
[2.791s] INFO:colcon.colcon_core.shell:Creating package script '/home/duplicix/FRA532_LAB1_6366_6368/install/robot_control/share/robot_control/package.sh'
[2.792s] INFO:colcon.colcon_core.shell:Creating package script '/home/duplicix/FRA532_LAB1_6366_6368/install/robot_control/share/robot_control/package.bash'
[2.792s] INFO:colcon.colcon_core.shell:Creating package script '/home/duplicix/FRA532_LAB1_6366_6368/install/robot_control/share/robot_control/package.zsh'
[2.793s] Level 1:colcon.colcon_core.environment:create_file_with_runtime_dependencies(/home/duplicix/FRA532_LAB1_6366_6368/install/robot_control/share/colcon-core/packages/robot_control)
[2.831s] Level 1:colcon.colcon_core.environment:create_environment_scripts_only(robot_control)
[2.847s] Level 1:colcon.colcon_core.environment:checking '/home/duplicix/FRA532_LAB1_6366_6368/install/robot_control' for CMake module files
[2.847s] Level 1:colcon.colcon_core.environment:checking '/home/duplicix/FRA532_LAB1_6366_6368/install/robot_control' for CMake config files
[2.848s] Level 1:colcon.colcon_core.shell:create_environment_hook('robot_control', 'cmake_prefix_path')
[2.866s] INFO:colcon.colcon_core.shell:Creating environment hook '/home/duplicix/FRA532_LAB1_6366_6368/install/robot_control/share/robot_control/hook/cmake_prefix_path.ps1'
[2.867s] INFO:colcon.colcon_core.shell:Creating environment descriptor '/home/duplicix/FRA532_LAB1_6366_6368/install/robot_control/share/robot_control/hook/cmake_prefix_path.dsv'
[2.867s] INFO:colcon.colcon_core.shell:Creating environment hook '/home/duplicix/FRA532_LAB1_6366_6368/install/robot_control/share/robot_control/hook/cmake_prefix_path.sh'
[2.868s] Level 1:colcon.colcon_core.environment:checking '/home/duplicix/FRA532_LAB1_6366_6368/install/robot_control/lib'
[2.868s] Level 1:colcon.colcon_core.environment:checking '/home/duplicix/FRA532_LAB1_6366_6368/install/robot_control/bin'
[2.868s] Level 1:colcon.colcon_core.environment:checking '/home/duplicix/FRA532_LAB1_6366_6368/install/robot_control/lib/pkgconfig/robot_control.pc'
[2.869s] Level 1:colcon.colcon_core.environment:checking '/home/duplicix/FRA532_LAB1_6366_6368/install/robot_control/lib/python3.10/site-packages'
[2.869s] Level 1:colcon.colcon_core.environment:checking '/home/duplicix/FRA532_LAB1_6366_6368/install/robot_control/bin'
[2.888s] INFO:colcon.colcon_core.shell:Creating package script '/home/duplicix/FRA532_LAB1_6366_6368/install/robot_control/share/robot_control/package.ps1'
[2.888s] INFO:colcon.colcon_core.shell:Creating package descriptor '/home/duplicix/FRA532_LAB1_6366_6368/install/robot_control/share/robot_control/package.dsv'
[2.889s] INFO:colcon.colcon_core.shell:Creating package script '/home/duplicix/FRA532_LAB1_6366_6368/install/robot_control/share/robot_control/package.sh'
[2.889s] INFO:colcon.colcon_core.shell:Creating package script '/home/duplicix/FRA532_LAB1_6366_6368/install/robot_control/share/robot_control/package.bash'
[2.889s] INFO:colcon.colcon_core.shell:Creating package script '/home/duplicix/FRA532_LAB1_6366_6368/install/robot_control/share/robot_control/package.zsh'
[2.890s] Level 1:colcon.colcon_core.environment:create_file_with_runtime_dependencies(/home/duplicix/FRA532_LAB1_6366_6368/install/robot_control/share/colcon-core/packages/robot_control)
[2.891s] DEBUG:colcon.colcon_core.event_handler.log_command:Invoked command in '/home/duplicix/FRA532_LAB1_6366_6368/build/carver_navigation' returned '0': CMAKE_PREFIX_PATH=${CMAKE_PREFIX_PATH}:/opt/ros/humble /usr/bin/cmake /home/duplicix/FRA532_LAB1_6366_6368/src/carver_navigation -DAMENT_CMAKE_SYMLINK_INSTALL=1 -DCMAKE_INSTALL_PREFIX=/home/duplicix/FRA532_LAB1_6366_6368/install/carver_navigation
[2.893s] DEBUG:colcon.colcon_core.event_handler.log_command:Invoking command in '/home/duplicix/FRA532_LAB1_6366_6368/build/carver_navigation': CMAKE_PREFIX_PATH=${CMAKE_PREFIX_PATH}:/opt/ros/humble /usr/bin/cmake --build /home/duplicix/FRA532_LAB1_6366_6368/build/carver_navigation -- -j12 -l12
[3.029s] DEBUG:colcon.colcon_core.event_handler.log_command:Invoked command in '/home/duplicix/FRA532_LAB1_6366_6368/build/carver_navigation' returned '0': CMAKE_PREFIX_PATH=${CMAKE_PREFIX_PATH}:/opt/ros/humble /usr/bin/cmake --build /home/duplicix/FRA532_LAB1_6366_6368/build/carver_navigation -- -j12 -l12
[3.053s] DEBUG:colcon.colcon_core.event_handler.log_command:Invoking command in '/home/duplicix/FRA532_LAB1_6366_6368/build/carver_navigation': CMAKE_PREFIX_PATH=${CMAKE_PREFIX_PATH}:/opt/ros/humble /usr/bin/cmake --install /home/duplicix/FRA532_LAB1_6366_6368/build/carver_navigation
[3.505s] Level 1:colcon.colcon_core.environment:create_environment_scripts_only(carver_navigation)
[3.505s] DEBUG:colcon.colcon_core.event_handler.log_command:Invoked command in '/home/duplicix/FRA532_LAB1_6366_6368/build/carver_navigation' returned '0': CMAKE_PREFIX_PATH=${CMAKE_PREFIX_PATH}:/opt/ros/humble /usr/bin/cmake --install /home/duplicix/FRA532_LAB1_6366_6368/build/carver_navigation
[3.521s] Level 1:colcon.colcon_core.environment:checking '/home/duplicix/FRA532_LAB1_6366_6368/install/carver_navigation' for CMake module files
[3.521s] Level 1:colcon.colcon_core.environment:checking '/home/duplicix/FRA532_LAB1_6366_6368/install/carver_navigation' for CMake config files
[3.522s] Level 1:colcon.colcon_core.shell:create_environment_hook('carver_navigation', 'cmake_prefix_path')
[3.537s] INFO:colcon.colcon_core.shell:Creating environment hook '/home/duplicix/FRA532_LAB1_6366_6368/install/carver_navigation/share/carver_navigation/hook/cmake_prefix_path.ps1'
[3.537s] INFO:colcon.colcon_core.shell:Creating environment descriptor '/home/duplicix/FRA532_LAB1_6366_6368/install/carver_navigation/share/carver_navigation/hook/cmake_prefix_path.dsv'
[3.538s] INFO:colcon.colcon_core.shell:Creating environment hook '/home/duplicix/FRA532_LAB1_6366_6368/install/carver_navigation/share/carver_navigation/hook/cmake_prefix_path.sh'
[3.538s] Level 1:colcon.colcon_core.environment:checking '/home/duplicix/FRA532_LAB1_6366_6368/install/carver_navigation/lib'
[3.538s] Level 1:colcon.colcon_core.environment:checking '/home/duplicix/FRA532_LAB1_6366_6368/install/carver_navigation/bin'
[3.538s] Level 1:colcon.colcon_core.environment:checking '/home/duplicix/FRA532_LAB1_6366_6368/install/carver_navigation/lib/pkgconfig/carver_navigation.pc'
[3.539s] Level 1:colcon.colcon_core.environment:checking '/home/duplicix/FRA532_LAB1_6366_6368/install/carver_navigation/lib/python3.10/site-packages'
[3.539s] Level 1:colcon.colcon_core.environment:checking '/home/duplicix/FRA532_LAB1_6366_6368/install/carver_navigation/bin'
[3.554s] INFO:colcon.colcon_core.shell:Creating package script '/home/duplicix/FRA532_LAB1_6366_6368/install/carver_navigation/share/carver_navigation/package.ps1'
[3.555s] INFO:colcon.colcon_core.shell:Creating package descriptor '/home/duplicix/FRA532_LAB1_6366_6368/install/carver_navigation/share/carver_navigation/package.dsv'
[3.555s] INFO:colcon.colcon_core.shell:Creating package script '/home/duplicix/FRA532_LAB1_6366_6368/install/carver_navigation/share/carver_navigation/package.sh'
[3.555s] INFO:colcon.colcon_core.shell:Creating package script '/home/duplicix/FRA532_LAB1_6366_6368/install/carver_navigation/share/carver_navigation/package.bash'
[3.556s] INFO:colcon.colcon_core.shell:Creating package script '/home/duplicix/FRA532_LAB1_6366_6368/install/carver_navigation/share/carver_navigation/package.zsh'
[3.556s] Level 1:colcon.colcon_core.environment:create_file_with_runtime_dependencies(/home/duplicix/FRA532_LAB1_6366_6368/install/carver_navigation/share/colcon-core/packages/carver_navigation)
[3.595s] Level 1:colcon.colcon_core.environment:create_environment_scripts_only(carver_navigation)
[3.610s] Level 1:colcon.colcon_core.environment:checking '/home/duplicix/FRA532_LAB1_6366_6368/install/carver_navigation' for CMake module files
[3.611s] Level 1:colcon.colcon_core.environment:checking '/home/duplicix/FRA532_LAB1_6366_6368/install/carver_navigation' for CMake config files
[3.611s] Level 1:colcon.colcon_core.shell:create_environment_hook('carver_navigation', 'cmake_prefix_path')
[3.626s] INFO:colcon.colcon_core.shell:Creating environment hook '/home/duplicix/FRA532_LAB1_6366_6368/install/carver_navigation/share/carver_navigation/hook/cmake_prefix_path.ps1'
[3.627s] INFO:colcon.colcon_core.shell:Creating environment descriptor '/home/duplicix/FRA532_LAB1_6366_6368/install/carver_navigation/share/carver_navigation/hook/cmake_prefix_path.dsv'
[3.627s] INFO:colcon.colcon_core.shell:Creating environment hook '/home/duplicix/FRA532_LAB1_6366_6368/install/carver_navigation/share/carver_navigation/hook/cmake_prefix_path.sh'
[3.628s] Level 1:colcon.colcon_core.environment:checking '/home/duplicix/FRA532_LAB1_6366_6368/install/carver_navigation/lib'
[3.628s] Level 1:colcon.colcon_core.environment:checking '/home/duplicix/FRA532_LAB1_6366_6368/install/carver_navigation/bin'
[3.628s] Level 1:colcon.colcon_core.environment:checking '/home/duplicix/FRA532_LAB1_6366_6368/install/carver_navigation/lib/pkgconfig/carver_navigation.pc'
[3.628s] Level 1:colcon.colcon_core.environment:checking '/home/duplicix/FRA532_LAB1_6366_6368/install/carver_navigation/lib/python3.10/site-packages'
[3.628s] Level 1:colcon.colcon_core.environment:checking '/home/duplicix/FRA532_LAB1_6366_6368/install/carver_navigation/bin'
[3.644s] INFO:colcon.colcon_core.shell:Creating package script '/home/duplicix/FRA532_LAB1_6366_6368/install/carver_navigation/share/carver_navigation/package.ps1'
[3.644s] INFO:colcon.colcon_core.shell:Creating package descriptor '/home/duplicix/FRA532_LAB1_6366_6368/install/carver_navigation/share/carver_navigation/package.dsv'
[3.644s] INFO:colcon.colcon_core.shell:Creating package script '/home/duplicix/FRA532_LAB1_6366_6368/install/carver_navigation/share/carver_navigation/package.sh'
[3.645s] INFO:colcon.colcon_core.shell:Creating package script '/home/duplicix/FRA532_LAB1_6366_6368/install/carver_navigation/share/carver_navigation/package.bash'
[3.645s] INFO:colcon.colcon_core.shell:Creating package script '/home/duplicix/FRA532_LAB1_6366_6368/install/carver_navigation/share/carver_navigation/package.zsh'
[3.645s] Level 1:colcon.colcon_core.environment:create_file_with_runtime_dependencies(/home/duplicix/FRA532_LAB1_6366_6368/install/carver_navigation/share/colcon-core/packages/carver_navigation)
[4.257s] Level 1:colcon.colcon_core.environment:create_environment_scripts_only(ur5_ros2_gazebo)
[4.257s] DEBUG:colcon.colcon_core.event_handler.log_command:Invoked command in '/home/duplicix/FRA532_LAB1_6366_6368/build/ur5_ros2_gazebo' returned '0': CMAKE_PREFIX_PATH=${CMAKE_PREFIX_PATH}:/opt/ros/humble /usr/bin/cmake --install /home/duplicix/FRA532_LAB1_6366_6368/build/ur5_ros2_gazebo
[4.273s] Level 1:colcon.colcon_core.environment:checking '/home/duplicix/FRA532_LAB1_6366_6368/install/ur5_ros2_gazebo' for CMake module files
[4.274s] Level 1:colcon.colcon_core.environment:checking '/home/duplicix/FRA532_LAB1_6366_6368/install/ur5_ros2_gazebo' for CMake config files
[4.274s] Level 1:colcon.colcon_core.shell:create_environment_hook('ur5_ros2_gazebo', 'cmake_prefix_path')
[4.289s] INFO:colcon.colcon_core.shell:Creating environment hook '/home/duplicix/FRA532_LAB1_6366_6368/install/ur5_ros2_gazebo/share/ur5_ros2_gazebo/hook/cmake_prefix_path.ps1'
[4.290s] INFO:colcon.colcon_core.shell:Creating environment descriptor '/home/duplicix/FRA532_LAB1_6366_6368/install/ur5_ros2_gazebo/share/ur5_ros2_gazebo/hook/cmake_prefix_path.dsv'
[4.290s] INFO:colcon.colcon_core.shell:Creating environment hook '/home/duplicix/FRA532_LAB1_6366_6368/install/ur5_ros2_gazebo/share/ur5_ros2_gazebo/hook/cmake_prefix_path.sh'
[4.290s] Level 1:colcon.colcon_core.environment:checking '/home/duplicix/FRA532_LAB1_6366_6368/install/ur5_ros2_gazebo/bin'
[4.290s] Level 1:colcon.colcon_core.environment:checking '/home/duplicix/FRA532_LAB1_6366_6368/install/ur5_ros2_gazebo/lib/pkgconfig/ur5_ros2_gazebo.pc'
[4.291s] Level 1:colcon.colcon_core.environment:checking '/home/duplicix/FRA532_LAB1_6366_6368/install/ur5_ros2_gazebo/lib/python3.10/site-packages'
[4.291s] Level 1:colcon.colcon_core.environment:checking '/home/duplicix/FRA532_LAB1_6366_6368/install/ur5_ros2_gazebo/bin'
[4.305s] INFO:colcon.colcon_core.shell:Creating package script '/home/duplicix/FRA532_LAB1_6366_6368/install/ur5_ros2_gazebo/share/ur5_ros2_gazebo/package.ps1'
[4.306s] INFO:colcon.colcon_core.shell:Creating package descriptor '/home/duplicix/FRA532_LAB1_6366_6368/install/ur5_ros2_gazebo/share/ur5_ros2_gazebo/package.dsv'
[4.306s] INFO:colcon.colcon_core.shell:Creating package script '/home/duplicix/FRA532_LAB1_6366_6368/install/ur5_ros2_gazebo/share/ur5_ros2_gazebo/package.sh'
[4.306s] INFO:colcon.colcon_core.shell:Creating package script '/home/duplicix/FRA532_LAB1_6366_6368/install/ur5_ros2_gazebo/share/ur5_ros2_gazebo/package.bash'
[4.307s] INFO:colcon.colcon_core.shell:Creating package script '/home/duplicix/FRA532_LAB1_6366_6368/install/ur5_ros2_gazebo/share/ur5_ros2_gazebo/package.zsh'
[4.307s] Level 1:colcon.colcon_core.environment:create_file_with_runtime_dependencies(/home/duplicix/FRA532_LAB1_6366_6368/install/ur5_ros2_gazebo/share/colcon-core/packages/ur5_ros2_gazebo)
[4.345s] Level 1:colcon.colcon_core.environment:create_environment_scripts_only(ur5_ros2_gazebo)
[4.359s] Level 1:colcon.colcon_core.environment:checking '/home/duplicix/FRA532_LAB1_6366_6368/install/ur5_ros2_gazebo' for CMake module files
[4.360s] Level 1:colcon.colcon_core.environment:checking '/home/duplicix/FRA532_LAB1_6366_6368/install/ur5_ros2_gazebo' for CMake config files
[4.360s] Level 1:colcon.colcon_core.shell:create_environment_hook('ur5_ros2_gazebo', 'cmake_prefix_path')
[4.375s] INFO:colcon.colcon_core.shell:Creating environment hook '/home/duplicix/FRA532_LAB1_6366_6368/install/ur5_ros2_gazebo/share/ur5_ros2_gazebo/hook/cmake_prefix_path.ps1'
[4.375s] INFO:colcon.colcon_core.shell:Creating environment descriptor '/home/duplicix/FRA532_LAB1_6366_6368/install/ur5_ros2_gazebo/share/ur5_ros2_gazebo/hook/cmake_prefix_path.dsv'
[4.376s] INFO:colcon.colcon_core.shell:Creating environment hook '/home/duplicix/FRA532_LAB1_6366_6368/install/ur5_ros2_gazebo/share/ur5_ros2_gazebo/hook/cmake_prefix_path.sh'
[4.376s] Level 1:colcon.colcon_core.environment:checking '/home/duplicix/FRA532_LAB1_6366_6368/install/ur5_ros2_gazebo/bin'
[4.376s] Level 1:colcon.colcon_core.environment:checking '/home/duplicix/FRA532_LAB1_6366_6368/install/ur5_ros2_gazebo/lib/pkgconfig/ur5_ros2_gazebo.pc'
[4.376s] Level 1:colcon.colcon_core.environment:checking '/home/duplicix/FRA532_LAB1_6366_6368/install/ur5_ros2_gazebo/lib/python3.10/site-packages'
[4.376s] Level 1:colcon.colcon_core.environment:checking '/home/duplicix/FRA532_LAB1_6366_6368/install/ur5_ros2_gazebo/bin'
[4.391s] INFO:colcon.colcon_core.shell:Creating package script '/home/duplicix/FRA532_LAB1_6366_6368/install/ur5_ros2_gazebo/share/ur5_ros2_gazebo/package.ps1'
[4.392s] INFO:colcon.colcon_core.shell:Creating package descriptor '/home/duplicix/FRA532_LAB1_6366_6368/install/ur5_ros2_gazebo/share/ur5_ros2_gazebo/package.dsv'
[4.392s] INFO:colcon.colcon_core.shell:Creating package script '/home/duplicix/FRA532_LAB1_6366_6368/install/ur5_ros2_gazebo/share/ur5_ros2_gazebo/package.sh'
[4.392s] INFO:colcon.colcon_core.shell:Creating package script '/home/duplicix/FRA532_LAB1_6366_6368/install/ur5_ros2_gazebo/share/ur5_ros2_gazebo/package.bash'
[4.393s] INFO:colcon.colcon_core.shell:Creating package script '/home/duplicix/FRA532_LAB1_6366_6368/install/ur5_ros2_gazebo/share/ur5_ros2_gazebo/package.zsh'
[4.393s] Level 1:colcon.colcon_core.environment:create_file_with_runtime_dependencies(/home/duplicix/FRA532_LAB1_6366_6368/install/ur5_ros2_gazebo/share/colcon-core/packages/ur5_ros2_gazebo)
[4.393s] DEBUG:colcon.colcon_parallel_executor.executor.parallel:closing loop
[4.393s] DEBUG:colcon.colcon_parallel_executor.executor.parallel:loop closed
[4.393s] DEBUG:colcon.colcon_parallel_executor.executor.parallel:run_until_complete finished with '0'
[4.393s] DEBUG:colcon.colcon_core.event_reactor:joining thread
[4.414s] INFO:colcon.colcon_core.plugin_system:Skipping extension 'colcon_notification.desktop_notification.terminal_notifier': Not used on non-Darwin systems
[4.414s] INFO:colcon.colcon_core.plugin_system:Skipping extension 'colcon_notification.desktop_notification.win32': Not used on non-Windows systems
[4.414s] INFO:colcon.colcon_notification.desktop_notification:Sending desktop notification using 'notify2'
[4.425s] DEBUG:colcon.colcon_core.event_reactor:joined thread
[4.440s] INFO:colcon.colcon_core.shell:Creating prefix script '/home/duplicix/FRA532_LAB1_6366_6368/install/local_setup.ps1'
[4.441s] INFO:colcon.colcon_core.shell:Creating prefix util module '/home/duplicix/FRA532_LAB1_6366_6368/install/_local_setup_util_ps1.py'
[4.443s] INFO:colcon.colcon_core.shell:Creating prefix chain script '/home/duplicix/FRA532_LAB1_6366_6368/install/setup.ps1'
[4.459s] INFO:colcon.colcon_core.shell:Creating prefix script '/home/duplicix/FRA532_LAB1_6366_6368/install/local_setup.sh'
[4.459s] INFO:colcon.colcon_core.shell:Creating prefix util module '/home/duplicix/FRA532_LAB1_6366_6368/install/_local_setup_util_sh.py'
[4.460s] INFO:colcon.colcon_core.shell:Creating prefix chain script '/home/duplicix/FRA532_LAB1_6366_6368/install/setup.sh'
[4.476s] INFO:colcon.colcon_core.shell:Creating prefix script '/home/duplicix/FRA532_LAB1_6366_6368/install/local_setup.bash'
[4.477s] INFO:colcon.colcon_core.shell:Creating prefix chain script '/home/duplicix/FRA532_LAB1_6366_6368/install/setup.bash'
[4.492s] INFO:colcon.colcon_core.shell:Creating prefix script '/home/duplicix/FRA532_LAB1_6366_6368/install/local_setup.zsh'
[4.493s] INFO:colcon.colcon_core.shell:Creating prefix chain script '/home/duplicix/FRA532_LAB1_6366_6368/install/setup.zsh'
