[0.082s] Invoking command in '/home/duplicix/FRA532_LAB1_6366_6368/build/ur5_ros2_gazebo': CMAKE_PREFIX_PATH=${CMAKE_PREFIX_PATH}:/opt/ros/humble /usr/bin/cmake /home/duplicix/FRA532_LAB1_6366_6368/src/ur5_ros2_gazebo -DAMENT_CMAKE_SYMLINK_INSTALL=1 -DCMAKE_INSTALL_PREFIX=/home/duplicix/FRA532_LAB1_6366_6368/install/ur5_ros2_gazebo
[0.136s] -- The C compiler identification is GNU 11.4.0
[0.196s] -- The CXX compiler identification is GNU 11.4.0
[0.204s] -- Detecting C compiler ABI info
[0.277s] -- Detecting C compiler ABI info - done
[0.287s] -- Check for working C compiler: /usr/bin/cc - skipped
[0.287s] -- Detecting C compile features
[0.288s] -- Detecting C compile features - done
[0.290s] -- Detecting CXX compiler ABI info
[0.375s] -- Detecting CXX compiler ABI info - done
[0.387s] -- Check for working CXX compiler: /usr/bin/c++ - skipped
[0.387s] -- Detecting CXX compile features
[0.388s] -- Detecting CXX compile features - done
[0.391s] -- Found ament_cmake: 1.3.6 (/opt/ros/humble/share/ament_cmake/cmake)
[0.577s] -- Found Python3: /usr/bin/python3.10 (found version "3.10.12") found components: Interpreter 
[0.644s] -- Override CMake install command with custom implementation using symlinks instead of copying resources
[0.676s] -- Found ament_lint_auto: 0.12.9 (/opt/ros/humble/share/ament_lint_auto/cmake)
[0.766s] -- Added test 'copyright' to check source files copyright and LICENSE
[0.804s] -- Added test 'flake8' to check Python code syntax and style conventions
[0.809s] -- Added test 'lint_cmake' to check CMake code style
[0.812s] -- Added test 'pep257' to check Python code against some of the docstring style conventions in PEP 257
[0.833s] -- Added test 'xmllint' to check XML markup files
[0.835s] -- Configuring done
[0.839s] -- Generating done
[0.840s] -- Build files have been written to: /home/duplicix/FRA532_LAB1_6366_6368/build/ur5_ros2_gazebo
[0.846s] Invoked command in '/home/duplicix/FRA532_LAB1_6366_6368/build/ur5_ros2_gazebo' returned '0': CMAKE_PREFIX_PATH=${CMAKE_PREFIX_PATH}:/opt/ros/humble /usr/bin/cmake /home/duplicix/FRA532_LAB1_6366_6368/src/ur5_ros2_gazebo -DAMENT_CMAKE_SYMLINK_INSTALL=1 -DCMAKE_INSTALL_PREFIX=/home/duplicix/FRA532_LAB1_6366_6368/install/ur5_ros2_gazebo
[0.848s] Invoking command in '/home/duplicix/FRA532_LAB1_6366_6368/build/ur5_ros2_gazebo': CMAKE_PREFIX_PATH=${CMAKE_PREFIX_PATH}:/opt/ros/humble /usr/bin/cmake --build /home/duplicix/FRA532_LAB1_6366_6368/build/ur5_ros2_gazebo -- -j12 -l12
[0.887s] Invoked command in '/home/duplicix/FRA532_LAB1_6366_6368/build/ur5_ros2_gazebo' returned '0': CMAKE_PREFIX_PATH=${CMAKE_PREFIX_PATH}:/opt/ros/humble /usr/bin/cmake --build /home/duplicix/FRA532_LAB1_6366_6368/build/ur5_ros2_gazebo -- -j12 -l12
[0.913s] Invoking command in '/home/duplicix/FRA532_LAB1_6366_6368/build/ur5_ros2_gazebo': CMAKE_PREFIX_PATH=${CMAKE_PREFIX_PATH}:/opt/ros/humble /usr/bin/cmake --install /home/duplicix/FRA532_LAB1_6366_6368/build/ur5_ros2_gazebo
[0.922s] -- Install configuration: ""
[0.922s] -- Execute custom install script
[0.923s] -- Symlinking: /home/duplicix/FRA532_LAB1_6366_6368/install/ur5_ros2_gazebo/share/ur5_ros2_gazebo/config/default_kinematics.yaml
[0.932s] -- Symlinking: /home/duplicix/FRA532_LAB1_6366_6368/install/ur5_ros2_gazebo/share/ur5_ros2_gazebo/config/initial_positions.yaml
[0.942s] -- Symlinking: /home/duplicix/FRA532_LAB1_6366_6368/install/ur5_ros2_gazebo/share/ur5_ros2_gazebo/config/joint_limits.yaml
[0.952s] -- Symlinking: /home/duplicix/FRA532_LAB1_6366_6368/install/ur5_ros2_gazebo/share/ur5_ros2_gazebo/config/physical_parameters.yaml
[0.961s] -- Symlinking: /home/duplicix/FRA532_LAB1_6366_6368/install/ur5_ros2_gazebo/share/ur5_ros2_gazebo/config/ur5_controller.yaml
[0.970s] -- Symlinking: /home/duplicix/FRA532_LAB1_6366_6368/install/ur5_ros2_gazebo/share/ur5_ros2_gazebo/config/visual_parameters.yaml
[0.980s] -- Symlinking: /home/duplicix/FRA532_LAB1_6366_6368/install/ur5_ros2_gazebo/share/ur5_ros2_gazebo/launch/ur5_simulation.launch.py
[0.990s] -- Symlinking: /home/duplicix/FRA532_LAB1_6366_6368/install/ur5_ros2_gazebo/share/ur5_ros2_gazebo/urdf/inertial_macros.xacro
[0.999s] -- Symlinking: /home/duplicix/FRA532_LAB1_6366_6368/install/ur5_ros2_gazebo/share/ur5_ros2_gazebo/urdf/ur5.urdf.xacro
[1.008s] -- Symlinking: /home/duplicix/FRA532_LAB1_6366_6368/install/ur5_ros2_gazebo/share/ur5_ros2_gazebo/urdf/ur5_common.xacro
[1.018s] -- Symlinking: /home/duplicix/FRA532_LAB1_6366_6368/install/ur5_ros2_gazebo/share/ur5_ros2_gazebo/urdf/ur5_macro.urdf.xacro
[1.028s] -- Symlinking: /home/duplicix/FRA532_LAB1_6366_6368/install/ur5_ros2_gazebo/share/ur5_ros2_gazebo/urdf/ur5_ros2control.xacro
[1.038s] -- Symlinking: /home/duplicix/FRA532_LAB1_6366_6368/install/ur5_ros2_gazebo/share/ur5_ros2_gazebo/urdf/ur5_transmission.xacro
[1.048s] -- Symlinking: /home/duplicix/FRA532_LAB1_6366_6368/install/ur5_ros2_gazebo/share/ur5_ros2_gazebo/worlds/neo_track1.world
[1.058s] -- Symlinking: /home/duplicix/FRA532_LAB1_6366_6368/install/ur5_ros2_gazebo/share/ur5_ros2_gazebo/worlds/pal_office.world
[1.067s] -- Symlinking: /home/duplicix/FRA532_LAB1_6366_6368/install/ur5_ros2_gazebo/share/ur5_ros2_gazebo/worlds/ur5.world
[1.079s] -- Symlinking: /home/duplicix/FRA532_LAB1_6366_6368/install/ur5_ros2_gazebo/share/ur5_ros2_gazebo/meshes/collision/Carver-Mun-M2-2.stl
[1.089s] -- Symlinking: /home/duplicix/FRA532_LAB1_6366_6368/install/ur5_ros2_gazebo/share/ur5_ros2_gazebo/meshes/collision/base.stl
[1.101s] -- Symlinking: /home/duplicix/FRA532_LAB1_6366_6368/install/ur5_ros2_gazebo/share/ur5_ros2_gazebo/meshes/collision/finger.stl
[1.108s] -- Symlinking: /home/duplicix/FRA532_LAB1_6366_6368/install/ur5_ros2_gazebo/share/ur5_ros2_gazebo/meshes/collision/finger_neutral.stl
[1.120s] -- Symlinking: /home/duplicix/FRA532_LAB1_6366_6368/install/ur5_ros2_gazebo/share/ur5_ros2_gazebo/meshes/collision/forearm.stl
[1.126s] -- Symlinking: /home/duplicix/FRA532_LAB1_6366_6368/install/ur5_ros2_gazebo/share/ur5_ros2_gazebo/meshes/collision/hand.stl
[1.135s] -- Symlinking: /home/duplicix/FRA532_LAB1_6366_6368/install/ur5_ros2_gazebo/share/ur5_ros2_gazebo/meshes/collision/mir_100_base.stl
[1.145s] -- Symlinking: /home/duplicix/FRA532_LAB1_6366_6368/install/ur5_ros2_gazebo/share/ur5_ros2_gazebo/meshes/collision/shoulder.stl
[1.153s] -- Symlinking: /home/duplicix/FRA532_LAB1_6366_6368/install/ur5_ros2_gazebo/share/ur5_ros2_gazebo/meshes/collision/upperarm.stl
[1.163s] -- Symlinking: /home/duplicix/FRA532_LAB1_6366_6368/install/ur5_ros2_gazebo/share/ur5_ros2_gazebo/meshes/collision/wrist1.stl
[1.173s] -- Symlinking: /home/duplicix/FRA532_LAB1_6366_6368/install/ur5_ros2_gazebo/share/ur5_ros2_gazebo/meshes/collision/wrist2.stl
[1.184s] -- Symlinking: /home/duplicix/FRA532_LAB1_6366_6368/install/ur5_ros2_gazebo/share/ur5_ros2_gazebo/meshes/collision/wrist3.stl
[1.193s] -- Symlinking: /home/duplicix/FRA532_LAB1_6366_6368/install/ur5_ros2_gazebo/share/ur5_ros2_gazebo/meshes/visual/Carver-Mun-M2-2.dae
[1.204s] -- Symlinking: /home/duplicix/FRA532_LAB1_6366_6368/install/ur5_ros2_gazebo/share/ur5_ros2_gazebo/meshes/visual/base.dae
[1.214s] -- Symlinking: /home/duplicix/FRA532_LAB1_6366_6368/install/ur5_ros2_gazebo/share/ur5_ros2_gazebo/meshes/visual/d455.stl
[1.222s] -- Symlinking: /home/duplicix/FRA532_LAB1_6366_6368/install/ur5_ros2_gazebo/share/ur5_ros2_gazebo/meshes/visual/finger.dae
[1.231s] -- Symlinking: /home/duplicix/FRA532_LAB1_6366_6368/install/ur5_ros2_gazebo/share/ur5_ros2_gazebo/meshes/visual/finger_neutral.dae
[1.239s] -- Symlinking: /home/duplicix/FRA532_LAB1_6366_6368/install/ur5_ros2_gazebo/share/ur5_ros2_gazebo/meshes/visual/forearm.dae
[1.248s] -- Symlinking: /home/duplicix/FRA532_LAB1_6366_6368/install/ur5_ros2_gazebo/share/ur5_ros2_gazebo/meshes/visual/hand.dae
[1.257s] -- Symlinking: /home/duplicix/FRA532_LAB1_6366_6368/install/ur5_ros2_gazebo/share/ur5_ros2_gazebo/meshes/visual/mir_100_base.stl
[1.265s] -- Symlinking: /home/duplicix/FRA532_LAB1_6366_6368/install/ur5_ros2_gazebo/share/ur5_ros2_gazebo/meshes/visual/shoulder.dae
[1.274s] -- Symlinking: /home/duplicix/FRA532_LAB1_6366_6368/install/ur5_ros2_gazebo/share/ur5_ros2_gazebo/meshes/visual/upperarm.dae
[1.283s] -- Symlinking: /home/duplicix/FRA532_LAB1_6366_6368/install/ur5_ros2_gazebo/share/ur5_ros2_gazebo/meshes/visual/wrist1.dae
[1.292s] -- Symlinking: /home/duplicix/FRA532_LAB1_6366_6368/install/ur5_ros2_gazebo/share/ur5_ros2_gazebo/meshes/visual/wrist2.dae
[1.301s] -- Symlinking: /home/duplicix/FRA532_LAB1_6366_6368/install/ur5_ros2_gazebo/share/ur5_ros2_gazebo/meshes/visual/wrist3.dae
[1.312s] -- Symlinking: /home/duplicix/FRA532_LAB1_6366_6368/install/ur5_ros2_gazebo/share/ur5_ros2_gazebo/models/Ar_tag.dae
[1.321s] -- Symlinking: /home/duplicix/FRA532_LAB1_6366_6368/install/ur5_ros2_gazebo/share/ur5_ros2_gazebo/models/Ar_tags/materials/scripts/ar_tag.material
[1.330s] -- Symlinking: /home/duplicix/FRA532_LAB1_6366_6368/install/ur5_ros2_gazebo/share/ur5_ros2_gazebo/models/Ar_tags/materials/textures/MarkerData_2.png
[1.339s] -- Symlinking: /home/duplicix/FRA532_LAB1_6366_6368/install/ur5_ros2_gazebo/share/ur5_ros2_gazebo/models/Ar_tags/meshes/Ar_tag.dae
[1.349s] -- Symlinking: /home/duplicix/FRA532_LAB1_6366_6368/install/ur5_ros2_gazebo/share/ur5_ros2_gazebo/models/Ar_tags/model.config
[1.358s] -- Symlinking: /home/duplicix/FRA532_LAB1_6366_6368/install/ur5_ros2_gazebo/share/ur5_ros2_gazebo/models/Ar_tags/model.sdf
[1.366s] -- Symlinking: /home/duplicix/FRA532_LAB1_6366_6368/install/ur5_ros2_gazebo/share/ur5_ros2_gazebo/models/Ar_tags_nr11/materials/scripts/ar_tag.material
[1.374s] -- Symlinking: /home/duplicix/FRA532_LAB1_6366_6368/install/ur5_ros2_gazebo/share/ur5_ros2_gazebo/models/Ar_tags_nr11/materials/textures/MarkerData_11.png
[1.386s] -- Symlinking: /home/duplicix/FRA532_LAB1_6366_6368/install/ur5_ros2_gazebo/share/ur5_ros2_gazebo/models/Ar_tags_nr11/meshes/Ar_tag_nr11.dae
[1.396s] -- Symlinking: /home/duplicix/FRA532_LAB1_6366_6368/install/ur5_ros2_gazebo/share/ur5_ros2_gazebo/models/Ar_tags_nr11/meshes/plate.blend
[1.406s] -- Symlinking: /home/duplicix/FRA532_LAB1_6366_6368/install/ur5_ros2_gazebo/share/ur5_ros2_gazebo/models/Ar_tags_nr11/model.config
[1.415s] -- Symlinking: /home/duplicix/FRA532_LAB1_6366_6368/install/ur5_ros2_gazebo/share/ur5_ros2_gazebo/models/Ar_tags_nr11/model.sdf
[1.424s] -- Symlinking: /home/duplicix/FRA532_LAB1_6366_6368/install/ur5_ros2_gazebo/share/ur5_ros2_gazebo/models/Ar_tags_nr12/materials/scripts/ar_tag.material
[1.433s] -- Symlinking: /home/duplicix/FRA532_LAB1_6366_6368/install/ur5_ros2_gazebo/share/ur5_ros2_gazebo/models/Ar_tags_nr12/materials/textures/MarkerData_12.png
[1.442s] -- Symlinking: /home/duplicix/FRA532_LAB1_6366_6368/install/ur5_ros2_gazebo/share/ur5_ros2_gazebo/models/Ar_tags_nr12/meshes/Ar_tag_nr12.dae
[1.452s] -- Symlinking: /home/duplicix/FRA532_LAB1_6366_6368/install/ur5_ros2_gazebo/share/ur5_ros2_gazebo/models/Ar_tags_nr12/meshes/plate.blend
[1.462s] -- Symlinking: /home/duplicix/FRA532_LAB1_6366_6368/install/ur5_ros2_gazebo/share/ur5_ros2_gazebo/models/Ar_tags_nr12/model.config
[1.472s] -- Symlinking: /home/duplicix/FRA532_LAB1_6366_6368/install/ur5_ros2_gazebo/share/ur5_ros2_gazebo/models/Ar_tags_nr12/model.sdf
[1.482s] -- Symlinking: /home/duplicix/FRA532_LAB1_6366_6368/install/ur5_ros2_gazebo/share/ur5_ros2_gazebo/models/Ar_tags_nr13/materials/scripts/ar_tag.material
[1.492s] -- Symlinking: /home/duplicix/FRA532_LAB1_6366_6368/install/ur5_ros2_gazebo/share/ur5_ros2_gazebo/models/Ar_tags_nr13/materials/textures/MarkerData_13.png
[1.501s] -- Symlinking: /home/duplicix/FRA532_LAB1_6366_6368/install/ur5_ros2_gazebo/share/ur5_ros2_gazebo/models/Ar_tags_nr13/meshes/Ar_tag_nr13.dae
[1.510s] -- Symlinking: /home/duplicix/FRA532_LAB1_6366_6368/install/ur5_ros2_gazebo/share/ur5_ros2_gazebo/models/Ar_tags_nr13/meshes/plate.blend
[1.519s] -- Symlinking: /home/duplicix/FRA532_LAB1_6366_6368/install/ur5_ros2_gazebo/share/ur5_ros2_gazebo/models/Ar_tags_nr13/model.config
[1.529s] -- Symlinking: /home/duplicix/FRA532_LAB1_6366_6368/install/ur5_ros2_gazebo/share/ur5_ros2_gazebo/models/Ar_tags_nr13/model.sdf
[1.537s] -- Symlinking: /home/duplicix/FRA532_LAB1_6366_6368/install/ur5_ros2_gazebo/share/ur5_ros2_gazebo/models/Ar_tags_nr2/materials/scripts/ar_tag.material
[1.546s] -- Symlinking: /home/duplicix/FRA532_LAB1_6366_6368/install/ur5_ros2_gazebo/share/ur5_ros2_gazebo/models/Ar_tags_nr2/materials/textures/MarkerData_10.png
[1.555s] -- Symlinking: /home/duplicix/FRA532_LAB1_6366_6368/install/ur5_ros2_gazebo/share/ur5_ros2_gazebo/models/Ar_tags_nr2/materials/textures/MarkerData_2.png
[1.564s] -- Symlinking: /home/duplicix/FRA532_LAB1_6366_6368/install/ur5_ros2_gazebo/share/ur5_ros2_gazebo/models/Ar_tags_nr2/materials/textures/qrcode.png
[1.574s] -- Symlinking: /home/duplicix/FRA532_LAB1_6366_6368/install/ur5_ros2_gazebo/share/ur5_ros2_gazebo/models/Ar_tags_nr2/materials/textures/qrcode1.png
[1.583s] -- Symlinking: /home/duplicix/FRA532_LAB1_6366_6368/install/ur5_ros2_gazebo/share/ur5_ros2_gazebo/models/Ar_tags_nr2/meshes/Ar_tag.dae
[1.592s] -- Symlinking: /home/duplicix/FRA532_LAB1_6366_6368/install/ur5_ros2_gazebo/share/ur5_ros2_gazebo/models/Ar_tags_nr2/meshes/Ar_tag_nr2.dae
[1.600s] -- Symlinking: /home/duplicix/FRA532_LAB1_6366_6368/install/ur5_ros2_gazebo/share/ur5_ros2_gazebo/models/Ar_tags_nr2/meshes/plate.blend
[1.609s] -- Symlinking: /home/duplicix/FRA532_LAB1_6366_6368/install/ur5_ros2_gazebo/share/ur5_ros2_gazebo/models/Ar_tags_nr2/model.config
[1.618s] -- Symlinking: /home/duplicix/FRA532_LAB1_6366_6368/install/ur5_ros2_gazebo/share/ur5_ros2_gazebo/models/Ar_tags_nr2/model.sdf
[1.627s] -- Symlinking: /home/duplicix/FRA532_LAB1_6366_6368/install/ur5_ros2_gazebo/share/ur5_ros2_gazebo/models/Ar_tags_nr8/materials/scripts/ar_tag.material
[1.635s] -- Symlinking: /home/duplicix/FRA532_LAB1_6366_6368/install/ur5_ros2_gazebo/share/ur5_ros2_gazebo/models/Ar_tags_nr8/materials/textures/MarkerData_8.png
[1.644s] -- Symlinking: /home/duplicix/FRA532_LAB1_6366_6368/install/ur5_ros2_gazebo/share/ur5_ros2_gazebo/models/Ar_tags_nr8/meshes/Ar_tag_nr8.dae
[1.654s] -- Symlinking: /home/duplicix/FRA532_LAB1_6366_6368/install/ur5_ros2_gazebo/share/ur5_ros2_gazebo/models/Ar_tags_nr8/meshes/plate.blend
[1.662s] -- Symlinking: /home/duplicix/FRA532_LAB1_6366_6368/install/ur5_ros2_gazebo/share/ur5_ros2_gazebo/models/Ar_tags_nr8/model.config
[1.670s] -- Symlinking: /home/duplicix/FRA532_LAB1_6366_6368/install/ur5_ros2_gazebo/share/ur5_ros2_gazebo/models/Ar_tags_nr8/model.sdf
[1.681s] -- Symlinking: /home/duplicix/FRA532_LAB1_6366_6368/install/ur5_ros2_gazebo/share/ur5_ros2_gazebo/models/Ar_tags_nr9/materials/scripts/ar_tag.material
[1.690s] -- Symlinking: /home/duplicix/FRA532_LAB1_6366_6368/install/ur5_ros2_gazebo/share/ur5_ros2_gazebo/models/Ar_tags_nr9/materials/textures/MarkerData_10.png
[1.699s] -- Symlinking: /home/duplicix/FRA532_LAB1_6366_6368/install/ur5_ros2_gazebo/share/ur5_ros2_gazebo/models/Ar_tags_nr9/materials/textures/MarkerData_2.png
[1.707s] -- Symlinking: /home/duplicix/FRA532_LAB1_6366_6368/install/ur5_ros2_gazebo/share/ur5_ros2_gazebo/models/Ar_tags_nr9/materials/textures/MarkerData_9.png
[1.717s] -- Symlinking: /home/duplicix/FRA532_LAB1_6366_6368/install/ur5_ros2_gazebo/share/ur5_ros2_gazebo/models/Ar_tags_nr9/materials/textures/qrcode.png
[1.726s] -- Symlinking: /home/duplicix/FRA532_LAB1_6366_6368/install/ur5_ros2_gazebo/share/ur5_ros2_gazebo/models/Ar_tags_nr9/materials/textures/qrcode1.png
[1.735s] -- Symlinking: /home/duplicix/FRA532_LAB1_6366_6368/install/ur5_ros2_gazebo/share/ur5_ros2_gazebo/models/Ar_tags_nr9/meshes/Ar_tag_nr2.dae
[1.745s] -- Symlinking: /home/duplicix/FRA532_LAB1_6366_6368/install/ur5_ros2_gazebo/share/ur5_ros2_gazebo/models/Ar_tags_nr9/meshes/Ar_tag_nr9.dae
[1.754s] -- Symlinking: /home/duplicix/FRA532_LAB1_6366_6368/install/ur5_ros2_gazebo/share/ur5_ros2_gazebo/models/Ar_tags_nr9/meshes/plate.blend
[1.763s] -- Symlinking: /home/duplicix/FRA532_LAB1_6366_6368/install/ur5_ros2_gazebo/share/ur5_ros2_gazebo/models/Ar_tags_nr9/model.config
[1.772s] -- Symlinking: /home/duplicix/FRA532_LAB1_6366_6368/install/ur5_ros2_gazebo/share/ur5_ros2_gazebo/models/Ar_tags_nr9/model.sdf
[1.783s] -- Symlinking: /home/duplicix/FRA532_LAB1_6366_6368/install/ur5_ros2_gazebo/share/ur5_ros2_gazebo/models/construction_cone/materials/textures/Construction_Cone_Diffuse.png
[1.792s] -- Symlinking: /home/duplicix/FRA532_LAB1_6366_6368/install/ur5_ros2_gazebo/share/ur5_ros2_gazebo/models/construction_cone/meshes/construction_cone.dae
[1.801s] -- Symlinking: /home/duplicix/FRA532_LAB1_6366_6368/install/ur5_ros2_gazebo/share/ur5_ros2_gazebo/models/construction_cone/model-1_3.sdf
[1.809s] -- Symlinking: /home/duplicix/FRA532_LAB1_6366_6368/install/ur5_ros2_gazebo/share/ur5_ros2_gazebo/models/construction_cone/model-1_4.sdf
[1.818s] -- Symlinking: /home/duplicix/FRA532_LAB1_6366_6368/install/ur5_ros2_gazebo/share/ur5_ros2_gazebo/models/construction_cone/model.config
[1.827s] -- Symlinking: /home/duplicix/FRA532_LAB1_6366_6368/install/ur5_ros2_gazebo/share/ur5_ros2_gazebo/models/construction_cone/model.sdf
[1.836s] -- Symlinking: /home/duplicix/FRA532_LAB1_6366_6368/install/ur5_ros2_gazebo/share/ur5_ros2_gazebo/models/docking_station/materials/scripts/door_3d.material
[1.846s] -- Symlinking: /home/duplicix/FRA532_LAB1_6366_6368/install/ur5_ros2_gazebo/share/ur5_ros2_gazebo/models/docking_station/materials/scripts/door_handle.material
[1.855s] -- Symlinking: /home/duplicix/FRA532_LAB1_6366_6368/install/ur5_ros2_gazebo/share/ur5_ros2_gazebo/models/docking_station/materials/textures/door_3d.jpg
[1.864s] -- Symlinking: /home/duplicix/FRA532_LAB1_6366_6368/install/ur5_ros2_gazebo/share/ur5_ros2_gazebo/models/docking_station/materials/textures/silver_door.jpg
[1.874s] -- Symlinking: /home/duplicix/FRA532_LAB1_6366_6368/install/ur5_ros2_gazebo/share/ur5_ros2_gazebo/models/docking_station/meshes/d1.dae
[1.884s] -- Symlinking: /home/duplicix/FRA532_LAB1_6366_6368/install/ur5_ros2_gazebo/share/ur5_ros2_gazebo/models/docking_station/meshes/d1.stl
[1.894s] -- Symlinking: /home/duplicix/FRA532_LAB1_6366_6368/install/ur5_ros2_gazebo/share/ur5_ros2_gazebo/models/docking_station/meshes/d1_back1.dae
[1.904s] -- Symlinking: /home/duplicix/FRA532_LAB1_6366_6368/install/ur5_ros2_gazebo/share/ur5_ros2_gazebo/models/docking_station/model.config
[1.913s] -- Symlinking: /home/duplicix/FRA532_LAB1_6366_6368/install/ur5_ros2_gazebo/share/ur5_ros2_gazebo/models/docking_station/model.sdf
[1.924s] -- Symlinking: /home/duplicix/FRA532_LAB1_6366_6368/install/ur5_ros2_gazebo/share/ur5_ros2_gazebo/models/door/materials/scripts/door.material
[1.934s] -- Symlinking: /home/duplicix/FRA532_LAB1_6366_6368/install/ur5_ros2_gazebo/share/ur5_ros2_gazebo/models/door/materials/textures/door.jpg
[1.944s] -- Symlinking: /home/duplicix/FRA532_LAB1_6366_6368/install/ur5_ros2_gazebo/share/ur5_ros2_gazebo/models/door/model.config
[1.955s] -- Symlinking: /home/duplicix/FRA532_LAB1_6366_6368/install/ur5_ros2_gazebo/share/ur5_ros2_gazebo/models/door/model.sdf
[1.963s] -- Symlinking: /home/duplicix/FRA532_LAB1_6366_6368/install/ur5_ros2_gazebo/share/ur5_ros2_gazebo/models/door_3d/materials/scripts/door_3d.material
[1.972s] -- Symlinking: /home/duplicix/FRA532_LAB1_6366_6368/install/ur5_ros2_gazebo/share/ur5_ros2_gazebo/models/door_3d/materials/scripts/door_handle.material
[1.981s] -- Symlinking: /home/duplicix/FRA532_LAB1_6366_6368/install/ur5_ros2_gazebo/share/ur5_ros2_gazebo/models/door_3d/materials/textures/door_3d.jpg
[1.989s] -- Symlinking: /home/duplicix/FRA532_LAB1_6366_6368/install/ur5_ros2_gazebo/share/ur5_ros2_gazebo/models/door_3d/materials/textures/silver_door.jpg
[1.998s] -- Symlinking: /home/duplicix/FRA532_LAB1_6366_6368/install/ur5_ros2_gazebo/share/ur5_ros2_gazebo/models/door_3d/meshes/door.dae
[2.007s] -- Symlinking: /home/duplicix/FRA532_LAB1_6366_6368/install/ur5_ros2_gazebo/share/ur5_ros2_gazebo/models/door_3d/meshes/door_v2.dae
[2.016s] -- Symlinking: /home/duplicix/FRA532_LAB1_6366_6368/install/ur5_ros2_gazebo/share/ur5_ros2_gazebo/models/door_3d/meshes/door_v2_door.dae
[2.025s] -- Symlinking: /home/duplicix/FRA532_LAB1_6366_6368/install/ur5_ros2_gazebo/share/ur5_ros2_gazebo/models/door_3d/meshes/door_v2_handle.dae
[2.035s] -- Symlinking: /home/duplicix/FRA532_LAB1_6366_6368/install/ur5_ros2_gazebo/share/ur5_ros2_gazebo/models/door_3d/meshes/model.dae
[2.043s] -- Symlinking: /home/duplicix/FRA532_LAB1_6366_6368/install/ur5_ros2_gazebo/share/ur5_ros2_gazebo/models/door_3d/model.config
[2.051s] -- Symlinking: /home/duplicix/FRA532_LAB1_6366_6368/install/ur5_ros2_gazebo/share/ur5_ros2_gazebo/models/door_3d/model.sdf
[2.059s] -- Symlinking: /home/duplicix/FRA532_LAB1_6366_6368/install/ur5_ros2_gazebo/share/ur5_ros2_gazebo/models/drc_practice_straight/model.config
[2.068s] -- Symlinking: /home/duplicix/FRA532_LAB1_6366_6368/install/ur5_ros2_gazebo/share/ur5_ros2_gazebo/models/drc_practice_straight/model.sdf
[2.077s] -- Symlinking: /home/duplicix/FRA532_LAB1_6366_6368/install/ur5_ros2_gazebo/share/ur5_ros2_gazebo/models/neobotix_ground_plane/materials/scripts/neobotix_ground_plane.material
[2.087s] -- Symlinking: /home/duplicix/FRA532_LAB1_6366_6368/install/ur5_ros2_gazebo/share/ur5_ros2_gazebo/models/neobotix_ground_plane/materials/textures/MyImage.jpg
[2.096s] -- Symlinking: /home/duplicix/FRA532_LAB1_6366_6368/install/ur5_ros2_gazebo/share/ur5_ros2_gazebo/models/neobotix_ground_plane/model.config
[2.105s] -- Symlinking: /home/duplicix/FRA532_LAB1_6366_6368/install/ur5_ros2_gazebo/share/ur5_ros2_gazebo/models/neobotix_ground_plane/model.sdf
[2.114s] -- Symlinking: /home/duplicix/FRA532_LAB1_6366_6368/install/ur5_ros2_gazebo/share/ur5_ros2_gazebo/models/neobotix_wall_stickers/materials/scripts/neobotix_ground_plane.material
[2.123s] -- Symlinking: /home/duplicix/FRA532_LAB1_6366_6368/install/ur5_ros2_gazebo/share/ur5_ros2_gazebo/models/neobotix_wall_stickers/materials/textures/MyImage.jpg
[2.131s] -- Symlinking: /home/duplicix/FRA532_LAB1_6366_6368/install/ur5_ros2_gazebo/share/ur5_ros2_gazebo/models/neobotix_wall_stickers/model.config
[2.139s] -- Symlinking: /home/duplicix/FRA532_LAB1_6366_6368/install/ur5_ros2_gazebo/share/ur5_ros2_gazebo/models/neobotix_wall_stickers/model.sdf
[2.147s] -- Symlinking: /home/duplicix/FRA532_LAB1_6366_6368/install/ur5_ros2_gazebo/share/ur5_ros2_gazebo/models/office_env/materials/scripts/wall.material
[2.155s] -- Symlinking: /home/duplicix/FRA532_LAB1_6366_6368/install/ur5_ros2_gazebo/share/ur5_ros2_gazebo/models/office_env/materials/textures/wall_color.jpg
[2.164s] -- Symlinking: /home/duplicix/FRA532_LAB1_6366_6368/install/ur5_ros2_gazebo/share/ur5_ros2_gazebo/models/office_env/model.config
[2.174s] -- Symlinking: /home/duplicix/FRA532_LAB1_6366_6368/install/ur5_ros2_gazebo/share/ur5_ros2_gazebo/models/office_env/model.sdf
[2.183s] -- Symlinking: /home/duplicix/FRA532_LAB1_6366_6368/install/ur5_ros2_gazebo/share/ur5_ros2_gazebo/models/office_env_w 1/materials/scripts/wall_white.material
[2.192s] -- Symlinking: /home/duplicix/FRA532_LAB1_6366_6368/install/ur5_ros2_gazebo/share/ur5_ros2_gazebo/models/office_env_w 1/materials/textures/wall_color_white.jpg
[2.201s] -- Symlinking: /home/duplicix/FRA532_LAB1_6366_6368/install/ur5_ros2_gazebo/share/ur5_ros2_gazebo/models/office_env_w 1/model.config
[2.211s] -- Symlinking: /home/duplicix/FRA532_LAB1_6366_6368/install/ur5_ros2_gazebo/share/ur5_ros2_gazebo/models/office_env_w 1/model.sdf
[2.220s] -- Symlinking: /home/duplicix/FRA532_LAB1_6366_6368/install/ur5_ros2_gazebo/share/ur5_ros2_gazebo/models/office_env_w 2/materials/scripts/wall_white.material
[2.228s] -- Symlinking: /home/duplicix/FRA532_LAB1_6366_6368/install/ur5_ros2_gazebo/share/ur5_ros2_gazebo/models/office_env_w 2/materials/textures/wall_color_white.jpg
[2.236s] -- Symlinking: /home/duplicix/FRA532_LAB1_6366_6368/install/ur5_ros2_gazebo/share/ur5_ros2_gazebo/models/office_env_w 2/model.config
[2.245s] -- Symlinking: /home/duplicix/FRA532_LAB1_6366_6368/install/ur5_ros2_gazebo/share/ur5_ros2_gazebo/models/office_env_w 2/model.sdf
[2.253s] -- Symlinking: /home/duplicix/FRA532_LAB1_6366_6368/install/ur5_ros2_gazebo/share/ur5_ros2_gazebo/models/office_env_w/materials/scripts/wall_white.material
[2.261s] -- Symlinking: /home/duplicix/FRA532_LAB1_6366_6368/install/ur5_ros2_gazebo/share/ur5_ros2_gazebo/models/office_env_w/materials/textures/wall_color_white.jpg
[2.269s] -- Symlinking: /home/duplicix/FRA532_LAB1_6366_6368/install/ur5_ros2_gazebo/share/ur5_ros2_gazebo/models/office_env_w/model.config
[2.278s] -- Symlinking: /home/duplicix/FRA532_LAB1_6366_6368/install/ur5_ros2_gazebo/share/ur5_ros2_gazebo/models/office_env_w/model.sdf
[2.286s] -- Symlinking: /home/duplicix/FRA532_LAB1_6366_6368/install/ur5_ros2_gazebo/share/ur5_ros2_gazebo/models/office_env_w_complete/materials/scripts/wall_white.material
[2.295s] -- Symlinking: /home/duplicix/FRA532_LAB1_6366_6368/install/ur5_ros2_gazebo/share/ur5_ros2_gazebo/models/office_env_w_complete/materials/textures/wall_color_white.jpg
[2.303s] -- Symlinking: /home/duplicix/FRA532_LAB1_6366_6368/install/ur5_ros2_gazebo/share/ur5_ros2_gazebo/models/office_env_w_complete/model.config
[2.312s] -- Symlinking: /home/duplicix/FRA532_LAB1_6366_6368/install/ur5_ros2_gazebo/share/ur5_ros2_gazebo/models/office_env_w_complete/model.sdf
[2.320s] -- Symlinking: /home/duplicix/FRA532_LAB1_6366_6368/install/ur5_ros2_gazebo/share/ur5_ros2_gazebo/models/office_small/materials/scripts/Floor.material
[2.329s] -- Symlinking: /home/duplicix/FRA532_LAB1_6366_6368/install/ur5_ros2_gazebo/share/ur5_ros2_gazebo/models/office_small/materials/scripts/wall_white.material
[2.338s] -- Symlinking: /home/duplicix/FRA532_LAB1_6366_6368/install/ur5_ros2_gazebo/share/ur5_ros2_gazebo/models/office_small/materials/textures/cl1.jpg
[2.347s] -- Symlinking: /home/duplicix/FRA532_LAB1_6366_6368/install/ur5_ros2_gazebo/share/ur5_ros2_gazebo/models/office_small/materials/textures/cl2.jpg
[2.355s] -- Symlinking: /home/duplicix/FRA532_LAB1_6366_6368/install/ur5_ros2_gazebo/share/ur5_ros2_gazebo/models/office_small/materials/textures/cl3.jpg
[2.364s] -- Symlinking: /home/duplicix/FRA532_LAB1_6366_6368/install/ur5_ros2_gazebo/share/ur5_ros2_gazebo/models/office_small/materials/textures/cl4.jpg
[2.372s] -- Symlinking: /home/duplicix/FRA532_LAB1_6366_6368/install/ur5_ros2_gazebo/share/ur5_ros2_gazebo/models/office_small/materials/textures/cl5.jpg
[2.380s] -- Symlinking: /home/duplicix/FRA532_LAB1_6366_6368/install/ur5_ros2_gazebo/share/ur5_ros2_gazebo/models/office_small/materials/textures/cl6.jpg
[2.388s] -- Symlinking: /home/duplicix/FRA532_LAB1_6366_6368/install/ur5_ros2_gazebo/share/ur5_ros2_gazebo/models/office_small/materials/textures/cp1.jpg
[2.397s] -- Symlinking: /home/duplicix/FRA532_LAB1_6366_6368/install/ur5_ros2_gazebo/share/ur5_ros2_gazebo/models/office_small/materials/textures/cp10.jpg
[2.406s] -- Symlinking: /home/duplicix/FRA532_LAB1_6366_6368/install/ur5_ros2_gazebo/share/ur5_ros2_gazebo/models/office_small/materials/textures/cp11.jpg
[2.416s] -- Symlinking: /home/duplicix/FRA532_LAB1_6366_6368/install/ur5_ros2_gazebo/share/ur5_ros2_gazebo/models/office_small/materials/textures/cp12.jpg
[2.425s] -- Symlinking: /home/duplicix/FRA532_LAB1_6366_6368/install/ur5_ros2_gazebo/share/ur5_ros2_gazebo/models/office_small/materials/textures/cp2.jpg
[2.433s] -- Symlinking: /home/duplicix/FRA532_LAB1_6366_6368/install/ur5_ros2_gazebo/share/ur5_ros2_gazebo/models/office_small/materials/textures/cp3.jpg
[2.442s] -- Symlinking: /home/duplicix/FRA532_LAB1_6366_6368/install/ur5_ros2_gazebo/share/ur5_ros2_gazebo/models/office_small/materials/textures/cp4.jpg
[2.450s] -- Symlinking: /home/duplicix/FRA532_LAB1_6366_6368/install/ur5_ros2_gazebo/share/ur5_ros2_gazebo/models/office_small/materials/textures/cp5.png
[2.459s] -- Symlinking: /home/duplicix/FRA532_LAB1_6366_6368/install/ur5_ros2_gazebo/share/ur5_ros2_gazebo/models/office_small/materials/textures/cp6.jpg
[2.467s] -- Symlinking: /home/duplicix/FRA532_LAB1_6366_6368/install/ur5_ros2_gazebo/share/ur5_ros2_gazebo/models/office_small/materials/textures/cp7.jpg
[2.475s] -- Symlinking: /home/duplicix/FRA532_LAB1_6366_6368/install/ur5_ros2_gazebo/share/ur5_ros2_gazebo/models/office_small/materials/textures/cp8.jpg
[2.484s] -- Symlinking: /home/duplicix/FRA532_LAB1_6366_6368/install/ur5_ros2_gazebo/share/ur5_ros2_gazebo/models/office_small/materials/textures/cp9.jpg
[2.493s] -- Symlinking: /home/duplicix/FRA532_LAB1_6366_6368/install/ur5_ros2_gazebo/share/ur5_ros2_gazebo/models/office_small/materials/textures/hd1.jpg
[2.501s] -- Symlinking: /home/duplicix/FRA532_LAB1_6366_6368/install/ur5_ros2_gazebo/share/ur5_ros2_gazebo/models/office_small/materials/textures/hd2.gif
[2.510s] -- Symlinking: /home/duplicix/FRA532_LAB1_6366_6368/install/ur5_ros2_gazebo/share/ur5_ros2_gazebo/models/office_small/materials/textures/hd3.jpg
[2.518s] -- Symlinking: /home/duplicix/FRA532_LAB1_6366_6368/install/ur5_ros2_gazebo/share/ur5_ros2_gazebo/models/office_small/materials/textures/hd4.jpg
[2.526s] -- Symlinking: /home/duplicix/FRA532_LAB1_6366_6368/install/ur5_ros2_gazebo/share/ur5_ros2_gazebo/models/office_small/materials/textures/hd5.jpg
[2.535s] -- Symlinking: /home/duplicix/FRA532_LAB1_6366_6368/install/ur5_ros2_gazebo/share/ur5_ros2_gazebo/models/office_small/materials/textures/hd6.png
[2.544s] -- Symlinking: /home/duplicix/FRA532_LAB1_6366_6368/install/ur5_ros2_gazebo/share/ur5_ros2_gazebo/models/office_small/materials/textures/hd7.jpg
[2.552s] -- Symlinking: /home/duplicix/FRA532_LAB1_6366_6368/install/ur5_ros2_gazebo/share/ur5_ros2_gazebo/models/office_small/materials/textures/hd8.jpg
[2.560s] -- Symlinking: /home/duplicix/FRA532_LAB1_6366_6368/install/ur5_ros2_gazebo/share/ur5_ros2_gazebo/models/office_small/materials/textures/wall_color_white.jpg
[2.568s] -- Symlinking: /home/duplicix/FRA532_LAB1_6366_6368/install/ur5_ros2_gazebo/share/ur5_ros2_gazebo/models/office_small/model.config
[2.577s] -- Symlinking: /home/duplicix/FRA532_LAB1_6366_6368/install/ur5_ros2_gazebo/share/ur5_ros2_gazebo/models/office_small/model.sdf
[2.585s] -- Symlinking: /home/duplicix/FRA532_LAB1_6366_6368/install/ur5_ros2_gazebo/share/ur5_ros2_gazebo/models/window/model.config
[2.593s] -- Symlinking: /home/duplicix/FRA532_LAB1_6366_6368/install/ur5_ros2_gazebo/share/ur5_ros2_gazebo/models/window/model.sdf
[2.602s] -- Symlinking: /home/duplicix/FRA532_LAB1_6366_6368/install/ur5_ros2_gazebo/share/ur5_ros2_gazebo/models/yellow_bin/meshes/green_cylinder.stl
[2.610s] -- Symlinking: /home/duplicix/FRA532_LAB1_6366_6368/install/ur5_ros2_gazebo/share/ur5_ros2_gazebo/models/yellow_bin/model.config
[2.619s] -- Symlinking: /home/duplicix/FRA532_LAB1_6366_6368/install/ur5_ros2_gazebo/share/ur5_ros2_gazebo/models/yellow_bin/model.sdf
[2.627s] -- Symlinking: /home/duplicix/FRA532_LAB1_6366_6368/install/ur5_ros2_gazebo/share/ament_index/resource_index/package_run_dependencies/ur5_ros2_gazebo
[2.635s] -- Symlinking: /home/duplicix/FRA532_LAB1_6366_6368/install/ur5_ros2_gazebo/share/ament_index/resource_index/parent_prefix_path/ur5_ros2_gazebo
[2.643s] -- Symlinking: /home/duplicix/FRA532_LAB1_6366_6368/install/ur5_ros2_gazebo/share/ur5_ros2_gazebo/environment/ament_prefix_path.sh
[2.652s] -- Symlinking: /home/duplicix/FRA532_LAB1_6366_6368/install/ur5_ros2_gazebo/share/ur5_ros2_gazebo/environment/ament_prefix_path.dsv
[2.660s] -- Symlinking: /home/duplicix/FRA532_LAB1_6366_6368/install/ur5_ros2_gazebo/share/ur5_ros2_gazebo/environment/path.sh
[2.668s] -- Symlinking: /home/duplicix/FRA532_LAB1_6366_6368/install/ur5_ros2_gazebo/share/ur5_ros2_gazebo/environment/path.dsv
[2.677s] -- Symlinking: /home/duplicix/FRA532_LAB1_6366_6368/install/ur5_ros2_gazebo/share/ur5_ros2_gazebo/local_setup.bash
[2.685s] -- Symlinking: /home/duplicix/FRA532_LAB1_6366_6368/install/ur5_ros2_gazebo/share/ur5_ros2_gazebo/local_setup.sh
[2.693s] -- Symlinking: /home/duplicix/FRA532_LAB1_6366_6368/install/ur5_ros2_gazebo/share/ur5_ros2_gazebo/local_setup.zsh
[2.702s] -- Symlinking: /home/duplicix/FRA532_LAB1_6366_6368/install/ur5_ros2_gazebo/share/ur5_ros2_gazebo/local_setup.dsv
[2.711s] -- Symlinking: /home/duplicix/FRA532_LAB1_6366_6368/install/ur5_ros2_gazebo/share/ur5_ros2_gazebo/package.dsv
[2.719s] -- Symlinking: /home/duplicix/FRA532_LAB1_6366_6368/install/ur5_ros2_gazebo/share/ament_index/resource_index/packages/ur5_ros2_gazebo
[2.727s] -- Symlinking: /home/duplicix/FRA532_LAB1_6366_6368/install/ur5_ros2_gazebo/share/ur5_ros2_gazebo/cmake/ur5_ros2_gazeboConfig.cmake
[2.736s] -- Symlinking: /home/duplicix/FRA532_LAB1_6366_6368/install/ur5_ros2_gazebo/share/ur5_ros2_gazebo/cmake/ur5_ros2_gazeboConfig-version.cmake
[2.744s] -- Symlinking: /home/duplicix/FRA532_LAB1_6366_6368/install/ur5_ros2_gazebo/share/ur5_ros2_gazebo/package.xml
[2.754s] Invoked command in '/home/duplicix/FRA532_LAB1_6366_6368/build/ur5_ros2_gazebo' returned '0': CMAKE_PREFIX_PATH=${CMAKE_PREFIX_PATH}:/opt/ros/humble /usr/bin/cmake --install /home/duplicix/FRA532_LAB1_6366_6368/build/ur5_ros2_gazebo
